[0.011s] Invoking command in '/home/ros/ros2_ws/build/my_cpp_pkg': CMAKE_PREFIX_PATH=${CMAKE_PREFIX_PATH}:/opt/ros/jazzy /usr/bin/cmake --build /home/ros/ros2_ws/build/my_cpp_pkg -- -j22 -l22
[0.058s] [ 33%] Built target cpp_node
[0.059s] [ 66%] Built target number_publisher_node
[0.061s] [ 83%] [32mBuilding CXX object CMakeFiles/number_counter_node.dir/src/numbercounter.cpp.o[0m
[1.638s] [01m[K/home/ros/ros2_ws/src/my_cpp_pkg/src/numbercounter.cpp:[m[K In constructor ‘[01m[KNumberCounterNode::[01;32m[KNumberCounterNode[m[K()[m[K’:
[1.638s] [01m[K/home/ros/ros2_ws/src/my_cpp_pkg/src/numbercounter.cpp:16:24:[m[K [01;31m[Kerror: [m[K‘[01m[KResetService[m[K’ has not been declared
[1.638s]    16 |             std::bind(&[01;31m[KResetService[m[K::EventResetCounter, this, std::placeholders::_1, std::placeholders::_2));
[1.638s]       |                        [01;31m[K^~~~~~~~~~~~[m[K
[1.640s] [01m[K/home/ros/ros2_ws/src/my_cpp_pkg/src/numbercounter.cpp:[m[K In member function ‘[01m[Kvoid NumberCounterNode::[01;32m[KEventRecievedCallBack[m[K(example_interfaces::msg::Int64_<std::allocator<void> >::SharedPtr)[m[K’:
[1.641s] [01m[K/home/ros/ros2_ws/src/my_cpp_pkg/src/numbercounter.cpp:25:80:[m[K [01;35m[Kwarning: [m[Kunused parameter ‘[01m[Km[m[K’ [[01;35m[K]8;;https://gcc.gnu.org/onlinedocs/gcc/Warning-Options.html#index-Wunused-parameter-Wunused-parameter]8;;[m[K]
[1.641s]    25 |     void EventRecievedCallBack([01;35m[Kconst example_interfaces::msg::Int64::SharedPtr m[m[K)
[1.641s]       |                                [01;35m[K~~~~~~~~~~~~~~~~~~~~~~~~~~~~~~~~~~~~~~~~~~~~~~~~^[m[K
[1.642s] [01m[K/home/ros/ros2_ws/src/my_cpp_pkg/src/numbercounter.cpp:[m[K In member function ‘[01m[Kvoid NumberCounterNode::[01;32m[KEventResetCounter[m[K(std::shared_ptr<example_interfaces::srv::SetBool_Request_<std::allocator<void> > >, std::shared_ptr<example_interfaces::srv::SetBool_Response_<std::allocator<void> > >)[m[K’:
[1.642s] [01m[K/home/ros/ros2_ws/src/my_cpp_pkg/src/numbercounter.cpp:37:10:[m[K [01;31m[Kerror: [m[Kexpected ‘[01m[K;[m[K’ before ‘[01m[Kif[m[K’
[1.642s]    37 |          [01;31m[Kif[m[K(request->data)
[1.642s]       |          [01;31m[K^~[m[K
[1.643s] [01m[K/home/ros/ros2_ws/src/my_cpp_pkg/src/numbercounter.cpp:34:75:[m[K [01;35m[Kwarning: [m[Kunused parameter ‘[01m[Kresponse[m[K’ [[01;35m[K]8;;https://gcc.gnu.org/onlinedocs/gcc/Warning-Options.html#index-Wunused-parameter-Wunused-parameter]8;;[m[K]
[1.643s]    34 |         [01;35m[Kconst std::shared_ptr<example_interfaces::srv::SetBool::Response> response[m[K)
[1.643s]       |         [01;35m[K~~~~~~~~~~~~~~~~~~~~~~~~~~~~~~~~~~~~~~~~~~~~~~~~~~~~~~~~~~~~~~~~~~^~~~~~~~[m[K
[3.278s] gmake[2]: *** [CMakeFiles/number_counter_node.dir/build.make:76: CMakeFiles/number_counter_node.dir/src/numbercounter.cpp.o] Error 1
[3.278s] gmake[1]: *** [CMakeFiles/Makefile2:193: CMakeFiles/number_counter_node.dir/all] Error 2
[3.278s] gmake: *** [Makefile:146: all] Error 2
[3.281s] Invoked command in '/home/ros/ros2_ws/build/my_cpp_pkg' returned '2': CMAKE_PREFIX_PATH=${CMAKE_PREFIX_PATH}:/opt/ros/jazzy /usr/bin/cmake --build /home/ros/ros2_ws/build/my_cpp_pkg -- -j22 -l22
