[0.013s] Invoking command in '/home/ros/ros2_ws/build/my_cpp_pkg': CMAKE_PREFIX_PATH=${CMAKE_PREFIX_PATH}:/opt/ros/jazzy /usr/bin/cmake /home/ros/ros2_ws/src/my_cpp_pkg -DCMAKE_INSTALL_PREFIX=/home/ros/ros2_ws/install/my_cpp_pkg
[0.268s] -- The C compiler identification is GNU 13.3.0
[0.744s] -- The CXX compiler identification is GNU 13.3.0
[1.097s] -- Detecting C compiler ABI info
[1.288s] -- Detecting C compiler ABI info - done
[1.294s] -- Check for working C compiler: /usr/bin/cc - skipped
[1.295s] -- Detecting C compile features
[1.296s] -- Detecting C compile features - done
[1.358s] -- Detecting CXX compiler ABI info
[1.551s] -- Detecting CXX compiler ABI info - done
[1.557s] -- Check for working CXX compiler: /usr/bin/c++ - skipped
[1.558s] -- Detecting CXX compile features
[1.558s] -- Detecting CXX compile features - done
[1.581s] -- Found ament_cmake: 2.5.4 (/opt/ros/jazzy/share/ament_cmake/cmake)
[1.701s] -- Found Python3: /usr/bin/python3 (found version "3.12.3") found components: Interpreter 
[1.813s] -- Found rclcpp: 28.1.12 (/opt/ros/jazzy/share/rclcpp/cmake)
[1.947s] -- Found rosidl_generator_c: 4.6.6 (/opt/ros/jazzy/share/rosidl_generator_c/cmake)
[1.962s] -- Found rosidl_generator_cpp: 4.6.6 (/opt/ros/jazzy/share/rosidl_generator_cpp/cmake)
[1.988s] -- Using all available rosidl_typesupport_c: rosidl_typesupport_fastrtps_c;rosidl_typesupport_introspection_c
[2.009s] -- Using all available rosidl_typesupport_cpp: rosidl_typesupport_fastrtps_cpp;rosidl_typesupport_introspection_cpp
[2.093s] -- Found rmw_implementation_cmake: 7.3.2 (/opt/ros/jazzy/share/rmw_implementation_cmake/cmake)
[2.097s] -- Found rmw_fastrtps_cpp: 8.4.3 (/opt/ros/jazzy/share/rmw_fastrtps_cpp/cmake)
[2.190s] -- Found OpenSSL: /usr/lib/x86_64-linux-gnu/libcrypto.so (found version "3.0.13")  
[2.329s] -- Found FastRTPS: /opt/ros/jazzy/include (Required is at least version "2.13") 
[2.395s] -- Using RMW implementation 'rmw_fastrtps_cpp' as default
[2.552s] -- Found ament_lint_auto: 0.17.3 (/opt/ros/jazzy/share/ament_lint_auto/cmake)
[2.646s] -- Added test 'lint_cmake' to check CMake code style
[2.648s] -- Added test 'xmllint' to check XML markup files
[2.650s] -- Configuring done (2.6s)
[2.655s] -- Generating done (0.0s)
[2.659s] -- Build files have been written to: /home/ros/ros2_ws/build/my_cpp_pkg
[2.666s] Invoked command in '/home/ros/ros2_ws/build/my_cpp_pkg' returned '0': CMAKE_PREFIX_PATH=${CMAKE_PREFIX_PATH}:/opt/ros/jazzy /usr/bin/cmake /home/ros/ros2_ws/src/my_cpp_pkg -DCMAKE_INSTALL_PREFIX=/home/ros/ros2_ws/install/my_cpp_pkg
[2.667s] Invoking command in '/home/ros/ros2_ws/build/my_cpp_pkg': CMAKE_PREFIX_PATH=${CMAKE_PREFIX_PATH}:/opt/ros/jazzy /usr/bin/cmake --build /home/ros/ros2_ws/build/my_cpp_pkg -- -j22 -l22
[2.698s] Invoked command in '/home/ros/ros2_ws/build/my_cpp_pkg' returned '0': CMAKE_PREFIX_PATH=${CMAKE_PREFIX_PATH}:/opt/ros/jazzy /usr/bin/cmake --build /home/ros/ros2_ws/build/my_cpp_pkg -- -j22 -l22
[2.707s] Invoking command in '/home/ros/ros2_ws/build/my_cpp_pkg': CMAKE_PREFIX_PATH=${CMAKE_PREFIX_PATH}:/opt/ros/jazzy /usr/bin/cmake --install /home/ros/ros2_ws/build/my_cpp_pkg
[2.712s] -- Install configuration: ""
[2.713s] -- Installing: /home/ros/ros2_ws/install/my_cpp_pkg/share/ament_index/resource_index/package_run_dependencies/my_cpp_pkg
[2.713s] -- Installing: /home/ros/ros2_ws/install/my_cpp_pkg/share/ament_index/resource_index/parent_prefix_path/my_cpp_pkg
[2.714s] -- Installing: /home/ros/ros2_ws/install/my_cpp_pkg/share/my_cpp_pkg/environment/ament_prefix_path.sh
[2.714s] -- Installing: /home/ros/ros2_ws/install/my_cpp_pkg/share/my_cpp_pkg/environment/ament_prefix_path.dsv
[2.714s] -- Installing: /home/ros/ros2_ws/install/my_cpp_pkg/share/my_cpp_pkg/environment/path.sh
[2.714s] -- Installing: /home/ros/ros2_ws/install/my_cpp_pkg/share/my_cpp_pkg/environment/path.dsv
[2.715s] -- Installing: /home/ros/ros2_ws/install/my_cpp_pkg/share/my_cpp_pkg/local_setup.bash
[2.715s] -- Installing: /home/ros/ros2_ws/install/my_cpp_pkg/share/my_cpp_pkg/local_setup.sh
[2.715s] -- Installing: /home/ros/ros2_ws/install/my_cpp_pkg/share/my_cpp_pkg/local_setup.zsh
[2.715s] -- Installing: /home/ros/ros2_ws/install/my_cpp_pkg/share/my_cpp_pkg/local_setup.dsv
[2.715s] -- Installing: /home/ros/ros2_ws/install/my_cpp_pkg/share/my_cpp_pkg/package.dsv
[2.716s] -- Installing: /home/ros/ros2_ws/install/my_cpp_pkg/share/ament_index/resource_index/packages/my_cpp_pkg
[2.716s] -- Installing: /home/ros/ros2_ws/install/my_cpp_pkg/share/my_cpp_pkg/cmake/my_cpp_pkgConfig.cmake
[2.716s] -- Installing: /home/ros/ros2_ws/install/my_cpp_pkg/share/my_cpp_pkg/cmake/my_cpp_pkgConfig-version.cmake
[2.716s] -- Installing: /home/ros/ros2_ws/install/my_cpp_pkg/share/my_cpp_pkg/package.xml
[2.718s] Invoked command in '/home/ros/ros2_ws/build/my_cpp_pkg' returned '0': CMAKE_PREFIX_PATH=${CMAKE_PREFIX_PATH}:/opt/ros/jazzy /usr/bin/cmake --install /home/ros/ros2_ws/build/my_cpp_pkg
