[6.591s] DEBUG:colcon:Command line arguments: ['/usr/bin/colcon', 'build', '--packages-select', 'turtle_save_pkg']
[6.591s] DEBUG:colcon:Parsed command line arguments: Namespace(log_base=None, log_level=None, verb_name='build', build_base='build', install_base='install', merge_install=False, symlink_install=False, test_result_base=None, continue_on_error=False, executor='parallel', parallel_workers=22, event_handlers=None, ignore_user_meta=False, metas=['./colcon.meta'], base_paths=['.'], packages_ignore=None, packages_ignore_regex=None, paths=None, packages_up_to=None, packages_up_to_regex=None, packages_above=None, packages_above_and_dependencies=None, packages_above_depth=None, packages_select_by_dep=None, packages_skip_by_dep=None, packages_skip_up_to=None, packages_select_build_failed=False, packages_skip_build_finished=False, packages_select_test_failures=False, packages_skip_test_passed=False, packages_select=['turtle_save_pkg'], packages_skip=None, packages_select_regex=None, packages_skip_regex=None, packages_start=None, packages_end=None, allow_overriding=[], cmake_args=None, cmake_target=None, cmake_target_skip_unavailable=False, cmake_clean_cache=False, cmake_clean_first=False, cmake_force_configure=False, ament_cmake_args=None, catkin_cmake_args=None, catkin_skip_building_tests=False, mixin_files=None, mixin=None, verb_parser=<colcon_mixin.mixin.mixin_argument.MixinArgumentDecorator object at 0x74ead6050e00>, verb_extension=<colcon_core.verb.build.BuildVerb object at 0x74ead61df890>, main=<bound method BuildVerb.main of <colcon_core.verb.build.BuildVerb object at 0x74ead61df890>>, mixin_verb=('build',))
[6.621s] Level 1:colcon.colcon_core.package_discovery:discover_packages(colcon_meta) check parameters
[6.621s] Level 1:colcon.colcon_core.package_discovery:discover_packages(recursive) check parameters
[6.621s] Level 1:colcon.colcon_core.package_discovery:discover_packages(ignore) check parameters
[6.621s] Level 1:colcon.colcon_core.package_discovery:discover_packages(path) check parameters
[6.621s] Level 1:colcon.colcon_core.package_discovery:discover_packages(colcon_meta) discover
[6.622s] Level 1:colcon.colcon_core.package_discovery:discover_packages(recursive) discover
[6.622s] INFO:colcon.colcon_core.package_discovery:Crawling recursively for packages in '/home/ros/ros2_ws'
[6.622s] Level 1:colcon.colcon_core.package_identification:_identify(.) by extensions ['ignore', 'ignore_ament_install']
[6.622s] Level 1:colcon.colcon_core.package_identification:_identify(.) by extension 'ignore'
[6.622s] Level 1:colcon.colcon_core.package_identification:_identify(.) by extension 'ignore_ament_install'
[6.622s] Level 1:colcon.colcon_core.package_identification:_identify(.) by extensions ['colcon_pkg']
[6.622s] Level 1:colcon.colcon_core.package_identification:_identify(.) by extension 'colcon_pkg'
[6.622s] Level 1:colcon.colcon_core.package_identification:_identify(.) by extensions ['colcon_meta']
[6.622s] Level 1:colcon.colcon_core.package_identification:_identify(.) by extension 'colcon_meta'
[6.622s] Level 1:colcon.colcon_core.package_identification:_identify(.) by extensions ['ros']
[6.622s] Level 1:colcon.colcon_core.package_identification:_identify(.) by extension 'ros'
[6.640s] Level 1:colcon.colcon_core.package_identification:_identify(.) by extensions ['cmake', 'python']
[6.640s] Level 1:colcon.colcon_core.package_identification:_identify(.) by extension 'cmake'
[6.641s] Level 1:colcon.colcon_core.package_identification:_identify(.) by extension 'python'
[6.641s] Level 1:colcon.colcon_core.package_identification:_identify(.) by extensions ['python_setup_py']
[6.641s] Level 1:colcon.colcon_core.package_identification:_identify(.) by extension 'python_setup_py'
[6.641s] Level 1:colcon.colcon_core.package_identification:_identify(build) by extensions ['ignore', 'ignore_ament_install']
[6.641s] Level 1:colcon.colcon_core.package_identification:_identify(build) by extension 'ignore'
[6.641s] Level 1:colcon.colcon_core.package_identification:_identify(build) ignored
[6.641s] Level 1:colcon.colcon_core.package_identification:_identify(install) by extensions ['ignore', 'ignore_ament_install']
[6.641s] Level 1:colcon.colcon_core.package_identification:_identify(install) by extension 'ignore'
[6.641s] Level 1:colcon.colcon_core.package_identification:_identify(install) ignored
[6.641s] Level 1:colcon.colcon_core.package_identification:_identify(log) by extensions ['ignore', 'ignore_ament_install']
[6.641s] Level 1:colcon.colcon_core.package_identification:_identify(log) by extension 'ignore'
[6.641s] Level 1:colcon.colcon_core.package_identification:_identify(log) ignored
[6.641s] Level 1:colcon.colcon_core.package_identification:_identify(src) by extensions ['ignore', 'ignore_ament_install']
[6.641s] Level 1:colcon.colcon_core.package_identification:_identify(src) by extension 'ignore'
[6.641s] Level 1:colcon.colcon_core.package_identification:_identify(src) by extension 'ignore_ament_install'
[6.641s] Level 1:colcon.colcon_core.package_identification:_identify(src) by extensions ['colcon_pkg']
[6.641s] Level 1:colcon.colcon_core.package_identification:_identify(src) by extension 'colcon_pkg'
[6.641s] Level 1:colcon.colcon_core.package_identification:_identify(src) by extensions ['colcon_meta']
[6.641s] Level 1:colcon.colcon_core.package_identification:_identify(src) by extension 'colcon_meta'
[6.641s] Level 1:colcon.colcon_core.package_identification:_identify(src) by extensions ['ros']
[6.641s] Level 1:colcon.colcon_core.package_identification:_identify(src) by extension 'ros'
[6.641s] Level 1:colcon.colcon_core.package_identification:_identify(src) by extensions ['cmake', 'python']
[6.641s] Level 1:colcon.colcon_core.package_identification:_identify(src) by extension 'cmake'
[6.641s] Level 1:colcon.colcon_core.package_identification:_identify(src) by extension 'python'
[6.641s] Level 1:colcon.colcon_core.package_identification:_identify(src) by extensions ['python_setup_py']
[6.641s] Level 1:colcon.colcon_core.package_identification:_identify(src) by extension 'python_setup_py'
[6.642s] Level 1:colcon.colcon_core.package_identification:_identify(src/my_cpp_pkg) by extensions ['ignore', 'ignore_ament_install']
[6.642s] Level 1:colcon.colcon_core.package_identification:_identify(src/my_cpp_pkg) by extension 'ignore'
[6.642s] Level 1:colcon.colcon_core.package_identification:_identify(src/my_cpp_pkg) by extension 'ignore_ament_install'
[6.642s] Level 1:colcon.colcon_core.package_identification:_identify(src/my_cpp_pkg) by extensions ['colcon_pkg']
[6.642s] Level 1:colcon.colcon_core.package_identification:_identify(src/my_cpp_pkg) by extension 'colcon_pkg'
[6.642s] Level 1:colcon.colcon_core.package_identification:_identify(src/my_cpp_pkg) by extensions ['colcon_meta']
[6.642s] Level 1:colcon.colcon_core.package_identification:_identify(src/my_cpp_pkg) by extension 'colcon_meta'
[6.642s] Level 1:colcon.colcon_core.package_identification:_identify(src/my_cpp_pkg) by extensions ['ros']
[6.642s] Level 1:colcon.colcon_core.package_identification:_identify(src/my_cpp_pkg) by extension 'ros'
[6.643s] DEBUG:colcon.colcon_core.package_identification:Package 'src/my_cpp_pkg' with type 'ros.ament_cmake' and name 'my_cpp_pkg'
[6.644s] Level 1:colcon.colcon_core.package_identification:_identify(src/my_robot_interfaces) by extensions ['ignore', 'ignore_ament_install']
[6.644s] Level 1:colcon.colcon_core.package_identification:_identify(src/my_robot_interfaces) by extension 'ignore'
[6.644s] Level 1:colcon.colcon_core.package_identification:_identify(src/my_robot_interfaces) by extension 'ignore_ament_install'
[6.644s] Level 1:colcon.colcon_core.package_identification:_identify(src/my_robot_interfaces) by extensions ['colcon_pkg']
[6.644s] Level 1:colcon.colcon_core.package_identification:_identify(src/my_robot_interfaces) by extension 'colcon_pkg'
[6.644s] Level 1:colcon.colcon_core.package_identification:_identify(src/my_robot_interfaces) by extensions ['colcon_meta']
[6.644s] Level 1:colcon.colcon_core.package_identification:_identify(src/my_robot_interfaces) by extension 'colcon_meta'
[6.644s] Level 1:colcon.colcon_core.package_identification:_identify(src/my_robot_interfaces) by extensions ['ros']
[6.644s] Level 1:colcon.colcon_core.package_identification:_identify(src/my_robot_interfaces) by extension 'ros'
[6.644s] DEBUG:colcon.colcon_core.package_identification:Package 'src/my_robot_interfaces' with type 'ros.ament_cmake' and name 'my_robot_interfaces'
[6.644s] Level 1:colcon.colcon_core.package_identification:_identify(src/turtle_save_pkg) by extensions ['ignore', 'ignore_ament_install']
[6.644s] Level 1:colcon.colcon_core.package_identification:_identify(src/turtle_save_pkg) by extension 'ignore'
[6.644s] Level 1:colcon.colcon_core.package_identification:_identify(src/turtle_save_pkg) by extension 'ignore_ament_install'
[6.644s] Level 1:colcon.colcon_core.package_identification:_identify(src/turtle_save_pkg) by extensions ['colcon_pkg']
[6.644s] Level 1:colcon.colcon_core.package_identification:_identify(src/turtle_save_pkg) by extension 'colcon_pkg'
[6.644s] Level 1:colcon.colcon_core.package_identification:_identify(src/turtle_save_pkg) by extensions ['colcon_meta']
[6.644s] Level 1:colcon.colcon_core.package_identification:_identify(src/turtle_save_pkg) by extension 'colcon_meta'
[6.644s] Level 1:colcon.colcon_core.package_identification:_identify(src/turtle_save_pkg) by extensions ['ros']
[6.644s] Level 1:colcon.colcon_core.package_identification:_identify(src/turtle_save_pkg) by extension 'ros'
[6.645s] DEBUG:colcon.colcon_core.package_identification:Package 'src/turtle_save_pkg' with type 'ros.ament_cmake' and name 'turtle_save_pkg'
[6.645s] Level 1:colcon.colcon_core.package_discovery:discover_packages(recursive) using defaults
[6.645s] Level 1:colcon.colcon_core.package_discovery:discover_packages(ignore) discover
[6.645s] Level 1:colcon.colcon_core.package_discovery:discover_packages(ignore) using defaults
[6.645s] Level 1:colcon.colcon_core.package_discovery:discover_packages(path) discover
[6.645s] Level 1:colcon.colcon_core.package_discovery:discover_packages(path) using defaults
[6.658s] INFO:colcon.colcon_core.package_selection:Skipping not selected package 'my_cpp_pkg' in 'src/my_cpp_pkg'
[6.658s] INFO:colcon.colcon_core.package_selection:Skipping not selected package 'my_robot_interfaces' in 'src/my_robot_interfaces'
[6.659s] Level 1:colcon.colcon_core.package_discovery:discover_packages(prefix_path) check parameters
[6.659s] Level 1:colcon.colcon_core.package_discovery:discover_packages(prefix_path) discover
[6.660s] DEBUG:colcon.colcon_installed_package_information.package_discovery:Found 3 installed packages in /home/ros/ros2_ws/install
[6.661s] DEBUG:colcon.colcon_installed_package_information.package_discovery:Found 285 installed packages in /opt/ros/jazzy
[6.661s] Level 1:colcon.colcon_core.package_discovery:discover_packages(prefix_path) using defaults
[6.686s] Level 5:colcon.colcon_core.verb:set package 'turtle_save_pkg' build argument 'cmake_args' from command line to 'None'
[6.687s] Level 5:colcon.colcon_core.verb:set package 'turtle_save_pkg' build argument 'cmake_target' from command line to 'None'
[6.687s] Level 5:colcon.colcon_core.verb:set package 'turtle_save_pkg' build argument 'cmake_target_skip_unavailable' from command line to 'False'
[6.687s] Level 5:colcon.colcon_core.verb:set package 'turtle_save_pkg' build argument 'cmake_clean_cache' from command line to 'False'
[6.687s] Level 5:colcon.colcon_core.verb:set package 'turtle_save_pkg' build argument 'cmake_clean_first' from command line to 'False'
[6.687s] Level 5:colcon.colcon_core.verb:set package 'turtle_save_pkg' build argument 'cmake_force_configure' from command line to 'False'
[6.687s] Level 5:colcon.colcon_core.verb:set package 'turtle_save_pkg' build argument 'ament_cmake_args' from command line to 'None'
[6.687s] Level 5:colcon.colcon_core.verb:set package 'turtle_save_pkg' build argument 'catkin_cmake_args' from command line to 'None'
[6.687s] Level 5:colcon.colcon_core.verb:set package 'turtle_save_pkg' build argument 'catkin_skip_building_tests' from command line to 'False'
[6.687s] DEBUG:colcon.colcon_core.verb:Building package 'turtle_save_pkg' with the following arguments: {'ament_cmake_args': None, 'build_base': '/home/ros/ros2_ws/build/turtle_save_pkg', 'catkin_cmake_args': None, 'catkin_skip_building_tests': False, 'cmake_args': None, 'cmake_clean_cache': False, 'cmake_clean_first': False, 'cmake_force_configure': False, 'cmake_target': None, 'cmake_target_skip_unavailable': False, 'install_base': '/home/ros/ros2_ws/install/turtle_save_pkg', 'merge_install': False, 'path': '/home/ros/ros2_ws/src/turtle_save_pkg', 'symlink_install': False, 'test_result_base': None}
[6.687s] INFO:colcon.colcon_core.executor:Executing jobs using 'parallel' executor
[6.688s] DEBUG:colcon.colcon_parallel_executor.executor.parallel:run_until_complete
[6.689s] INFO:colcon.colcon_ros.task.ament_cmake.build:Building ROS package in '/home/ros/ros2_ws/src/turtle_save_pkg' with build type 'ament_cmake'
[6.689s] INFO:colcon.colcon_cmake.task.cmake.build:Building CMake package in '/home/ros/ros2_ws/src/turtle_save_pkg'
[6.690s] INFO:colcon.colcon_core.plugin_system:Skipping extension 'colcon_core.shell.bat': Not used on non-Windows systems
[6.690s] INFO:colcon.colcon_core.shell:Skip shell extension 'powershell' for command environment: Not usable outside of PowerShell
[6.690s] DEBUG:colcon.colcon_core.shell:Skip shell extension 'dsv' for command environment
[6.697s] DEBUG:colcon.colcon_core.event_handler.log_command:Invoking command in '/home/ros/ros2_ws/build/turtle_save_pkg': CMAKE_PREFIX_PATH=${CMAKE_PREFIX_PATH}:/opt/ros/jazzy /usr/bin/cmake --build /home/ros/ros2_ws/build/turtle_save_pkg -- -j22 -l22
[2.428s] DEBUG:colcon.colcon_core.event_handler.log_command:Invoked command in '/home/ros/ros2_ws/build/turtle_save_pkg' returned '2': CMAKE_PREFIX_PATH=${CMAKE_PREFIX_PATH}:/opt/ros/jazzy /usr/bin/cmake --build /home/ros/ros2_ws/build/turtle_save_pkg -- -j22 -l22
[2.429s] Level 1:colcon.colcon_core.environment:create_environment_scripts_only(turtle_save_pkg)
[2.431s] Level 1:colcon.colcon_core.environment:checking '/home/ros/ros2_ws/install/turtle_save_pkg' for CMake module files
[2.431s] Level 1:colcon.colcon_core.environment:checking '/home/ros/ros2_ws/install/turtle_save_pkg' for CMake config files
[2.431s] Level 1:colcon.colcon_core.shell:create_environment_hook('turtle_save_pkg', 'cmake_prefix_path')
[2.431s] INFO:colcon.colcon_core.shell:Creating environment hook '/home/ros/ros2_ws/install/turtle_save_pkg/share/turtle_save_pkg/hook/cmake_prefix_path.ps1'
[2.432s] INFO:colcon.colcon_core.shell:Creating environment descriptor '/home/ros/ros2_ws/install/turtle_save_pkg/share/turtle_save_pkg/hook/cmake_prefix_path.dsv'
[2.432s] INFO:colcon.colcon_core.shell:Creating environment hook '/home/ros/ros2_ws/install/turtle_save_pkg/share/turtle_save_pkg/hook/cmake_prefix_path.sh'
[2.433s] Level 1:colcon.colcon_core.environment:checking '/home/ros/ros2_ws/install/turtle_save_pkg/lib'
[2.433s] Level 1:colcon.colcon_core.environment:checking '/home/ros/ros2_ws/install/turtle_save_pkg/bin'
[2.433s] Level 1:colcon.colcon_core.environment:checking '/home/ros/ros2_ws/install/turtle_save_pkg/lib/pkgconfig/turtle_save_pkg.pc'
[2.433s] Level 1:colcon.colcon_core.environment:checking '/home/ros/ros2_ws/install/turtle_save_pkg/lib/python3.12/site-packages'
[2.433s] Level 1:colcon.colcon_core.environment:checking '/home/ros/ros2_ws/install/turtle_save_pkg/bin'
[2.433s] INFO:colcon.colcon_core.shell:Creating package script '/home/ros/ros2_ws/install/turtle_save_pkg/share/turtle_save_pkg/package.ps1'
[2.434s] INFO:colcon.colcon_core.shell:Creating package descriptor '/home/ros/ros2_ws/install/turtle_save_pkg/share/turtle_save_pkg/package.dsv'
[2.434s] INFO:colcon.colcon_core.shell:Creating package script '/home/ros/ros2_ws/install/turtle_save_pkg/share/turtle_save_pkg/package.sh'
[2.435s] INFO:colcon.colcon_core.shell:Creating package script '/home/ros/ros2_ws/install/turtle_save_pkg/share/turtle_save_pkg/package.bash'
[2.435s] INFO:colcon.colcon_core.shell:Creating package script '/home/ros/ros2_ws/install/turtle_save_pkg/share/turtle_save_pkg/package.zsh'
[2.436s] Level 1:colcon.colcon_core.environment:create_file_with_runtime_dependencies(/home/ros/ros2_ws/install/turtle_save_pkg/share/colcon-core/packages/turtle_save_pkg)
[2.446s] DEBUG:colcon.colcon_parallel_executor.executor.parallel:closing loop
[2.446s] DEBUG:colcon.colcon_parallel_executor.executor.parallel:loop closed
[2.447s] DEBUG:colcon.colcon_parallel_executor.executor.parallel:run_until_complete finished with '2'
[2.447s] DEBUG:colcon.colcon_core.event_reactor:joining thread
[2.485s] INFO:colcon.colcon_core.plugin_system:Skipping extension 'colcon_notification.desktop_notification.notify_send': Could not find 'notify-send'
[2.486s] INFO:colcon.colcon_core.plugin_system:Skipping extension 'colcon_notification.desktop_notification.terminal_notifier': Not used on non-Darwin systems
[2.486s] INFO:colcon.colcon_core.plugin_system:Skipping extension 'colcon_notification.desktop_notification.win32': Not used on non-Windows systems
[2.486s] INFO:colcon.colcon_notification.desktop_notification:Sending desktop notification using 'notify2'
[2.487s] DEBUG:colcon.colcon_notification.desktop_notification.notify2:Failed to initialize notify2: org.freedesktop.DBus.Error.ServiceUnknown: The name org.freedesktop.Notifications was not provided by any .service files
[2.487s] DEBUG:colcon.colcon_core.event_reactor:joined thread
[2.487s] INFO:colcon.colcon_core.shell:Creating prefix script '/home/ros/ros2_ws/install/local_setup.ps1'
[2.488s] INFO:colcon.colcon_core.shell:Creating prefix util module '/home/ros/ros2_ws/install/_local_setup_util_ps1.py'
[2.489s] INFO:colcon.colcon_core.shell:Creating prefix chain script '/home/ros/ros2_ws/install/setup.ps1'
[2.490s] INFO:colcon.colcon_core.shell:Creating prefix script '/home/ros/ros2_ws/install/local_setup.sh'
[2.490s] INFO:colcon.colcon_core.shell:Creating prefix util module '/home/ros/ros2_ws/install/_local_setup_util_sh.py'
[2.490s] INFO:colcon.colcon_core.shell:Creating prefix chain script '/home/ros/ros2_ws/install/setup.sh'
[2.491s] INFO:colcon.colcon_core.shell:Creating prefix script '/home/ros/ros2_ws/install/local_setup.bash'
[2.491s] INFO:colcon.colcon_core.shell:Creating prefix chain script '/home/ros/ros2_ws/install/setup.bash'
[2.492s] INFO:colcon.colcon_core.shell:Creating prefix script '/home/ros/ros2_ws/install/local_setup.zsh'
[2.492s] INFO:colcon.colcon_core.shell:Creating prefix chain script '/home/ros/ros2_ws/install/setup.zsh'
