[01m[K/home/ros/ros2_ws/src/my_cpp_pkg/src/numbercounter.cpp:[m[K In constructor ‘[01m[KNumberCounterNode::[01;32m[KNumberCounterNode[m[K()[m[K’:
[01m[K/home/ros/ros2_ws/src/my_cpp_pkg/src/numbercounter.cpp:9:53:[m[K [01;31m[Kerror: [m[Kclass ‘[01m[KNumberCounterNode[m[K’ does not have any field named ‘[01m[Kcount[m[K’
    9 |     NumberCounterNode() : Node("number_publisher"), [01;31m[Kcount[m[K(0)
      |                                                     [01;31m[K^~~~~[m[K
[01m[K/home/ros/ros2_ws/src/my_cpp_pkg/src/numbercounter.cpp:13:29:[m[K [01;31m[Kerror: [m[K‘[01m[Kclass NumberCounterNode[m[K’ has no member named ‘[01m[Kcreaete_subscription[m[K’; did you mean ‘[01m[Kcreate_subscription[m[K’?
   13 |         subscriber_ = this->[01;31m[Kcreaete_subscription[m[K<example_interfaces::msg::Int64>("number", 10, std::bind(&NumberCounterNode::EventRecievedCallBack, this, _1));
      |                             [01;31m[K^~~~~~~~~~~~~~~~~~~~[m[K
      |                             [32m[Kcreate_subscription[m[K
[01m[K/home/ros/ros2_ws/src/my_cpp_pkg/src/numbercounter.cpp:13:80:[m[K [01;31m[Kerror: [m[Kexpected primary-expression before ‘[01m[K>[m[K’ token
   13 |         subscriber_ = this->creaete_subscription<example_interfaces::msg::Int64[01;31m[K>[m[K("number", 10, std::bind(&NumberCounterNode::EventRecievedCallBack, this, _1));
      |                                                                                [01;31m[K^[m[K
[01m[K/home/ros/ros2_ws/src/my_cpp_pkg/src/numbercounter.cpp:13:82:[m[K [01;35m[Kwarning: [m[Kleft operand of comma operator has no effect [[01;35m[K]8;;https://gcc.gnu.org/onlinedocs/gcc/Warning-Options.html#index-Wunused-value-Wunused-value]8;;[m[K]
   13 |         subscriber_ = this->creaete_subscription<example_interfaces::msg::Int64>([01;35m[K"number"[m[K, 10, std::bind(&NumberCounterNode::EventRecievedCallBack, this, _1));
      |                                                                                  [01;35m[K^~~~~~~~[m[K
[01m[K/home/ros/ros2_ws/src/my_cpp_pkg/src/numbercounter.cpp:13:157:[m[K [01;35m[Kwarning: [m[Kright operand of comma operator has no effect [[01;35m[K]8;;https://gcc.gnu.org/onlinedocs/gcc/Warning-Options.html#index-Wunused-value-Wunused-value]8;;[m[K]
   13 |         subscriber_ = this->creaete_subscription<example_interfaces::msg::Int64>("number", 10, std::bind(&NumberCounterNode::EventRecievedCallBack, this, _1[01;35m[K)[m[K);
      |                                                                                                                                                             [01;35m[K^[m[K
gmake[2]: *** [CMakeFiles/number_counter_node.dir/build.make:76: CMakeFiles/number_counter_node.dir/src/numbercounter.cpp.o] Error 1
gmake[1]: *** [CMakeFiles/Makefile2:193: CMakeFiles/number_counter_node.dir/all] Error 2
gmake: *** [Makefile:146: all] Error 2
