[01m[K/home/ros/ros2_ws/src/turtle_save_pkg/src/turtlespawnnode.cpp:[m[K In constructor ‘[01m[KTurtlePosInfo::[01;32m[KTurtlePosInfo[m[K(float, float, float, std::string)[m[K’:
[01m[K/home/ros/ros2_ws/src/turtle_save_pkg/src/turtlespawnnode.cpp:11:92:[m[K [01;31m[Kerror: [m[K‘[01m[K_theta[m[K’ was not declared in this scope; did you mean ‘[01m[Ktheta[m[K’?
   11 |     TurtlePosInfo(float _x, float _y, float theta, std::string _name): x(_x), y(_y), theta([01;31m[K_theta[m[K), name(_name)
      |                                                                                            [01;31m[K^~~~~~[m[K
      |                                                                                            [32m[Ktheta[m[K
[01m[K/home/ros/ros2_ws/src/turtle_save_pkg/src/turtlespawnnode.cpp:11:45:[m[K [01;35m[Kwarning: [m[Kunused parameter ‘[01m[Ktheta[m[K’ [[01;35m[K]8;;https://gcc.gnu.org/onlinedocs/gcc/Warning-Options.html#index-Wunused-parameter-Wunused-parameter]8;;[m[K]
   11 |     TurtlePosInfo(float _x, float _y, [01;35m[Kfloat theta[m[K, std::string _name): x(_x), y(_y), theta(_theta), name(_name)
      |                                       [01;35m[K~~~~~~^~~~~[m[K
[01m[K/home/ros/ros2_ws/src/turtle_save_pkg/src/turtlespawnnode.cpp:[m[K In member function ‘[01m[Kvoid TurtleSpawnNode::[01;32m[KspawnCompleteCallBack[m[K(rclcpp::Client<turtlesim::srv::Spawn>::SharedFuture)[m[K’:
[01m[K/home/ros/ros2_ws/src/turtle_save_pkg/src/turtlespawnnode.cpp:78:34:[m[K [01;31m[Kerror: [m[Kno matching function for call to ‘[01m[Kstd::vector<custom_interfaces::srv::TargetTurtleInfo>::push_back(TurtlePosInfo&)[m[K’
   78 |             [01;31m[KturtleQueue.push_back(t)[m[K;
      |             [01;31m[K~~~~~~~~~~~~~~~~~~~~~^~~[m[K
In file included from [01m[K/usr/include/c++/13/vector:66[m[K,
                 from [01m[K/opt/ros/jazzy/include/rclcpp/rclcpp/copy_all_parameter_values.hpp:19[m[K,
                 from [01m[K/opt/ros/jazzy/include/rclcpp/rclcpp/rclcpp.hpp:171[m[K,
                 from [01m[K/home/ros/ros2_ws/src/turtle_save_pkg/src/turtlespawnnode.cpp:1[m[K:
[01m[K/usr/include/c++/13/bits/stl_vector.h:1281:7:[m[K [01;36m[Knote: [m[Kcandidate: ‘[01m[Kvoid std::vector<_Tp, _Alloc>::[01;32m[Kpush_back[m[K(const value_type&) [35m[K[with _Tp = custom_interfaces::srv::TargetTurtleInfo; _Alloc = std::allocator<custom_interfaces::srv::TargetTurtleInfo>; value_type = custom_interfaces::srv::TargetTurtleInfo][m[K[m[K’
 1281 |       [01;36m[Kpush_back[m[K(const value_type& __x)
      |       [01;36m[K^~~~~~~~~[m[K
[01m[K/usr/include/c++/13/bits/stl_vector.h:1281:35:[m[K [01;36m[Knote: [m[K  no known conversion for argument 1 from ‘[01m[KTurtlePosInfo[m[K’ to ‘[01m[Kconst std::vector<custom_interfaces::srv::TargetTurtleInfo>::value_type&[m[K’ {aka ‘[01m[Kconst custom_interfaces::srv::TargetTurtleInfo&[m[K’}
 1281 |       push_back([01;36m[Kconst value_type& __x[m[K)
      |                 [01;36m[K~~~~~~~~~~~~~~~~~~^~~[m[K
[01m[K/usr/include/c++/13/bits/stl_vector.h:1298:7:[m[K [01;36m[Knote: [m[Kcandidate: ‘[01m[Kvoid std::vector<_Tp, _Alloc>::[01;32m[Kpush_back[m[K(value_type&&) [35m[K[with _Tp = custom_interfaces::srv::TargetTurtleInfo; _Alloc = std::allocator<custom_interfaces::srv::TargetTurtleInfo>; value_type = custom_interfaces::srv::TargetTurtleInfo][m[K[m[K’
 1298 |       [01;36m[Kpush_back[m[K(value_type&& __x)
      |       [01;36m[K^~~~~~~~~[m[K
[01m[K/usr/include/c++/13/bits/stl_vector.h:1298:30:[m[K [01;36m[Knote: [m[K  no known conversion for argument 1 from ‘[01m[KTurtlePosInfo[m[K’ to ‘[01m[Kstd::vector<custom_interfaces::srv::TargetTurtleInfo>::value_type&&[m[K’ {aka ‘[01m[Kcustom_interfaces::srv::TargetTurtleInfo&&[m[K’}
 1298 |       push_back([01;36m[Kvalue_type&& __x[m[K)
      |                 [01;36m[K~~~~~~~~~~~~~^~~[m[K
[01m[K/home/ros/ros2_ws/src/turtle_save_pkg/src/turtlespawnnode.cpp:[m[K In member function ‘[01m[Kvoid TurtleSpawnNode::[01;32m[KHandleGetNextTurtleService[m[K(std::shared_ptr<custom_interfaces::srv::TargetTurtleInfo_Request_<std::allocator<void> > >, std::shared_ptr<custom_interfaces::srv::TargetTurtleInfo_Response_<std::allocator<void> > >)[m[K’:
[01m[K/home/ros/ros2_ws/src/turtle_save_pkg/src/turtlespawnnode.cpp:93:77:[m[K [01;35m[Kwarning: [m[Kunused parameter ‘[01m[Kresponse[m[K’ [[01;35m[K]8;;https://gcc.gnu.org/onlinedocs/gcc/Warning-Options.html#index-Wunused-parameter-Wunused-parameter]8;;[m[K]
   93 |         [01;35m[Kstd::shared_ptr<custom_interfaces::srv::TargetTurtleInfo::Response> response[m[K)
      |         [01;35m[K~~~~~~~~~~~~~~~~~~~~~~~~~~~~~~~~~~~~~~~~~~~~~~~~~~~~~~~~~~~~~~~~~~~~^~~~~~~~[m[K
gmake[2]: *** [CMakeFiles/turtlespawn_node.dir/build.make:76: CMakeFiles/turtlespawn_node.dir/src/turtlespawnnode.cpp.o] Error 1
gmake[1]: *** [CMakeFiles/Makefile2:139: CMakeFiles/turtlespawn_node.dir/all] Error 2
gmake: *** [Makefile:146: all] Error 2
