[ 50%] Built target turtlecontrol_node
[ 75%] [32mBuilding CXX object CMakeFiles/turtlespawn_node.dir/src/turtlespawnnode.cpp.o[0m
In file included from [01m[K/opt/ros/jazzy/include/rclcpp/rclcpp/logging.hpp:24[m[K,
                 from [01m[K/opt/ros/jazzy/include/rclcpp/rclcpp/copy_all_parameter_values.hpp:27[m[K,
                 from [01m[K/opt/ros/jazzy/include/rclcpp/rclcpp/rclcpp.hpp:171[m[K,
                 from [01m[K/home/ros/ros2_ws/src/turtle_save_pkg/src/turtlespawnnode.cpp:1[m[K:
[01m[K/home/ros/ros2_ws/src/turtle_save_pkg/src/turtlespawnnode.cpp:[m[K In member function ‘[01m[Kvoid TurtleSpawnNode::[01;32m[KRemoveTurtle[m[K(std_msgs::msg::String_<std::allocator<void> >::SharedPtr)[m[K’:
[01m[K/home/ros/ros2_ws/src/turtle_save_pkg/src/turtlespawnnode.cpp:99:41:[m[K [01;35m[Kwarning: [m[Kformat ‘[01m[K%s[m[K’ expects argument of type ‘[01m[Kchar*[m[K’, but argument 5 has type ‘[01m[Kstd::string[m[K’ {aka ‘[01m[Kstd::__cxx11::basic_string<char>[m[K’} [[01;35m[K]8;;https://gcc.gnu.org/onlinedocs/gcc/Warning-Options.html#index-Wformat=-Wformat=]8;;[m[K]
   99 |         RCLCPP_INFO(this->get_logger(), [01;35m[K"Removing turtle %s"[m[K, turtle);
      |                                         [01;35m[K^~~~~~~~~~~~~~~~~~~~[m[K
[01m[K/home/ros/ros2_ws/src/turtle_save_pkg/src/turtlespawnnode.cpp:99:59:[m[K [01;36m[Knote: [m[Kformat string is defined here
   99 |         RCLCPP_INFO(this->get_logger(), "Removing turtle [01;36m[K%s[m[K", turtle);
      |                                                          [01;36m[K~^[m[K
      |                                                           [01;36m[K|[m[K
      |                                                           [01;36m[Kchar*[m[K
[100%] [32m[1mLinking CXX executable turtlespawn_node[0m
[100%] Built target turtlespawn_node
-- Install configuration: ""
-- Installing: /home/ros/ros2_ws/install/turtle_save_pkg/lib/turtle_save_pkg/turtlespawn_node
-- Set non-toolchain portion of runtime path of "/home/ros/ros2_ws/install/turtle_save_pkg/lib/turtle_save_pkg/turtlespawn_node" to ""
-- Up-to-date: /home/ros/ros2_ws/install/turtle_save_pkg/lib/turtle_save_pkg/turtlecontrol_node
-- Up-to-date: /home/ros/ros2_ws/install/turtle_save_pkg/share/ament_index/resource_index/package_run_dependencies/turtle_save_pkg
-- Up-to-date: /home/ros/ros2_ws/install/turtle_save_pkg/share/ament_index/resource_index/parent_prefix_path/turtle_save_pkg
-- Up-to-date: /home/ros/ros2_ws/install/turtle_save_pkg/share/turtle_save_pkg/environment/ament_prefix_path.sh
-- Up-to-date: /home/ros/ros2_ws/install/turtle_save_pkg/share/turtle_save_pkg/environment/ament_prefix_path.dsv
-- Up-to-date: /home/ros/ros2_ws/install/turtle_save_pkg/share/turtle_save_pkg/environment/path.sh
-- Up-to-date: /home/ros/ros2_ws/install/turtle_save_pkg/share/turtle_save_pkg/environment/path.dsv
-- Up-to-date: /home/ros/ros2_ws/install/turtle_save_pkg/share/turtle_save_pkg/local_setup.bash
-- Up-to-date: /home/ros/ros2_ws/install/turtle_save_pkg/share/turtle_save_pkg/local_setup.sh
-- Up-to-date: /home/ros/ros2_ws/install/turtle_save_pkg/share/turtle_save_pkg/local_setup.zsh
-- Up-to-date: /home/ros/ros2_ws/install/turtle_save_pkg/share/turtle_save_pkg/local_setup.dsv
-- Installing: /home/ros/ros2_ws/install/turtle_save_pkg/share/turtle_save_pkg/package.dsv
-- Up-to-date: /home/ros/ros2_ws/install/turtle_save_pkg/share/ament_index/resource_index/packages/turtle_save_pkg
-- Up-to-date: /home/ros/ros2_ws/install/turtle_save_pkg/share/turtle_save_pkg/cmake/turtle_save_pkgConfig.cmake
-- Up-to-date: /home/ros/ros2_ws/install/turtle_save_pkg/share/turtle_save_pkg/cmake/turtle_save_pkgConfig-version.cmake
-- Up-to-date: /home/ros/ros2_ws/install/turtle_save_pkg/share/turtle_save_pkg/package.xml
