[ 33%] Built target cpp_node
[ 66%] Built target number_publisher_node
[ 83%] [32mBuilding CXX object CMakeFiles/number_counter_node.dir/src/numbercounter.cpp.o[0m
[01m[K/home/ros/ros2_ws/src/my_cpp_pkg/src/numbercounter.cpp:[m[K In member function ‘[01m[Kvoid NumberCounterNode::[01;32m[KEventRecievedCallBack[m[K(example_interfaces::msg::Int64_<std::allocator<void> >::SharedPtr)[m[K’:
[01m[K/home/ros/ros2_ws/src/my_cpp_pkg/src/numbercounter.cpp:25:80:[m[K [01;35m[Kwarning: [m[Kunused parameter ‘[01m[Km[m[K’ [[01;35m[K]8;;https://gcc.gnu.org/onlinedocs/gcc/Warning-Options.html#index-Wunused-parameter-Wunused-parameter]8;;[m[K]
   25 |     void EventRecievedCallBack([01;35m[Kconst example_interfaces::msg::Int64::SharedPtr m[m[K)
      |                                [01;35m[K~~~~~~~~~~~~~~~~~~~~~~~~~~~~~~~~~~~~~~~~~~~~~~~~^[m[K
[01m[K/home/ros/ros2_ws/src/my_cpp_pkg/src/numbercounter.cpp:[m[K In member function ‘[01m[Kvoid NumberCounterNode::[01;32m[KEventResetCounter[m[K(std::shared_ptr<example_interfaces::srv::SetBool_Request_<std::allocator<void> > >, std::shared_ptr<example_interfaces::srv::SetBool_Response_<std::allocator<void> > >)[m[K’:
[01m[K/home/ros/ros2_ws/src/my_cpp_pkg/src/numbercounter.cpp:34:75:[m[K [01;35m[Kwarning: [m[Kunused parameter ‘[01m[Kresponse[m[K’ [[01;35m[K]8;;https://gcc.gnu.org/onlinedocs/gcc/Warning-Options.html#index-Wunused-parameter-Wunused-parameter]8;;[m[K]
   34 |         [01;35m[Kconst std::shared_ptr<example_interfaces::srv::SetBool::Response> response[m[K)
      |         [01;35m[K~~~~~~~~~~~~~~~~~~~~~~~~~~~~~~~~~~~~~~~~~~~~~~~~~~~~~~~~~~~~~~~~~~^~~~~~~~[m[K
[100%] [32m[1mLinking CXX executable number_counter_node[0m
[100%] Built target number_counter_node
-- Install configuration: ""
-- Up-to-date: /home/ros/ros2_ws/install/my_cpp_pkg/lib/my_cpp_pkg/cpp_node
-- Up-to-date: /home/ros/ros2_ws/install/my_cpp_pkg/lib/my_cpp_pkg/number_publisher_node
-- Installing: /home/ros/ros2_ws/install/my_cpp_pkg/lib/my_cpp_pkg/number_counter_node
-- Set non-toolchain portion of runtime path of "/home/ros/ros2_ws/install/my_cpp_pkg/lib/my_cpp_pkg/number_counter_node" to ""
-- Installing: /home/ros/ros2_ws/install/my_cpp_pkg/share/ament_index/resource_index/package_run_dependencies/my_cpp_pkg
-- Up-to-date: /home/ros/ros2_ws/install/my_cpp_pkg/share/ament_index/resource_index/parent_prefix_path/my_cpp_pkg
-- Up-to-date: /home/ros/ros2_ws/install/my_cpp_pkg/share/my_cpp_pkg/environment/ament_prefix_path.sh
-- Up-to-date: /home/ros/ros2_ws/install/my_cpp_pkg/share/my_cpp_pkg/environment/ament_prefix_path.dsv
-- Up-to-date: /home/ros/ros2_ws/install/my_cpp_pkg/share/my_cpp_pkg/environment/path.sh
-- Up-to-date: /home/ros/ros2_ws/install/my_cpp_pkg/share/my_cpp_pkg/environment/path.dsv
-- Up-to-date: /home/ros/ros2_ws/install/my_cpp_pkg/share/my_cpp_pkg/local_setup.bash
-- Up-to-date: /home/ros/ros2_ws/install/my_cpp_pkg/share/my_cpp_pkg/local_setup.sh
-- Up-to-date: /home/ros/ros2_ws/install/my_cpp_pkg/share/my_cpp_pkg/local_setup.zsh
-- Up-to-date: /home/ros/ros2_ws/install/my_cpp_pkg/share/my_cpp_pkg/local_setup.dsv
-- Installing: /home/ros/ros2_ws/install/my_cpp_pkg/share/my_cpp_pkg/package.dsv
-- Up-to-date: /home/ros/ros2_ws/install/my_cpp_pkg/share/ament_index/resource_index/packages/my_cpp_pkg
-- Up-to-date: /home/ros/ros2_ws/install/my_cpp_pkg/share/my_cpp_pkg/cmake/my_cpp_pkgConfig.cmake
-- Up-to-date: /home/ros/ros2_ws/install/my_cpp_pkg/share/my_cpp_pkg/cmake/my_cpp_pkgConfig-version.cmake
-- Installing: /home/ros/ros2_ws/install/my_cpp_pkg/share/my_cpp_pkg/package.xml
