[0.017s] Invoking command in '/home/ros/ros2_ws/build/my_cpp_pkg': CMAKE_PREFIX_PATH=${CMAKE_PREFIX_PATH}:/opt/ros/jazzy /usr/bin/cmake --build /home/ros/ros2_ws/build/my_cpp_pkg -- -j22 -l22
[0.204s] [ 33%] Built target cpp_node
[0.204s] [ 66%] Built target number_publisher_node
[0.207s] [ 83%] [32mBuilding CXX object CMakeFiles/number_counter_node.dir/src/numbercounter.cpp.o[0m
[2.401s] [01m[K/home/ros/ros2_ws/src/my_cpp_pkg/src/numbercounter.cpp:[m[K In member function ‘[01m[Kvoid NumberCounterNode::[01;32m[KEventRecievedCallBack[m[K(example_interfaces::msg::Int64_<std::allocator<void> >::SharedPtr)[m[K’:
[2.401s] [01m[K/home/ros/ros2_ws/src/my_cpp_pkg/src/numbercounter.cpp:25:80:[m[K [01;35m[Kwarning: [m[Kunused parameter ‘[01m[Km[m[K’ [[01;35m[K]8;;https://gcc.gnu.org/onlinedocs/gcc/Warning-Options.html#index-Wunused-parameter-Wunused-parameter]8;;[m[K]
[2.401s]    25 |     void EventRecievedCallBack([01;35m[Kconst example_interfaces::msg::Int64::SharedPtr m[m[K)
[2.401s]       |                                [01;35m[K~~~~~~~~~~~~~~~~~~~~~~~~~~~~~~~~~~~~~~~~~~~~~~~~^[m[K
[2.403s] [01m[K/home/ros/ros2_ws/src/my_cpp_pkg/src/numbercounter.cpp:[m[K In member function ‘[01m[Kvoid NumberCounterNode::[01;32m[KEventResetCounter[m[K(std::shared_ptr<example_interfaces::srv::SetBool_Request_<std::allocator<void> > >, std::shared_ptr<example_interfaces::srv::SetBool_Response_<std::allocator<void> > >)[m[K’:
[2.403s] [01m[K/home/ros/ros2_ws/src/my_cpp_pkg/src/numbercounter.cpp:34:75:[m[K [01;35m[Kwarning: [m[Kunused parameter ‘[01m[Kresponse[m[K’ [[01;35m[K]8;;https://gcc.gnu.org/onlinedocs/gcc/Warning-Options.html#index-Wunused-parameter-Wunused-parameter]8;;[m[K]
[2.403s]    34 |         [01;35m[Kconst std::shared_ptr<example_interfaces::srv::SetBool::Response> response[m[K)
[2.403s]       |         [01;35m[K~~~~~~~~~~~~~~~~~~~~~~~~~~~~~~~~~~~~~~~~~~~~~~~~~~~~~~~~~~~~~~~~~~^~~~~~~~[m[K
[6.687s] [100%] [32m[1mLinking CXX executable number_counter_node[0m
[6.993s] [100%] Built target number_counter_node
[7.000s] Invoked command in '/home/ros/ros2_ws/build/my_cpp_pkg' returned '0': CMAKE_PREFIX_PATH=${CMAKE_PREFIX_PATH}:/opt/ros/jazzy /usr/bin/cmake --build /home/ros/ros2_ws/build/my_cpp_pkg -- -j22 -l22
[7.008s] Invoking command in '/home/ros/ros2_ws/build/my_cpp_pkg': CMAKE_PREFIX_PATH=${CMAKE_PREFIX_PATH}:/opt/ros/jazzy /usr/bin/cmake --install /home/ros/ros2_ws/build/my_cpp_pkg
[7.015s] -- Install configuration: ""
[7.017s] -- Up-to-date: /home/ros/ros2_ws/install/my_cpp_pkg/lib/my_cpp_pkg/cpp_node
[7.019s] -- Up-to-date: /home/ros/ros2_ws/install/my_cpp_pkg/lib/my_cpp_pkg/number_publisher_node
[7.020s] -- Installing: /home/ros/ros2_ws/install/my_cpp_pkg/lib/my_cpp_pkg/number_counter_node
[7.023s] -- Set non-toolchain portion of runtime path of "/home/ros/ros2_ws/install/my_cpp_pkg/lib/my_cpp_pkg/number_counter_node" to ""
[7.023s] -- Installing: /home/ros/ros2_ws/install/my_cpp_pkg/share/ament_index/resource_index/package_run_dependencies/my_cpp_pkg
[7.024s] -- Up-to-date: /home/ros/ros2_ws/install/my_cpp_pkg/share/ament_index/resource_index/parent_prefix_path/my_cpp_pkg
[7.024s] -- Up-to-date: /home/ros/ros2_ws/install/my_cpp_pkg/share/my_cpp_pkg/environment/ament_prefix_path.sh
[7.024s] -- Up-to-date: /home/ros/ros2_ws/install/my_cpp_pkg/share/my_cpp_pkg/environment/ament_prefix_path.dsv
[7.024s] -- Up-to-date: /home/ros/ros2_ws/install/my_cpp_pkg/share/my_cpp_pkg/environment/path.sh
[7.024s] -- Up-to-date: /home/ros/ros2_ws/install/my_cpp_pkg/share/my_cpp_pkg/environment/path.dsv
[7.024s] -- Up-to-date: /home/ros/ros2_ws/install/my_cpp_pkg/share/my_cpp_pkg/local_setup.bash
[7.025s] -- Up-to-date: /home/ros/ros2_ws/install/my_cpp_pkg/share/my_cpp_pkg/local_setup.sh
[7.025s] -- Up-to-date: /home/ros/ros2_ws/install/my_cpp_pkg/share/my_cpp_pkg/local_setup.zsh
[7.025s] -- Up-to-date: /home/ros/ros2_ws/install/my_cpp_pkg/share/my_cpp_pkg/local_setup.dsv
[7.025s] -- Installing: /home/ros/ros2_ws/install/my_cpp_pkg/share/my_cpp_pkg/package.dsv
[7.025s] -- Up-to-date: /home/ros/ros2_ws/install/my_cpp_pkg/share/ament_index/resource_index/packages/my_cpp_pkg
[7.025s] -- Up-to-date: /home/ros/ros2_ws/install/my_cpp_pkg/share/my_cpp_pkg/cmake/my_cpp_pkgConfig.cmake
[7.025s] -- Up-to-date: /home/ros/ros2_ws/install/my_cpp_pkg/share/my_cpp_pkg/cmake/my_cpp_pkgConfig-version.cmake
[7.025s] -- Installing: /home/ros/ros2_ws/install/my_cpp_pkg/share/my_cpp_pkg/package.xml
[7.027s] Invoked command in '/home/ros/ros2_ws/build/my_cpp_pkg' returned '0': CMAKE_PREFIX_PATH=${CMAKE_PREFIX_PATH}:/opt/ros/jazzy /usr/bin/cmake --install /home/ros/ros2_ws/build/my_cpp_pkg
