[0.124s] Invoking command in '/home/ros/ros2_ws/build/turtle_save_bringup': CMAKE_PREFIX_PATH=/home/ros/ros2_ws/install/turtle_save_pkg:/home/ros/ros2_ws/install/custom_interfaces:/home/ros/ros2_ws/install/my_robot_interfaces:/home/ros/ros2_ws/install/my_cpp_pkg:/opt/ros/jazzy/opt/gz_math_vendor:/opt/ros/jazzy/opt/gz_utils_vendor:/opt/ros/jazzy/opt/gz_cmake_vendor:/opt/ros/jazzy LD_LIBRARY_PATH=/home/ros/ros2_ws/install/custom_interfaces/lib:/home/ros/ros2_ws/install/my_robot_interfaces/lib:/opt/ros/jazzy/opt/rviz_ogre_vendor/lib:/opt/ros/jazzy/lib/x86_64-linux-gnu:/opt/ros/jazzy/opt/gz_math_vendor/lib:/opt/ros/jazzy/opt/gz_utils_vendor/lib:/opt/ros/jazzy/opt/gz_cmake_vendor/lib:/opt/ros/jazzy/lib PYTHONPATH=/home/ros/ros2_ws/install/custom_interfaces/lib/python3.12/site-packages:/home/ros/ros2_ws/install/my_robot_interfaces/lib/python3.12/site-packages:/opt/ros/jazzy/lib/python3.12/site-packages /usr/bin/cmake /home/ros/ros2_ws/src/turtle_save_bringup -DCMAKE_INSTALL_PREFIX=/home/ros/ros2_ws/install/turtle_save_bringup
[0.339s] -- The C compiler identification is GNU 13.3.0
[0.793s] -- The CXX compiler identification is GNU 13.3.0
[1.143s] -- Detecting C compiler ABI info
[1.310s] -- Detecting C compiler ABI info - done
[1.315s] -- Check for working C compiler: /usr/bin/cc - skipped
[1.316s] -- Detecting C compile features
[1.317s] -- Detecting C compile features - done
[1.378s] -- Detecting CXX compiler ABI info
[1.543s] -- Detecting CXX compiler ABI info - done
[1.548s] -- Check for working CXX compiler: /usr/bin/c++ - skipped
[1.548s] -- Detecting CXX compile features
[1.549s] -- Detecting CXX compile features - done
[1.561s] -- Found ament_cmake: 2.5.4 (/opt/ros/jazzy/share/ament_cmake/cmake)
[1.665s] -- Found Python3: /usr/bin/python3 (found version "3.12.3") found components: Interpreter 
[1.831s] -- Configuring done (1.7s)
[1.833s] -- Generating done (0.0s)
[1.835s] -- Build files have been written to: /home/ros/ros2_ws/build/turtle_save_bringup
[1.839s] Invoked command in '/home/ros/ros2_ws/build/turtle_save_bringup' returned '0': CMAKE_PREFIX_PATH=/home/ros/ros2_ws/install/turtle_save_pkg:/home/ros/ros2_ws/install/custom_interfaces:/home/ros/ros2_ws/install/my_robot_interfaces:/home/ros/ros2_ws/install/my_cpp_pkg:/opt/ros/jazzy/opt/gz_math_vendor:/opt/ros/jazzy/opt/gz_utils_vendor:/opt/ros/jazzy/opt/gz_cmake_vendor:/opt/ros/jazzy LD_LIBRARY_PATH=/home/ros/ros2_ws/install/custom_interfaces/lib:/home/ros/ros2_ws/install/my_robot_interfaces/lib:/opt/ros/jazzy/opt/rviz_ogre_vendor/lib:/opt/ros/jazzy/lib/x86_64-linux-gnu:/opt/ros/jazzy/opt/gz_math_vendor/lib:/opt/ros/jazzy/opt/gz_utils_vendor/lib:/opt/ros/jazzy/opt/gz_cmake_vendor/lib:/opt/ros/jazzy/lib PYTHONPATH=/home/ros/ros2_ws/install/custom_interfaces/lib/python3.12/site-packages:/home/ros/ros2_ws/install/my_robot_interfaces/lib/python3.12/site-packages:/opt/ros/jazzy/lib/python3.12/site-packages /usr/bin/cmake /home/ros/ros2_ws/src/turtle_save_bringup -DCMAKE_INSTALL_PREFIX=/home/ros/ros2_ws/install/turtle_save_bringup
[1.840s] Invoking command in '/home/ros/ros2_ws/build/turtle_save_bringup': CMAKE_PREFIX_PATH=/home/ros/ros2_ws/install/turtle_save_pkg:/home/ros/ros2_ws/install/custom_interfaces:/home/ros/ros2_ws/install/my_robot_interfaces:/home/ros/ros2_ws/install/my_cpp_pkg:/opt/ros/jazzy/opt/gz_math_vendor:/opt/ros/jazzy/opt/gz_utils_vendor:/opt/ros/jazzy/opt/gz_cmake_vendor:/opt/ros/jazzy LD_LIBRARY_PATH=/home/ros/ros2_ws/install/custom_interfaces/lib:/home/ros/ros2_ws/install/my_robot_interfaces/lib:/opt/ros/jazzy/opt/rviz_ogre_vendor/lib:/opt/ros/jazzy/lib/x86_64-linux-gnu:/opt/ros/jazzy/opt/gz_math_vendor/lib:/opt/ros/jazzy/opt/gz_utils_vendor/lib:/opt/ros/jazzy/opt/gz_cmake_vendor/lib:/opt/ros/jazzy/lib PYTHONPATH=/home/ros/ros2_ws/install/custom_interfaces/lib/python3.12/site-packages:/home/ros/ros2_ws/install/my_robot_interfaces/lib/python3.12/site-packages:/opt/ros/jazzy/lib/python3.12/site-packages /usr/bin/cmake --build /home/ros/ros2_ws/build/turtle_save_bringup -- -j22 -l22
[1.867s] Invoked command in '/home/ros/ros2_ws/build/turtle_save_bringup' returned '0': CMAKE_PREFIX_PATH=/home/ros/ros2_ws/install/turtle_save_pkg:/home/ros/ros2_ws/install/custom_interfaces:/home/ros/ros2_ws/install/my_robot_interfaces:/home/ros/ros2_ws/install/my_cpp_pkg:/opt/ros/jazzy/opt/gz_math_vendor:/opt/ros/jazzy/opt/gz_utils_vendor:/opt/ros/jazzy/opt/gz_cmake_vendor:/opt/ros/jazzy LD_LIBRARY_PATH=/home/ros/ros2_ws/install/custom_interfaces/lib:/home/ros/ros2_ws/install/my_robot_interfaces/lib:/opt/ros/jazzy/opt/rviz_ogre_vendor/lib:/opt/ros/jazzy/lib/x86_64-linux-gnu:/opt/ros/jazzy/opt/gz_math_vendor/lib:/opt/ros/jazzy/opt/gz_utils_vendor/lib:/opt/ros/jazzy/opt/gz_cmake_vendor/lib:/opt/ros/jazzy/lib PYTHONPATH=/home/ros/ros2_ws/install/custom_interfaces/lib/python3.12/site-packages:/home/ros/ros2_ws/install/my_robot_interfaces/lib/python3.12/site-packages:/opt/ros/jazzy/lib/python3.12/site-packages /usr/bin/cmake --build /home/ros/ros2_ws/build/turtle_save_bringup -- -j22 -l22
[1.874s] Invoking command in '/home/ros/ros2_ws/build/turtle_save_bringup': CMAKE_PREFIX_PATH=/home/ros/ros2_ws/install/turtle_save_pkg:/home/ros/ros2_ws/install/custom_interfaces:/home/ros/ros2_ws/install/my_robot_interfaces:/home/ros/ros2_ws/install/my_cpp_pkg:/opt/ros/jazzy/opt/gz_math_vendor:/opt/ros/jazzy/opt/gz_utils_vendor:/opt/ros/jazzy/opt/gz_cmake_vendor:/opt/ros/jazzy LD_LIBRARY_PATH=/home/ros/ros2_ws/install/custom_interfaces/lib:/home/ros/ros2_ws/install/my_robot_interfaces/lib:/opt/ros/jazzy/opt/rviz_ogre_vendor/lib:/opt/ros/jazzy/lib/x86_64-linux-gnu:/opt/ros/jazzy/opt/gz_math_vendor/lib:/opt/ros/jazzy/opt/gz_utils_vendor/lib:/opt/ros/jazzy/opt/gz_cmake_vendor/lib:/opt/ros/jazzy/lib PYTHONPATH=/home/ros/ros2_ws/install/custom_interfaces/lib/python3.12/site-packages:/home/ros/ros2_ws/install/my_robot_interfaces/lib/python3.12/site-packages:/opt/ros/jazzy/lib/python3.12/site-packages /usr/bin/cmake --install /home/ros/ros2_ws/build/turtle_save_bringup
[1.880s] -- Install configuration: ""
[1.880s] -- Installing: /home/ros/ros2_ws/install/turtle_save_bringup/share/turtle_save_bringup//launch
[1.880s] -- Installing: /home/ros/ros2_ws/install/turtle_save_bringup/share/turtle_save_bringup//launch/turtle_save.launch.xml
[1.881s] -- Installing: /home/ros/ros2_ws/install/turtle_save_bringup/share/ament_index/resource_index/package_run_dependencies/turtle_save_bringup
[1.881s] -- Installing: /home/ros/ros2_ws/install/turtle_save_bringup/share/ament_index/resource_index/parent_prefix_path/turtle_save_bringup
[1.881s] -- Installing: /home/ros/ros2_ws/install/turtle_save_bringup/share/turtle_save_bringup/environment/ament_prefix_path.sh
[1.881s] -- Installing: /home/ros/ros2_ws/install/turtle_save_bringup/share/turtle_save_bringup/environment/ament_prefix_path.dsv
[1.881s] -- Installing: /home/ros/ros2_ws/install/turtle_save_bringup/share/turtle_save_bringup/environment/path.sh
[1.881s] -- Installing: /home/ros/ros2_ws/install/turtle_save_bringup/share/turtle_save_bringup/environment/path.dsv
[1.881s] -- Installing: /home/ros/ros2_ws/install/turtle_save_bringup/share/turtle_save_bringup/local_setup.bash
[1.882s] -- Installing: /home/ros/ros2_ws/install/turtle_save_bringup/share/turtle_save_bringup/local_setup.sh
[1.882s] -- Installing: /home/ros/ros2_ws/install/turtle_save_bringup/share/turtle_save_bringup/local_setup.zsh
[1.882s] -- Installing: /home/ros/ros2_ws/install/turtle_save_bringup/share/turtle_save_bringup/local_setup.dsv
[1.882s] -- Installing: /home/ros/ros2_ws/install/turtle_save_bringup/share/turtle_save_bringup/package.dsv
[1.882s] -- Installing: /home/ros/ros2_ws/install/turtle_save_bringup/share/ament_index/resource_index/packages/turtle_save_bringup
[1.882s] -- Installing: /home/ros/ros2_ws/install/turtle_save_bringup/share/turtle_save_bringup/cmake/turtle_save_bringupConfig.cmake
[1.882s] -- Installing: /home/ros/ros2_ws/install/turtle_save_bringup/share/turtle_save_bringup/cmake/turtle_save_bringupConfig-version.cmake
[1.882s] -- Installing: /home/ros/ros2_ws/install/turtle_save_bringup/share/turtle_save_bringup/package.xml
[1.884s] Invoked command in '/home/ros/ros2_ws/build/turtle_save_bringup' returned '0': CMAKE_PREFIX_PATH=/home/ros/ros2_ws/install/turtle_save_pkg:/home/ros/ros2_ws/install/custom_interfaces:/home/ros/ros2_ws/install/my_robot_interfaces:/home/ros/ros2_ws/install/my_cpp_pkg:/opt/ros/jazzy/opt/gz_math_vendor:/opt/ros/jazzy/opt/gz_utils_vendor:/opt/ros/jazzy/opt/gz_cmake_vendor:/opt/ros/jazzy LD_LIBRARY_PATH=/home/ros/ros2_ws/install/custom_interfaces/lib:/home/ros/ros2_ws/install/my_robot_interfaces/lib:/opt/ros/jazzy/opt/rviz_ogre_vendor/lib:/opt/ros/jazzy/lib/x86_64-linux-gnu:/opt/ros/jazzy/opt/gz_math_vendor/lib:/opt/ros/jazzy/opt/gz_utils_vendor/lib:/opt/ros/jazzy/opt/gz_cmake_vendor/lib:/opt/ros/jazzy/lib PYTHONPATH=/home/ros/ros2_ws/install/custom_interfaces/lib/python3.12/site-packages:/home/ros/ros2_ws/install/my_robot_interfaces/lib/python3.12/site-packages:/opt/ros/jazzy/lib/python3.12/site-packages /usr/bin/cmake --install /home/ros/ros2_ws/build/turtle_save_bringup
