[ 33%] Built target number_publisher_node
[ 66%] Built target cpp_node
[ 83%] [32mBuilding CXX object CMakeFiles/number_counter_node.dir/src/numbercounter.cpp.o[0m
[01m[K/home/ros/ros2_ws/src/my_cpp_pkg/src/numbercounter.cpp:[m[K In constructor ‘[01m[KNumberCounterNode::[01;32m[KNumberCounterNode[m[K()[m[K’:
[01m[K/home/ros/ros2_ws/src/my_cpp_pkg/src/numbercounter.cpp:9:53:[m[K [01;31m[Kerror: [m[Kclass ‘[01m[KNumberCounterNode[m[K’ does not have any field named ‘[01m[Kcount[m[K’
    9 |     NumberCounterNode() : Node("number_publisher"), [01;31m[Kcount[m[K(0)
      |                                                     [01;31m[K^~~~~[m[K
[01m[K/home/ros/ros2_ws/src/my_cpp_pkg/src/numbercounter.cpp:13:29:[m[K [01;31m[Kerror: [m[K‘[01m[Kclass NumberCounterNode[m[K’ has no member named ‘[01m[Kcreaete_subscription[m[K’; did you mean ‘[01m[Kcreate_subscription[m[K’?
   13 |         subscriber_ = this->[01;31m[Kcreaete_subscription[m[K<example_interfaces::msg::Int64>("number", 10, std::bind(&NumberCounterNode::EventRecievedCallBack, this, _1));
      |                             [01;31m[K^~~~~~~~~~~~~~~~~~~~[m[K
      |                             [32m[Kcreate_subscription[m[K
[01m[K/home/ros/ros2_ws/src/my_cpp_pkg/src/numbercounter.cpp:13:80:[m[K [01;31m[Kerror: [m[Kexpected primary-expression before ‘[01m[K>[m[K’ token
   13 |         subscriber_ = this->creaete_subscription<example_interfaces::msg::Int64[01;31m[K>[m[K("number", 10, std::bind(&NumberCounterNode::EventRecievedCallBack, this, _1));
      |                                                                                [01;31m[K^[m[K
[01m[K/home/ros/ros2_ws/src/my_cpp_pkg/src/numbercounter.cpp:13:82:[m[K [01;35m[Kwarning: [m[Kleft operand of comma operator has no effect [[01;35m[K]8;;https://gcc.gnu.org/onlinedocs/gcc/Warning-Options.html#index-Wunused-value-Wunused-value]8;;[m[K]
   13 |         subscriber_ = this->creaete_subscription<example_interfaces::msg::Int64>([01;35m[K"number"[m[K, 10, std::bind(&NumberCounterNode::EventRecievedCallBack, this, _1));
      |                                                                                  [01;35m[K^~~~~~~~[m[K
[01m[K/home/ros/ros2_ws/src/my_cpp_pkg/src/numbercounter.cpp:13:157:[m[K [01;35m[Kwarning: [m[Kright operand of comma operator has no effect [[01;35m[K]8;;https://gcc.gnu.org/onlinedocs/gcc/Warning-Options.html#index-Wunused-value-Wunused-value]8;;[m[K]
   13 |         subscriber_ = this->creaete_subscription<example_interfaces::msg::Int64>("number", 10, std::bind(&NumberCounterNode::EventRecievedCallBack, this, _1[01;35m[K)[m[K);
      |                                                                                                                                                             [01;35m[K^[m[K
[01m[K/home/ros/ros2_ws/src/my_cpp_pkg/src/numbercounter.cpp:[m[K In member function ‘[01m[Kvoid NumberCounterNode::[01;32m[KEventRecievedCallBack[m[K(example_interfaces::msg::Int64_<std::allocator<void> >::SharedPtr)[m[K’:
[01m[K/home/ros/ros2_ws/src/my_cpp_pkg/src/numbercounter.cpp:22:28:[m[K [01;31m[Kerror: [m[Kno matching function for call to ‘[01m[Krclcpp::Publisher<example_interfaces::msg::Int64_<std::allocator<void> > >::publish(const example_interfaces::msg::Int64_<std::allocator<void> >::SharedPtr&)[m[K’
   22 |         [01;31m[Kpublisher_->publish(msg)[m[K;
      |         [01;31m[K~~~~~~~~~~~~~~~~~~~^~~~~[m[K
In file included from [01m[K/opt/ros/jazzy/include/rclcpp/rclcpp/topic_statistics/subscription_topic_statistics.hpp:31[m[K,
                 from [01m[K/opt/ros/jazzy/include/rclcpp/rclcpp/subscription.hpp:50[m[K,
                 from [01m[K/opt/ros/jazzy/include/rclcpp/rclcpp/any_executable.hpp:25[m[K,
                 from [01m[K/opt/ros/jazzy/include/rclcpp/rclcpp/memory_strategy.hpp:25[m[K,
                 from [01m[K/opt/ros/jazzy/include/rclcpp/rclcpp/memory_strategies.hpp:18[m[K,
                 from [01m[K/opt/ros/jazzy/include/rclcpp/rclcpp/executor_options.hpp:22[m[K,
                 from [01m[K/opt/ros/jazzy/include/rclcpp/rclcpp/executor.hpp:38[m[K,
                 from [01m[K/opt/ros/jazzy/include/rclcpp/rclcpp/executors/multi_threaded_executor.hpp:25[m[K,
                 from [01m[K/opt/ros/jazzy/include/rclcpp/rclcpp/executors.hpp:21[m[K,
                 from [01m[K/opt/ros/jazzy/include/rclcpp/rclcpp/rclcpp.hpp:172[m[K,
                 from [01m[K/home/ros/ros2_ws/src/my_cpp_pkg/src/numbercounter.cpp:1[m[K:
[01m[K/opt/ros/jazzy/include/rclcpp/rclcpp/publisher.hpp:242:3:[m[K [01;36m[Knote: [m[Kcandidate: ‘[01m[Ktemplate<class T> std::enable_if_t<(rosidl_generator_traits::is_message<T>::value && std::is_same<T, typename rclcpp::TypeAdapter<MessageT>::ros_message_type>::value)> rclcpp::Publisher<MessageT, AllocatorT>::[01;32m[Kpublish[m[K(std::unique_ptr<T, typename std::conditional<std::is_same<typename std::allocator_traits<typename std::allocator_traits<_Allocator>::rebind_traits<typename rclcpp::TypeAdapter<MessageT, void, void>::ros_message_type>::allocator_type>::rebind_alloc<typename rclcpp::TypeAdapter<MessageT, void, void>::ros_message_type>, std::allocator<typename rclcpp::TypeAdapter<MessageT>::ros_message_type> >::value, std::default_delete<typename rclcpp::TypeAdapter<MessageT>::ros_message_type>, rclcpp::allocator::AllocatorDeleter<typename std::allocator_traits<_Allocator>::rebind_traits<typename rclcpp::TypeAdapter<MessageT, void, void>::ros_message_type>::allocator_type> >::type>) [35m[K[with MessageT = example_interfaces::msg::Int64_<std::allocator<void> >; AllocatorT = std::allocator<void>][m[K[m[K’
  242 |   [01;36m[Kpublish[m[K(std::unique_ptr<T, ROSMessageTypeDeleter> msg)
      |   [01;36m[K^~~~~~~[m[K
[01m[K/opt/ros/jazzy/include/rclcpp/rclcpp/publisher.hpp:242:3:[m[K [01;36m[Knote: [m[K  template argument deduction/substitution failed:
[01m[K/home/ros/ros2_ws/src/my_cpp_pkg/src/numbercounter.cpp:22:28:[m[K [01;36m[Knote: [m[K  ‘[01m[Kstd::shared_ptr<example_interfaces::msg::Int64_<std::allocator<void> > >[m[K’ is not derived from ‘[01m[Kstd::unique_ptr<T, std::default_delete<example_interfaces::msg::Int64_<std::allocator<void> > > >[m[K’
   22 |         [01;36m[Kpublisher_->publish(msg)[m[K;
      |         [01;36m[K~~~~~~~~~~~~~~~~~~~^~~~~[m[K
[01m[K/opt/ros/jazzy/include/rclcpp/rclcpp/publisher.hpp:296:3:[m[K [01;36m[Knote: [m[Kcandidate: ‘[01m[Ktemplate<class T> std::enable_if_t<(rosidl_generator_traits::is_message<T>::value && std::is_same<T, typename rclcpp::TypeAdapter<MessageT>::ros_message_type>::value)> rclcpp::Publisher<MessageT, AllocatorT>::[01;32m[Kpublish[m[K(const T&) [35m[K[with MessageT = example_interfaces::msg::Int64_<std::allocator<void> >; AllocatorT = std::allocator<void>][m[K[m[K’
  296 |   [01;36m[Kpublish[m[K(const T & msg)
      |   [01;36m[K^~~~~~~[m[K
[01m[K/opt/ros/jazzy/include/rclcpp/rclcpp/publisher.hpp:296:3:[m[K [01;36m[Knote: [m[K  template argument deduction/substitution failed:
In file included from [01m[K/usr/include/c++/13/bits/move.h:37[m[K,
                 from [01m[K/usr/include/c++/13/bits/new_allocator.h:36[m[K,
                 from [01m[K/usr/include/x86_64-linux-gnu/c++/13/bits/c++allocator.h:33[m[K,
                 from [01m[K/usr/include/c++/13/bits/allocator.h:46[m[K,
                 from [01m[K/usr/include/c++/13/memory:65[m[K,
                 from [01m[K/opt/ros/jazzy/include/rclcpp/rclcpp/rclcpp.hpp:169[m[K:
/usr/include/c++/13/type_traits: In substitution of ‘[01m[Ktemplate<bool _Cond, class _Tp> using std::enable_if_t = typename std::enable_if::type [35m[K[with bool _Cond = false; _Tp = void][m[K[m[K’:
[01m[K/opt/ros/jazzy/include/rclcpp/rclcpp/publisher.hpp:296:3:[m[K   required by substitution of ‘[01m[Ktemplate<class T> std::enable_if_t<(rosidl_generator_traits::is_message<T>::value && std::is_same<T, example_interfaces::msg::Int64_<std::allocator<void> > >::value), void> rclcpp::Publisher<example_interfaces::msg::Int64_<std::allocator<void> > >::[01;32m[Kpublish[m[K(const T&) [35m[K[with T = std::shared_ptr<example_interfaces::msg::Int64_<std::allocator<void> > >][m[K[m[K’
[01m[K/home/ros/ros2_ws/src/my_cpp_pkg/src/numbercounter.cpp:22:28:[m[K   required from here
[01m[K/usr/include/c++/13/type_traits:2610:11:[m[K [01;31m[Kerror: [m[Kno type named ‘[01m[Ktype[m[K’ in ‘[01m[Kstruct std::enable_if<false, void>[m[K’
 2610 |     using [01;31m[Kenable_if_t[m[K = typename enable_if<_Cond, _Tp>::type;
      |           [01;31m[K^~~~~~~~~~~[m[K
[01m[K/opt/ros/jazzy/include/rclcpp/rclcpp/publisher.hpp:326:3:[m[K [01;36m[Knote: [m[Kcandidate: ‘[01m[Ktemplate<class T> std::enable_if_t<(typename rclcpp::TypeAdapter<MessageT>::is_specialized::value && std::is_same<T, typename rclcpp::TypeAdapter<MessageT>::custom_type>::value)> rclcpp::Publisher<MessageT, AllocatorT>::[01;32m[Kpublish[m[K(std::unique_ptr<T, typename std::conditional<std::is_same<typename std::allocator_traits<typename std::allocator_traits<_Allocator>::rebind_traits<typename rclcpp::TypeAdapter<MessageT, void, void>::custom_type>::allocator_type>::rebind_alloc<typename rclcpp::TypeAdapter<MessageT, void, void>::custom_type>, std::allocator<typename rclcpp::TypeAdapter<MessageT>::custom_type> >::value, std::default_delete<typename rclcpp::TypeAdapter<MessageT>::custom_type>, rclcpp::allocator::AllocatorDeleter<typename std::allocator_traits<_Allocator>::rebind_traits<typename rclcpp::TypeAdapter<MessageT, void, void>::custom_type>::allocator_type> >::type>) [35m[K[with MessageT = example_interfaces::msg::Int64_<std::allocator<void> >; AllocatorT = std::allocator<void>][m[K[m[K’
  326 |   [01;36m[Kpublish[m[K(std::unique_ptr<T, PublishedTypeDeleter> msg)
      |   [01;36m[K^~~~~~~[m[K
[01m[K/opt/ros/jazzy/include/rclcpp/rclcpp/publisher.hpp:326:3:[m[K [01;36m[Knote: [m[K  template argument deduction/substitution failed:
[01m[K/home/ros/ros2_ws/src/my_cpp_pkg/src/numbercounter.cpp:22:28:[m[K [01;36m[Knote: [m[K  ‘[01m[Kstd::shared_ptr<example_interfaces::msg::Int64_<std::allocator<void> > >[m[K’ is not derived from ‘[01m[Kstd::unique_ptr<T, std::default_delete<example_interfaces::msg::Int64_<std::allocator<void> > > >[m[K’
   22 |         [01;36m[Kpublisher_->publish(msg)[m[K;
      |         [01;36m[K~~~~~~~~~~~~~~~~~~~^~~~~[m[K
[01m[K/opt/ros/jazzy/include/rclcpp/rclcpp/publisher.hpp:376:3:[m[K [01;36m[Knote: [m[Kcandidate: ‘[01m[Ktemplate<class T> std::enable_if_t<(typename rclcpp::TypeAdapter<MessageT>::is_specialized::value && std::is_same<T, typename rclcpp::TypeAdapter<MessageT>::custom_type>::value)> rclcpp::Publisher<MessageT, AllocatorT>::[01;32m[Kpublish[m[K(const T&) [35m[K[with MessageT = example_interfaces::msg::Int64_<std::allocator<void> >; AllocatorT = std::allocator<void>][m[K[m[K’
  376 |   [01;36m[Kpublish[m[K(const T & msg)
      |   [01;36m[K^~~~~~~[m[K
[01m[K/opt/ros/jazzy/include/rclcpp/rclcpp/publisher.hpp:376:3:[m[K [01;36m[Knote: [m[K  template argument deduction/substitution failed:
[01m[K/opt/ros/jazzy/include/rclcpp/rclcpp/publisher.hpp:394:3:[m[K [01;36m[Knote: [m[Kcandidate: ‘[01m[Kvoid rclcpp::Publisher<MessageT, AllocatorT>::[01;32m[Kpublish[m[K(const rcl_serialized_message_t&) [35m[K[with MessageT = example_interfaces::msg::Int64_<std::allocator<void> >; AllocatorT = std::allocator<void>; rcl_serialized_message_t = rcutils_uint8_array_s][m[K[m[K’
  394 |   [01;36m[Kpublish[m[K(const rcl_serialized_message_t & serialized_msg)
      |   [01;36m[K^~~~~~~[m[K
[01m[K/opt/ros/jazzy/include/rclcpp/rclcpp/publisher.hpp:394:44:[m[K [01;36m[Knote: [m[K  no known conversion for argument 1 from ‘[01m[Kconst example_interfaces::msg::Int64_<std::allocator<void> >::SharedPtr[m[K’ {aka ‘[01m[Kconst std::shared_ptr<example_interfaces::msg::Int64_<std::allocator<void> > >[m[K’} to ‘[01m[Kconst rcl_serialized_message_t&[m[K’ {aka ‘[01m[Kconst rcutils_uint8_array_s&[m[K’}
  394 |   publish([01;36m[Kconst rcl_serialized_message_t & serialized_msg[m[K)
      |           [01;36m[K~~~~~~~~~~~~~~~~~~~~~~~~~~~~~~~~~^~~~~~~~~~~~~~[m[K
[01m[K/opt/ros/jazzy/include/rclcpp/rclcpp/publisher.hpp:400:3:[m[K [01;36m[Knote: [m[Kcandidate: ‘[01m[Kvoid rclcpp::Publisher<MessageT, AllocatorT>::[01;32m[Kpublish[m[K(const rclcpp::SerializedMessage&) [35m[K[with MessageT = example_interfaces::msg::Int64_<std::allocator<void> >; AllocatorT = std::allocator<void>][m[K[m[K’
  400 |   [01;36m[Kpublish[m[K(const SerializedMessage & serialized_msg)
      |   [01;36m[K^~~~~~~[m[K
[01m[K/opt/ros/jazzy/include/rclcpp/rclcpp/publisher.hpp:400:37:[m[K [01;36m[Knote: [m[K  no known conversion for argument 1 from ‘[01m[Kconst example_interfaces::msg::Int64_<std::allocator<void> >::SharedPtr[m[K’ {aka ‘[01m[Kconst std::shared_ptr<example_interfaces::msg::Int64_<std::allocator<void> > >[m[K’} to ‘[01m[Kconst rclcpp::SerializedMessage&[m[K’
  400 |   publish([01;36m[Kconst SerializedMessage & serialized_msg[m[K)
      |           [01;36m[K~~~~~~~~~~~~~~~~~~~~~~~~~~^~~~~~~~~~~~~~[m[K
[01m[K/opt/ros/jazzy/include/rclcpp/rclcpp/publisher.hpp:414:3:[m[K [01;36m[Knote: [m[Kcandidate: ‘[01m[Kvoid rclcpp::Publisher<MessageT, AllocatorT>::[01;32m[Kpublish[m[K(rclcpp::LoanedMessage<typename rclcpp::TypeAdapter<MessageT>::ros_message_type, AllocatorT>&&) [35m[K[with MessageT = example_interfaces::msg::Int64_<std::allocator<void> >; AllocatorT = std::allocator<void>; typename rclcpp::TypeAdapter<MessageT>::ros_message_type = example_interfaces::msg::Int64_<std::allocator<void> >][m[K[m[K’
  414 |   [01;36m[Kpublish[m[K(rclcpp::LoanedMessage<ROSMessageType, AllocatorT> && loaned_msg)
      |   [01;36m[K^~~~~~~[m[K
[01m[K/opt/ros/jazzy/include/rclcpp/rclcpp/publisher.hpp:414:64:[m[K [01;36m[Knote: [m[K  no known conversion for argument 1 from ‘[01m[Kconst example_interfaces::msg::Int64_<std::allocator<void> >::SharedPtr[m[K’ {aka ‘[01m[Kconst std::shared_ptr<example_interfaces::msg::Int64_<std::allocator<void> > >[m[K’} to ‘[01m[Krclcpp::LoanedMessage<example_interfaces::msg::Int64_<std::allocator<void> >, std::allocator<void> >&&[m[K’
  414 |   publish([01;36m[Krclcpp::LoanedMessage<ROSMessageType, AllocatorT> && loaned_msg[m[K)
      |           [01;36m[K~~~~~~~~~~~~~~~~~~~~~~~~~~~~~~~~~~~~~~~~~~~~~~~~~~~~~^~~~~~~~~~[m[K
gmake[2]: *** [CMakeFiles/number_counter_node.dir/build.make:76: CMakeFiles/number_counter_node.dir/src/numbercounter.cpp.o] Error 1
gmake[1]: *** [CMakeFiles/Makefile2:193: CMakeFiles/number_counter_node.dir/all] Error 2
gmake: *** [Makefile:146: all] Error 2
