[ 50%] Built target turtlecontrol_node
[ 75%] [32mBuilding CXX object CMakeFiles/turtlespawn_node.dir/src/turtlespawnnode.cpp.o[0m
[01m[K/home/ros/ros2_ws/src/turtle_save_pkg/src/turtlespawnnode.cpp:[m[K In member function ‘[01m[Kvoid TurtleSpawnNode::[01;32m[KHandleGetNextTurtleService[m[K(std::shared_ptr<custom_interfaces::srv::TargetTurtleInfo_Request_<std::allocator<void> > >, std::shared_ptr<custom_interfaces::srv::TargetTurtleInfo_Response_<std::allocator<void> > >)[m[K’:
[01m[K/home/ros/ros2_ws/src/turtle_save_pkg/src/turtlespawnnode.cpp:93:77:[m[K [01;35m[Kwarning: [m[Kunused parameter ‘[01m[Kresponse[m[K’ [[01;35m[K]8;;https://gcc.gnu.org/onlinedocs/gcc/Warning-Options.html#index-Wunused-parameter-Wunused-parameter]8;;[m[K]
   93 |         [01;35m[Kstd::shared_ptr<custom_interfaces::srv::TargetTurtleInfo::Response> response[m[K)
      |         [01;35m[K~~~~~~~~~~~~~~~~~~~~~~~~~~~~~~~~~~~~~~~~~~~~~~~~~~~~~~~~~~~~~~~~~~~~^~~~~~~~[m[K
[100%] [32m[1mLinking CXX executable turtlespawn_node[0m
[100%] Built target turtlespawn_node
-- Install configuration: ""
-- Installing: /home/ros/ros2_ws/install/turtle_save_pkg/lib/turtle_save_pkg/turtlespawn_node
-- Set non-toolchain portion of runtime path of "/home/ros/ros2_ws/install/turtle_save_pkg/lib/turtle_save_pkg/turtlespawn_node" to ""
-- Up-to-date: /home/ros/ros2_ws/install/turtle_save_pkg/lib/turtle_save_pkg/turtlecontrol_node
-- Up-to-date: /home/ros/ros2_ws/install/turtle_save_pkg/share/ament_index/resource_index/package_run_dependencies/turtle_save_pkg
-- Up-to-date: /home/ros/ros2_ws/install/turtle_save_pkg/share/ament_index/resource_index/parent_prefix_path/turtle_save_pkg
-- Up-to-date: /home/ros/ros2_ws/install/turtle_save_pkg/share/turtle_save_pkg/environment/ament_prefix_path.sh
-- Up-to-date: /home/ros/ros2_ws/install/turtle_save_pkg/share/turtle_save_pkg/environment/ament_prefix_path.dsv
-- Up-to-date: /home/ros/ros2_ws/install/turtle_save_pkg/share/turtle_save_pkg/environment/path.sh
-- Up-to-date: /home/ros/ros2_ws/install/turtle_save_pkg/share/turtle_save_pkg/environment/path.dsv
-- Up-to-date: /home/ros/ros2_ws/install/turtle_save_pkg/share/turtle_save_pkg/local_setup.bash
-- Up-to-date: /home/ros/ros2_ws/install/turtle_save_pkg/share/turtle_save_pkg/local_setup.sh
-- Up-to-date: /home/ros/ros2_ws/install/turtle_save_pkg/share/turtle_save_pkg/local_setup.zsh
-- Up-to-date: /home/ros/ros2_ws/install/turtle_save_pkg/share/turtle_save_pkg/local_setup.dsv
-- Installing: /home/ros/ros2_ws/install/turtle_save_pkg/share/turtle_save_pkg/package.dsv
-- Up-to-date: /home/ros/ros2_ws/install/turtle_save_pkg/share/ament_index/resource_index/packages/turtle_save_pkg
-- Up-to-date: /home/ros/ros2_ws/install/turtle_save_pkg/share/turtle_save_pkg/cmake/turtle_save_pkgConfig.cmake
-- Up-to-date: /home/ros/ros2_ws/install/turtle_save_pkg/share/turtle_save_pkg/cmake/turtle_save_pkgConfig-version.cmake
-- Up-to-date: /home/ros/ros2_ws/install/turtle_save_pkg/share/turtle_save_pkg/package.xml
