[ 25%] [32mBuilding CXX object CMakeFiles/turtlespawn_node.dir/src/turtlespawnnode.cpp.o[0m
[ 75%] Built target turtlecontrol_node
[01m[K/home/ros/ros2_ws/src/turtle_save_pkg/src/turtlespawnnode.cpp:19:2:[m[K [01;31m[Kerror: [m[Kexpected ‘[01m[K;[m[K’ after class definition
   19 | }
      |  [01;31m[K^[m[K
      |  [32m[K;[m[K
[01m[K/home/ros/ros2_ws/src/turtle_save_pkg/src/turtlespawnnode.cpp:[m[K In constructor ‘[01m[KTurtlePosInfo::[01;32m[KTurtlePosInfo[m[K(float, float, float, std::string)[m[K’:
[01m[K/home/ros/ros2_ws/src/turtle_save_pkg/src/turtlespawnnode.cpp:11:92:[m[K [01;31m[Kerror: [m[K‘[01m[K_theta[m[K’ was not declared in this scope; did you mean ‘[01m[Ktheta[m[K’?
   11 |     TurtlePosInfo(float _x, float _y, float theta, std::string _name): x(_x), y(_y), theta([01;31m[K_theta[m[K), name(_name)
      |                                                                                            [01;31m[K^~~~~~[m[K
      |                                                                                            [32m[Ktheta[m[K
[01m[K/home/ros/ros2_ws/src/turtle_save_pkg/src/turtlespawnnode.cpp:11:45:[m[K [01;35m[Kwarning: [m[Kunused parameter ‘[01m[Ktheta[m[K’ [[01;35m[K]8;;https://gcc.gnu.org/onlinedocs/gcc/Warning-Options.html#index-Wunused-parameter-Wunused-parameter]8;;[m[K]
   11 |     TurtlePosInfo(float _x, float _y, [01;35m[Kfloat theta[m[K, std::string _name): x(_x), y(_y), theta(_theta), name(_name)
      |                                       [01;35m[K~~~~~~^~~~~[m[K
[01m[K/home/ros/ros2_ws/src/turtle_save_pkg/src/turtlespawnnode.cpp:[m[K In member function ‘[01m[Kvoid TurtleSpawnNode::[01;32m[KspawnCompleteCallBack[m[K(rclcpp::Client<turtlesim::srv::Spawn>::SharedFuture)[m[K’:
[01m[K/home/ros/ros2_ws/src/turtle_save_pkg/src/turtlespawnnode.cpp:78:34:[m[K [01;31m[Kerror: [m[Kno matching function for call to ‘[01m[Kstd::vector<custom_interfaces::srv::TargetTurtleInfo>::push_back(TurtlePosInfo&)[m[K’
   78 |             [01;31m[KturtleQueue.push_back(t)[m[K;
      |             [01;31m[K~~~~~~~~~~~~~~~~~~~~~^~~[m[K
In file included from [01m[K/usr/include/c++/13/vector:66[m[K,
                 from [01m[K/opt/ros/jazzy/include/rclcpp/rclcpp/copy_all_parameter_values.hpp:19[m[K,
                 from [01m[K/opt/ros/jazzy/include/rclcpp/rclcpp/rclcpp.hpp:171[m[K,
                 from [01m[K/home/ros/ros2_ws/src/turtle_save_pkg/src/turtlespawnnode.cpp:1[m[K:
[01m[K/usr/include/c++/13/bits/stl_vector.h:1281:7:[m[K [01;36m[Knote: [m[Kcandidate: ‘[01m[Kvoid std::vector<_Tp, _Alloc>::[01;32m[Kpush_back[m[K(const value_type&) [35m[K[with _Tp = custom_interfaces::srv::TargetTurtleInfo; _Alloc = std::allocator<custom_interfaces::srv::TargetTurtleInfo>; value_type = custom_interfaces::srv::TargetTurtleInfo][m[K[m[K’
 1281 |       [01;36m[Kpush_back[m[K(const value_type& __x)
      |       [01;36m[K^~~~~~~~~[m[K
[01m[K/usr/include/c++/13/bits/stl_vector.h:1281:35:[m[K [01;36m[Knote: [m[K  no known conversion for argument 1 from ‘[01m[KTurtlePosInfo[m[K’ to ‘[01m[Kconst std::vector<custom_interfaces::srv::TargetTurtleInfo>::value_type&[m[K’ {aka ‘[01m[Kconst custom_interfaces::srv::TargetTurtleInfo&[m[K’}
 1281 |       push_back([01;36m[Kconst value_type& __x[m[K)
      |                 [01;36m[K~~~~~~~~~~~~~~~~~~^~~[m[K
[01m[K/usr/include/c++/13/bits/stl_vector.h:1298:7:[m[K [01;36m[Knote: [m[Kcandidate: ‘[01m[Kvoid std::vector<_Tp, _Alloc>::[01;32m[Kpush_back[m[K(value_type&&) [35m[K[with _Tp = custom_interfaces::srv::TargetTurtleInfo; _Alloc = std::allocator<custom_interfaces::srv::TargetTurtleInfo>; value_type = custom_interfaces::srv::TargetTurtleInfo][m[K[m[K’
 1298 |       [01;36m[Kpush_back[m[K(value_type&& __x)
      |       [01;36m[K^~~~~~~~~[m[K
[01m[K/usr/include/c++/13/bits/stl_vector.h:1298:30:[m[K [01;36m[Knote: [m[K  no known conversion for argument 1 from ‘[01m[KTurtlePosInfo[m[K’ to ‘[01m[Kstd::vector<custom_interfaces::srv::TargetTurtleInfo>::value_type&&[m[K’ {aka ‘[01m[Kcustom_interfaces::srv::TargetTurtleInfo&&[m[K’}
 1298 |       push_back([01;36m[Kvalue_type&& __x[m[K)
      |                 [01;36m[K~~~~~~~~~~~~~^~~[m[K
[01m[K/home/ros/ros2_ws/src/turtle_save_pkg/src/turtlespawnnode.cpp:[m[K In member function ‘[01m[Kvoid TurtleSpawnNode::[01;32m[KHandleGetNextTurtleService[m[K(std::shared_ptr<custom_interfaces::srv::TargetTurtleInfo_Request_<std::allocator<void> > >, std::shared_ptr<custom_interfaces::srv::TargetTurtleInfo_Response_<std::allocator<void> > >)[m[K’:
[01m[K/home/ros/ros2_ws/src/turtle_save_pkg/src/turtlespawnnode.cpp:97:43:[m[K [01;31m[Kerror: [m[Kno match for ‘[01m[Koperator=[m[K’ (operand types are ‘[01m[Kcustom_interfaces::srv::TargetTurtleInfo_Response_<std::allocator<void> >::_name_type[m[K’ {aka ‘[01m[Kstd::__cxx11::basic_string<char>[m[K’} and ‘[01m[K__gnu_cxx::__alloc_traits<std::allocator<custom_interfaces::srv::TargetTurtleInfo>, custom_interfaces::srv::TargetTurtleInfo>::value_type[m[K’ {aka ‘[01m[Kcustom_interfaces::srv::TargetTurtleInfo[m[K’})
   97 |         response->name = turtleQueue.back([01;31m[K)[m[K;
      |                                           [01;31m[K^[m[K
In file included from [01m[K/usr/include/c++/13/string:54[m[K,
                 from [01m[K/opt/ros/jazzy/include/rclcpp/rclcpp/copy_all_parameter_values.hpp:18[m[K:
[01m[K/usr/include/c++/13/bits/basic_string.h:936:8:[m[K [01;36m[Knote: [m[Kcandidate: ‘[01m[Ktemplate<class _Tp> std::__cxx11::basic_string<_CharT, _Traits, _Alloc>::_If_sv<_Tp, std::__cxx11::basic_string<_CharT, _Traits, _Alloc>&> std::__cxx11::basic_string<_CharT, _Traits, _Alloc>::[01;32m[Koperator=[m[K(const _Tp&) [35m[K[with _CharT = char; _Traits = std::char_traits<char>; _Alloc = std::allocator<char>][m[K[m[K’
  936 |        [01;36m[Koperator[m[K=(const _Tp& __svt)
      |        [01;36m[K^~~~~~~~[m[K
[01m[K/usr/include/c++/13/bits/basic_string.h:936:8:[m[K [01;36m[Knote: [m[K  template argument deduction/substitution failed:
In file included from [01m[K/usr/include/c++/13/bits/move.h:37[m[K,
                 from [01m[K/usr/include/c++/13/bits/new_allocator.h:36[m[K,
                 from [01m[K/usr/include/x86_64-linux-gnu/c++/13/bits/c++allocator.h:33[m[K,
                 from [01m[K/usr/include/c++/13/bits/allocator.h:46[m[K,
                 from [01m[K/usr/include/c++/13/memory:65[m[K,
                 from [01m[K/opt/ros/jazzy/include/rclcpp/rclcpp/rclcpp.hpp:169[m[K:
/usr/include/c++/13/type_traits: In substitution of ‘[01m[Ktemplate<bool _Cond, class _Tp> using std::enable_if_t = typename std::enable_if::type [35m[K[with bool _Cond = false; _Tp = std::__cxx11::basic_string<char>&][m[K[m[K’:
[01m[K/usr/include/c++/13/bits/basic_string.h:144:8:[m[K   required by substitution of ‘[01m[Ktemplate<class _CharT, class _Traits, class _Alloc> template<class _Tp, class _Res> using std::__cxx11::basic_string<_CharT, _Traits, _Alloc>::_If_sv = std::enable_if_t<std::__and_<std::is_convertible<const _Tp&, std::basic_string_view<_CharT, _Traits> >, std::__not_<std::is_convertible<const _Tp*, const std::__cxx11::basic_string<_CharT, _Traits, _Alloc>*> >, std::__not_<std::is_convertible<const _Tp&, const _CharT*> > >::value, _Res> [35m[K[with _Tp = custom_interfaces::srv::TargetTurtleInfo; _Res = std::__cxx11::basic_string<char>&; _CharT = char; _Traits = std::char_traits<char>; _Alloc = std::allocator<char>][m[K[m[K’
[01m[K/usr/include/c++/13/bits/basic_string.h:936:8:[m[K   required by substitution of ‘[01m[Ktemplate<class _Tp> std::__cxx11::basic_string<char>::_If_sv<_Tp, std::__cxx11::basic_string<char>&> std::__cxx11::basic_string<char>::[01;32m[Koperator=[m[K(const _Tp&) [35m[K[with _Tp = custom_interfaces::srv::TargetTurtleInfo][m[K[m[K’
[01m[K/home/ros/ros2_ws/src/turtle_save_pkg/src/turtlespawnnode.cpp:97:43:[m[K   required from here
[01m[K/usr/include/c++/13/type_traits:2610:11:[m[K [01;31m[Kerror: [m[Kno type named ‘[01m[Ktype[m[K’ in ‘[01m[Kstruct std::enable_if<false, std::__cxx11::basic_string<char>&>[m[K’
 2610 |     using [01;31m[Kenable_if_t[m[K = typename enable_if<_Cond, _Tp>::type;
      |           [01;31m[K^~~~~~~~~~~[m[K
[01m[K/usr/include/c++/13/bits/basic_string.h:812:7:[m[K [01;36m[Knote: [m[Kcandidate: ‘[01m[Kstd::__cxx11::basic_string<_CharT, _Traits, _Alloc>& std::__cxx11::basic_string<_CharT, _Traits, _Alloc>::[01;32m[Koperator=[m[K(const std::__cxx11::basic_string<_CharT, _Traits, _Alloc>&) [35m[K[with _CharT = char; _Traits = std::char_traits<char>; _Alloc = std::allocator<char>][m[K[m[K’
  812 |       [01;36m[Koperator[m[K=(const basic_string& __str)
      |       [01;36m[K^~~~~~~~[m[K
[01m[K/usr/include/c++/13/bits/basic_string.h:812:37:[m[K [01;36m[Knote: [m[K  no known conversion for argument 1 from ‘[01m[K__gnu_cxx::__alloc_traits<std::allocator<custom_interfaces::srv::TargetTurtleInfo>, custom_interfaces::srv::TargetTurtleInfo>::value_type[m[K’ {aka ‘[01m[Kcustom_interfaces::srv::TargetTurtleInfo[m[K’} to ‘[01m[Kconst std::__cxx11::basic_string<char>&[m[K’
  812 |       operator=([01;36m[Kconst basic_string& __str[m[K)
      |                 [01;36m[K~~~~~~~~~~~~~~~~~~~~^~~~~[m[K
[01m[K/usr/include/c++/13/bits/basic_string.h:823:7:[m[K [01;36m[Knote: [m[Kcandidate: ‘[01m[Kstd::__cxx11::basic_string<_CharT, _Traits, _Alloc>& std::__cxx11::basic_string<_CharT, _Traits, _Alloc>::[01;32m[Koperator=[m[K(const _CharT*) [35m[K[with _CharT = char; _Traits = std::char_traits<char>; _Alloc = std::allocator<char>][m[K[m[K’
  823 |       [01;36m[Koperator[m[K=(const _CharT* __s)
      |       [01;36m[K^~~~~~~~[m[K
[01m[K/usr/include/c++/13/bits/basic_string.h:823:31:[m[K [01;36m[Knote: [m[K  no known conversion for argument 1 from ‘[01m[K__gnu_cxx::__alloc_traits<std::allocator<custom_interfaces::srv::TargetTurtleInfo>, custom_interfaces::srv::TargetTurtleInfo>::value_type[m[K’ {aka ‘[01m[Kcustom_interfaces::srv::TargetTurtleInfo[m[K’} to ‘[01m[Kconst char*[m[K’
  823 |       operator=([01;36m[Kconst _CharT* __s[m[K)
      |                 [01;36m[K~~~~~~~~~~~~~~^~~[m[K
[01m[K/usr/include/c++/13/bits/basic_string.h:835:7:[m[K [01;36m[Knote: [m[Kcandidate: ‘[01m[Kstd::__cxx11::basic_string<_CharT, _Traits, _Alloc>& std::__cxx11::basic_string<_CharT, _Traits, _Alloc>::[01;32m[Koperator=[m[K(_CharT) [35m[K[with _CharT = char; _Traits = std::char_traits<char>; _Alloc = std::allocator<char>][m[K[m[K’
  835 |       [01;36m[Koperator[m[K=(_CharT __c)
      |       [01;36m[K^~~~~~~~[m[K
[01m[K/usr/include/c++/13/bits/basic_string.h:835:24:[m[K [01;36m[Knote: [m[K  no known conversion for argument 1 from ‘[01m[K__gnu_cxx::__alloc_traits<std::allocator<custom_interfaces::srv::TargetTurtleInfo>, custom_interfaces::srv::TargetTurtleInfo>::value_type[m[K’ {aka ‘[01m[Kcustom_interfaces::srv::TargetTurtleInfo[m[K’} to ‘[01m[Kchar[m[K’
  835 |       operator=([01;36m[K_CharT __c[m[K)
      |                 [01;36m[K~~~~~~~^~~[m[K
[01m[K/usr/include/c++/13/bits/basic_string.h:853:7:[m[K [01;36m[Knote: [m[Kcandidate: ‘[01m[Kstd::__cxx11::basic_string<_CharT, _Traits, _Alloc>& std::__cxx11::basic_string<_CharT, _Traits, _Alloc>::[01;32m[Koperator=[m[K(std::__cxx11::basic_string<_CharT, _Traits, _Alloc>&&) [35m[K[with _CharT = char; _Traits = std::char_traits<char>; _Alloc = std::allocator<char>][m[K[m[K’
  853 |       [01;36m[Koperator[m[K=(basic_string&& __str)
      |       [01;36m[K^~~~~~~~[m[K
[01m[K/usr/include/c++/13/bits/basic_string.h:853:32:[m[K [01;36m[Knote: [m[K  no known conversion for argument 1 from ‘[01m[K__gnu_cxx::__alloc_traits<std::allocator<custom_interfaces::srv::TargetTurtleInfo>, custom_interfaces::srv::TargetTurtleInfo>::value_type[m[K’ {aka ‘[01m[Kcustom_interfaces::srv::TargetTurtleInfo[m[K’} to ‘[01m[Kstd::__cxx11::basic_string<char>&&[m[K’
  853 |       operator=([01;36m[Kbasic_string&& __str[m[K)
      |                 [01;36m[K~~~~~~~~~~~~~~~^~~~~[m[K
[01m[K/usr/include/c++/13/bits/basic_string.h:921:7:[m[K [01;36m[Knote: [m[Kcandidate: ‘[01m[Kstd::__cxx11::basic_string<_CharT, _Traits, _Alloc>& std::__cxx11::basic_string<_CharT, _Traits, _Alloc>::[01;32m[Koperator=[m[K(std::initializer_list<_Tp>) [35m[K[with _CharT = char; _Traits = std::char_traits<char>; _Alloc = std::allocator<char>][m[K[m[K’
  921 |       [01;36m[Koperator[m[K=(initializer_list<_CharT> __l)
      |       [01;36m[K^~~~~~~~[m[K
[01m[K/usr/include/c++/13/bits/basic_string.h:921:42:[m[K [01;36m[Knote: [m[K  no known conversion for argument 1 from ‘[01m[K__gnu_cxx::__alloc_traits<std::allocator<custom_interfaces::srv::TargetTurtleInfo>, custom_interfaces::srv::TargetTurtleInfo>::value_type[m[K’ {aka ‘[01m[Kcustom_interfaces::srv::TargetTurtleInfo[m[K’} to ‘[01m[Kstd::initializer_list<char>[m[K’
  921 |       operator=([01;36m[Kinitializer_list<_CharT> __l[m[K)
      |                 [01;36m[K~~~~~~~~~~~~~~~~~~~~~~~~~^~~[m[K
gmake[2]: *** [CMakeFiles/turtlespawn_node.dir/build.make:76: CMakeFiles/turtlespawn_node.dir/src/turtlespawnnode.cpp.o] Error 1
gmake[1]: *** [CMakeFiles/Makefile2:139: CMakeFiles/turtlespawn_node.dir/all] Error 2
gmake: *** [Makefile:146: all] Error 2
