-- Found ament_cmake: 2.5.4 (/opt/ros/jazzy/share/ament_cmake/cmake)
-- Found rclcpp: 28.1.12 (/opt/ros/jazzy/share/rclcpp/cmake)
-- Found rosidl_generator_c: 4.6.6 (/opt/ros/jazzy/share/rosidl_generator_c/cmake)
-- Found rosidl_generator_cpp: 4.6.6 (/opt/ros/jazzy/share/rosidl_generator_cpp/cmake)
-- Using all available rosidl_typesupport_c: rosidl_typesupport_fastrtps_c;rosidl_typesupport_introspection_c
-- Using all available rosidl_typesupport_cpp: rosidl_typesupport_fastrtps_cpp;rosidl_typesupport_introspection_cpp
-- Found rmw_implementation_cmake: 7.3.2 (/opt/ros/jazzy/share/rmw_implementation_cmake/cmake)
-- Found rmw_fastrtps_cpp: 8.4.3 (/opt/ros/jazzy/share/rmw_fastrtps_cpp/cmake)
-- Using RMW implementation 'rmw_fastrtps_cpp' as default
-- Found example_interfaces: 0.12.0 (/opt/ros/jazzy/share/example_interfaces/cmake)
-- Found ament_lint_auto: 0.17.3 (/opt/ros/jazzy/share/ament_lint_auto/cmake)
-- Added test 'cppcheck' to perform static code analysis on C / C++ code
-- Configured cppcheck include dirs: 
-- Configured cppcheck exclude dirs and/or files: 
-- Added test 'lint_cmake' to check CMake code style
-- Added test 'uncrustify' to check C / C++ code style
-- Configured uncrustify additional arguments: 
-- Added test 'xmllint' to check XML markup files
-- Configuring done (0.8s)
-- Generating done (0.0s)
-- Build files have been written to: /home/ros/ros2_ws/build/my_cpp_pkg
[ 16%] [32mBuilding CXX object CMakeFiles/number_counter_node.dir/src/numbercounter.cpp.o[0m
[ 50%] Built target number_publisher_node
[ 83%] Built target cpp_node
[01m[K/home/ros/ros2_ws/src/my_cpp_pkg/src/numbercounter.cpp:[m[K In constructor ‘[01m[KNumberCounterNode::[01;32m[KNumberCounterNode[m[K()[m[K’:
[01m[K/home/ros/ros2_ws/src/my_cpp_pkg/src/numbercounter.cpp:11:29:[m[K [01;31m[Kerror: [m[K‘[01m[Kclass NumberCounterNode[m[K’ has no member named ‘[01m[Kcreaete_subscription[m[K’; did you mean ‘[01m[Kcreate_subscription[m[K’?
   11 |         subscriber_ = this->[01;31m[Kcreaete_subscription[m[K<example_interfaces::msg::Int64>("number", 10, std::bind(&NumberCounterNode::EventRecievedCallBack, this, _1));
      |                             [01;31m[K^~~~~~~~~~~~~~~~~~~~[m[K
      |                             [32m[Kcreate_subscription[m[K
[01m[K/home/ros/ros2_ws/src/my_cpp_pkg/src/numbercounter.cpp:11:80:[m[K [01;31m[Kerror: [m[Kexpected primary-expression before ‘[01m[K>[m[K’ token
   11 |         subscriber_ = this->creaete_subscription<example_interfaces::msg::Int64[01;31m[K>[m[K("number", 10, std::bind(&NumberCounterNode::EventRecievedCallBack, this, _1));
      |                                                                                [01;31m[K^[m[K
[01m[K/home/ros/ros2_ws/src/my_cpp_pkg/src/numbercounter.cpp:11:82:[m[K [01;35m[Kwarning: [m[Kleft operand of comma operator has no effect [[01;35m[K]8;;https://gcc.gnu.org/onlinedocs/gcc/Warning-Options.html#index-Wunused-value-Wunused-value]8;;[m[K]
   11 |         subscriber_ = this->creaete_subscription<example_interfaces::msg::Int64>([01;35m[K"number"[m[K, 10, std::bind(&NumberCounterNode::EventRecievedCallBack, this, _1));
      |                                                                                  [01;35m[K^~~~~~~~[m[K
[01m[K/home/ros/ros2_ws/src/my_cpp_pkg/src/numbercounter.cpp:11:155:[m[K [01;31m[Kerror: [m[K‘[01m[K_1[m[K’ was not declared in this scope; did you mean ‘[01m[Kstd::placeholders::_1[m[K’?
   11 |         subscriber_ = this->creaete_subscription<example_interfaces::msg::Int64>("number", 10, std::bind(&NumberCounterNode::EventRecievedCallBack, this, [01;31m[K_1[m[K));
      |                                                                                                                                                           [01;31m[K^~[m[K
      |                                                                                                                                                           [32m[Kstd::placeholders::_1[m[K
In file included from [01m[K/opt/ros/jazzy/include/rclcpp/rclcpp/utilities.hpp:19[m[K,
                 from [01m[K/opt/ros/jazzy/include/rclcpp/rclcpp/logging.hpp:25[m[K,
                 from [01m[K/opt/ros/jazzy/include/rclcpp/rclcpp/copy_all_parameter_values.hpp:27[m[K,
                 from [01m[K/opt/ros/jazzy/include/rclcpp/rclcpp/rclcpp.hpp:171[m[K,
                 from [01m[K/home/ros/ros2_ws/src/my_cpp_pkg/src/numbercounter.cpp:1[m[K:
[01m[K/usr/include/c++/13/functional:294:48:[m[K [01;36m[Knote: [m[K‘[01m[Kstd::placeholders::_1[m[K’ declared here
  294 |     _GLIBCXX_PLACEHOLDER const _Placeholder<1> [01;36m[K_1[m[K;
      |                                                [01;36m[K^~[m[K
gmake[2]: *** [CMakeFiles/number_counter_node.dir/build.make:76: CMakeFiles/number_counter_node.dir/src/numbercounter.cpp.o] Error 1
gmake[1]: *** [CMakeFiles/Makefile2:193: CMakeFiles/number_counter_node.dir/all] Error 2
gmake: *** [Makefile:146: all] Error 2
