[0.012s] Invoking command in '/home/ros/ros2_ws/build/my_cpp_pkg': CMAKE_PREFIX_PATH=${CMAKE_PREFIX_PATH}:/opt/ros/jazzy /usr/bin/cmake --build /home/ros/ros2_ws/build/my_cpp_pkg -- -j22 -l22
[0.073s] -- Found ament_cmake: 2.5.4 (/opt/ros/jazzy/share/ament_cmake/cmake)
[0.251s] -- Found rclcpp: 28.1.12 (/opt/ros/jazzy/share/rclcpp/cmake)
[0.369s] -- Found rosidl_generator_c: 4.6.6 (/opt/ros/jazzy/share/rosidl_generator_c/cmake)
[0.378s] -- Found rosidl_generator_cpp: 4.6.6 (/opt/ros/jazzy/share/rosidl_generator_cpp/cmake)
[0.391s] -- Using all available rosidl_typesupport_c: rosidl_typesupport_fastrtps_c;rosidl_typesupport_introspection_c
[0.405s] -- Using all available rosidl_typesupport_cpp: rosidl_typesupport_fastrtps_cpp;rosidl_typesupport_introspection_cpp
[0.469s] -- Found rmw_implementation_cmake: 7.3.2 (/opt/ros/jazzy/share/rmw_implementation_cmake/cmake)
[0.472s] -- Found rmw_fastrtps_cpp: 8.4.3 (/opt/ros/jazzy/share/rmw_fastrtps_cpp/cmake)
[0.633s] -- Using RMW implementation 'rmw_fastrtps_cpp' as default
[0.766s] -- Found example_interfaces: 0.12.0 (/opt/ros/jazzy/share/example_interfaces/cmake)
[0.815s] -- Found ament_lint_auto: 0.17.3 (/opt/ros/jazzy/share/ament_lint_auto/cmake)
[0.894s] -- Added test 'cppcheck' to perform static code analysis on C / C++ code
[0.894s] -- Configured cppcheck include dirs: 
[0.894s] -- Configured cppcheck exclude dirs and/or files: 
[0.895s] -- Added test 'lint_cmake' to check CMake code style
[0.896s] -- Added test 'uncrustify' to check C / C++ code style
[0.896s] -- Configured uncrustify additional arguments: 
[0.896s] -- Added test 'xmllint' to check XML markup files
[0.898s] -- Configuring done (0.8s)
[0.919s] -- Generating done (0.0s)
[0.924s] -- Build files have been written to: /home/ros/ros2_ws/build/my_cpp_pkg
[0.951s] [ 16%] [32mBuilding CXX object CMakeFiles/number_counter_node.dir/src/numbercounter.cpp.o[0m
[0.953s] [ 50%] Built target number_publisher_node
[0.955s] [ 83%] Built target cpp_node
[2.818s] [01m[K/home/ros/ros2_ws/src/my_cpp_pkg/src/numbercounter.cpp:[m[K In constructor ‘[01m[KNumberCounterNode::[01;32m[KNumberCounterNode[m[K()[m[K’:
[2.818s] [01m[K/home/ros/ros2_ws/src/my_cpp_pkg/src/numbercounter.cpp:11:29:[m[K [01;31m[Kerror: [m[K‘[01m[Kclass NumberCounterNode[m[K’ has no member named ‘[01m[Kcreaete_subscription[m[K’; did you mean ‘[01m[Kcreate_subscription[m[K’?
[2.818s]    11 |         subscriber_ = this->[01;31m[Kcreaete_subscription[m[K<example_interfaces::msg::Int64>("number", 10, std::bind(&NumberCounterNode::EventRecievedCallBack, this, _1));
[2.818s]       |                             [01;31m[K^~~~~~~~~~~~~~~~~~~~[m[K
[2.818s]       |                             [32m[Kcreate_subscription[m[K
[2.819s] [01m[K/home/ros/ros2_ws/src/my_cpp_pkg/src/numbercounter.cpp:11:80:[m[K [01;31m[Kerror: [m[Kexpected primary-expression before ‘[01m[K>[m[K’ token
[2.819s]    11 |         subscriber_ = this->creaete_subscription<example_interfaces::msg::Int64[01;31m[K>[m[K("number", 10, std::bind(&NumberCounterNode::EventRecievedCallBack, this, _1));
[2.819s]       |                                                                                [01;31m[K^[m[K
[2.819s] [01m[K/home/ros/ros2_ws/src/my_cpp_pkg/src/numbercounter.cpp:11:82:[m[K [01;35m[Kwarning: [m[Kleft operand of comma operator has no effect [[01;35m[K]8;;https://gcc.gnu.org/onlinedocs/gcc/Warning-Options.html#index-Wunused-value-Wunused-value]8;;[m[K]
[2.819s]    11 |         subscriber_ = this->creaete_subscription<example_interfaces::msg::Int64>([01;35m[K"number"[m[K, 10, std::bind(&NumberCounterNode::EventRecievedCallBack, this, _1));
[2.819s]       |                                                                                  [01;35m[K^~~~~~~~[m[K
[2.820s] [01m[K/home/ros/ros2_ws/src/my_cpp_pkg/src/numbercounter.cpp:11:155:[m[K [01;31m[Kerror: [m[K‘[01m[K_1[m[K’ was not declared in this scope; did you mean ‘[01m[Kstd::placeholders::_1[m[K’?
[2.820s]    11 |         subscriber_ = this->creaete_subscription<example_interfaces::msg::Int64>("number", 10, std::bind(&NumberCounterNode::EventRecievedCallBack, this, [01;31m[K_1[m[K));
[2.820s]       |                                                                                                                                                           [01;31m[K^~[m[K
[2.820s]       |                                                                                                                                                           [32m[Kstd::placeholders::_1[m[K
[2.820s] In file included from [01m[K/opt/ros/jazzy/include/rclcpp/rclcpp/utilities.hpp:19[m[K,
[2.820s]                  from [01m[K/opt/ros/jazzy/include/rclcpp/rclcpp/logging.hpp:25[m[K,
[2.820s]                  from [01m[K/opt/ros/jazzy/include/rclcpp/rclcpp/copy_all_parameter_values.hpp:27[m[K,
[2.820s]                  from [01m[K/opt/ros/jazzy/include/rclcpp/rclcpp/rclcpp.hpp:171[m[K,
[2.820s]                  from [01m[K/home/ros/ros2_ws/src/my_cpp_pkg/src/numbercounter.cpp:1[m[K:
[2.820s] [01m[K/usr/include/c++/13/functional:294:48:[m[K [01;36m[Knote: [m[K‘[01m[Kstd::placeholders::_1[m[K’ declared here
[2.820s]   294 |     _GLIBCXX_PLACEHOLDER const _Placeholder<1> [01;36m[K_1[m[K;
[2.820s]       |                                                [01;36m[K^~[m[K
[3.656s] gmake[2]: *** [CMakeFiles/number_counter_node.dir/build.make:76: CMakeFiles/number_counter_node.dir/src/numbercounter.cpp.o] Error 1
[3.656s] gmake[1]: *** [CMakeFiles/Makefile2:193: CMakeFiles/number_counter_node.dir/all] Error 2
[3.656s] gmake: *** [Makefile:146: all] Error 2
[3.658s] Invoked command in '/home/ros/ros2_ws/build/my_cpp_pkg' returned '2': CMAKE_PREFIX_PATH=${CMAKE_PREFIX_PATH}:/opt/ros/jazzy /usr/bin/cmake --build /home/ros/ros2_ws/build/my_cpp_pkg -- -j22 -l22
