[0.089s] Invoking command in '/home/ros/ros2_ws/build/turtle_save_pkg': AMENT_PREFIX_PATH=/home/ros/ros2_ws/install/custom_interfaces:${AMENT_PREFIX_PATH} CMAKE_PREFIX_PATH=/home/ros/ros2_ws/install/custom_interfaces:/home/ros/ros2_ws/install/turtle_save_pkg:/home/ros/ros2_ws/install/my_robot_interfaces:/home/ros/ros2_ws/install/my_cpp_pkg:/opt/ros/jazzy/opt/gz_math_vendor:/opt/ros/jazzy/opt/gz_utils_vendor:/opt/ros/jazzy/opt/gz_cmake_vendor:/opt/ros/jazzy LD_LIBRARY_PATH=/home/ros/ros2_ws/install/custom_interfaces/lib:${LD_LIBRARY_PATH} PYTHONPATH=/home/ros/ros2_ws/install/custom_interfaces/lib/python3.12/site-packages:${PYTHONPATH} /usr/bin/cmake --build /home/ros/ros2_ws/build/turtle_save_pkg -- -j22 -l22
[0.111s] -- Found ament_cmake: 2.5.4 (/opt/ros/jazzy/share/ament_cmake/cmake)
[0.263s] -- Found rclcpp: 28.1.12 (/opt/ros/jazzy/share/rclcpp/cmake)
[0.356s] -- Found rosidl_generator_c: 4.6.6 (/opt/ros/jazzy/share/rosidl_generator_c/cmake)
[0.361s] -- Found rosidl_generator_cpp: 4.6.6 (/opt/ros/jazzy/share/rosidl_generator_cpp/cmake)
[0.369s] -- Using all available rosidl_typesupport_c: rosidl_typesupport_fastrtps_c;rosidl_typesupport_introspection_c
[0.377s] -- Using all available rosidl_typesupport_cpp: rosidl_typesupport_fastrtps_cpp;rosidl_typesupport_introspection_cpp
[0.420s] -- Found rmw_implementation_cmake: 7.3.2 (/opt/ros/jazzy/share/rmw_implementation_cmake/cmake)
[0.421s] -- Found rmw_fastrtps_cpp: 8.4.3 (/opt/ros/jazzy/share/rmw_fastrtps_cpp/cmake)
[0.568s] -- Using RMW implementation 'rmw_fastrtps_cpp' as default
[0.683s] -- Found turtlesim: 1.8.3 (/opt/ros/jazzy/share/turtlesim/cmake)
[0.716s] -- Found example_interfaces: 0.12.0 (/opt/ros/jazzy/share/example_interfaces/cmake)
[0.730s] -- Found geometry_msgs: 5.3.6 (/opt/ros/jazzy/share/geometry_msgs/cmake)
[0.770s] -- Found custom_interfaces: 0.0.0 (/home/ros/ros2_ws/install/custom_interfaces/share/custom_interfaces/cmake)
[0.856s] -- Configuring done (0.7s)
[0.875s] -- Generating done (0.0s)
[0.879s] -- Build files have been written to: /home/ros/ros2_ws/build/turtle_save_pkg
[0.913s] [ 25%] [32mBuilding CXX object CMakeFiles/turtlespawn_node.dir/src/turtlespawnnode.cpp.o[0m
[0.916s] [ 50%] [32mBuilding CXX object CMakeFiles/turtlecontrol_node.dir/src/turtlecontrolnode.cpp.o[0m
[2.958s] [01m[K/home/ros/ros2_ws/src/turtle_save_pkg/src/turtlespawnnode.cpp:[m[K In member function ‘[01m[Kvoid TurtleSpawnNode::[01;32m[KHandleGetNextTurtleService[m[K(std::shared_ptr<custom_interfaces::srv::TargetTurtleInfo_Request_<std::allocator<void> > >, std::shared_ptr<custom_interfaces::srv::TargetTurtleInfo_Response_<std::allocator<void> > >)[m[K’:
[2.958s] [01m[K/home/ros/ros2_ws/src/turtle_save_pkg/src/turtlespawnnode.cpp:74:110:[m[K [01;35m[Kwarning: [m[Kunused parameter ‘[01m[Krequest[m[K’ [[01;35m[K]8;;https://gcc.gnu.org/onlinedocs/gcc/Warning-Options.html#index-Wunused-parameter-Wunused-parameter]8;;[m[K]
[2.958s]    74 | id HandleGetNextTurtleService([01;35m[Kconst std::shared_ptr<custom_interfaces::srv::TargetTurtleInfo::Request> request[m[K,
[2.958s]       |                               [01;35m[K~~~~~~~~~~~~~~~~~~~~~~~~~~~~~~~~~~~~~~~~~~~~~~~~~~~~~~~~~~~~~~~~~~~~~~~~~^~~~~~~[m[K
[2.958s] 
[4.699s] [ 75%] [32m[1mLinking CXX executable turtlespawn_node[0m
[4.975s] [ 75%] Built target turtlespawn_node
[7.181s] [100%] [32m[1mLinking CXX executable turtlecontrol_node[0m
[7.442s] [100%] Built target turtlecontrol_node
[7.451s] Invoked command in '/home/ros/ros2_ws/build/turtle_save_pkg' returned '0': AMENT_PREFIX_PATH=/home/ros/ros2_ws/install/custom_interfaces:${AMENT_PREFIX_PATH} CMAKE_PREFIX_PATH=/home/ros/ros2_ws/install/custom_interfaces:/home/ros/ros2_ws/install/turtle_save_pkg:/home/ros/ros2_ws/install/my_robot_interfaces:/home/ros/ros2_ws/install/my_cpp_pkg:/opt/ros/jazzy/opt/gz_math_vendor:/opt/ros/jazzy/opt/gz_utils_vendor:/opt/ros/jazzy/opt/gz_cmake_vendor:/opt/ros/jazzy LD_LIBRARY_PATH=/home/ros/ros2_ws/install/custom_interfaces/lib:${LD_LIBRARY_PATH} PYTHONPATH=/home/ros/ros2_ws/install/custom_interfaces/lib/python3.12/site-packages:${PYTHONPATH} /usr/bin/cmake --build /home/ros/ros2_ws/build/turtle_save_pkg -- -j22 -l22
[7.458s] Invoking command in '/home/ros/ros2_ws/build/turtle_save_pkg': AMENT_PREFIX_PATH=/home/ros/ros2_ws/install/custom_interfaces:${AMENT_PREFIX_PATH} CMAKE_PREFIX_PATH=/home/ros/ros2_ws/install/custom_interfaces:/home/ros/ros2_ws/install/turtle_save_pkg:/home/ros/ros2_ws/install/my_robot_interfaces:/home/ros/ros2_ws/install/my_cpp_pkg:/opt/ros/jazzy/opt/gz_math_vendor:/opt/ros/jazzy/opt/gz_utils_vendor:/opt/ros/jazzy/opt/gz_cmake_vendor:/opt/ros/jazzy LD_LIBRARY_PATH=/home/ros/ros2_ws/install/custom_interfaces/lib:${LD_LIBRARY_PATH} PYTHONPATH=/home/ros/ros2_ws/install/custom_interfaces/lib/python3.12/site-packages:${PYTHONPATH} /usr/bin/cmake --install /home/ros/ros2_ws/build/turtle_save_pkg
[7.463s] -- Install configuration: ""
[7.464s] -- Installing: /home/ros/ros2_ws/install/turtle_save_pkg/lib/turtle_save_pkg/turtlespawn_node
[7.465s] -- Set non-toolchain portion of runtime path of "/home/ros/ros2_ws/install/turtle_save_pkg/lib/turtle_save_pkg/turtlespawn_node" to ""
[7.466s] -- Installing: /home/ros/ros2_ws/install/turtle_save_pkg/lib/turtle_save_pkg/turtlecontrol_node
[7.469s] -- Set non-toolchain portion of runtime path of "/home/ros/ros2_ws/install/turtle_save_pkg/lib/turtle_save_pkg/turtlecontrol_node" to ""
[7.469s] -- Installing: /home/ros/ros2_ws/install/turtle_save_pkg/share/ament_index/resource_index/package_run_dependencies/turtle_save_pkg
[7.469s] -- Installing: /home/ros/ros2_ws/install/turtle_save_pkg/share/ament_index/resource_index/parent_prefix_path/turtle_save_pkg
[7.470s] -- Up-to-date: /home/ros/ros2_ws/install/turtle_save_pkg/share/turtle_save_pkg/environment/ament_prefix_path.sh
[7.470s] -- Up-to-date: /home/ros/ros2_ws/install/turtle_save_pkg/share/turtle_save_pkg/environment/ament_prefix_path.dsv
[7.470s] -- Up-to-date: /home/ros/ros2_ws/install/turtle_save_pkg/share/turtle_save_pkg/environment/path.sh
[7.470s] -- Up-to-date: /home/ros/ros2_ws/install/turtle_save_pkg/share/turtle_save_pkg/environment/path.dsv
[7.470s] -- Up-to-date: /home/ros/ros2_ws/install/turtle_save_pkg/share/turtle_save_pkg/local_setup.bash
[7.470s] -- Up-to-date: /home/ros/ros2_ws/install/turtle_save_pkg/share/turtle_save_pkg/local_setup.sh
[7.470s] -- Up-to-date: /home/ros/ros2_ws/install/turtle_save_pkg/share/turtle_save_pkg/local_setup.zsh
[7.470s] -- Up-to-date: /home/ros/ros2_ws/install/turtle_save_pkg/share/turtle_save_pkg/local_setup.dsv
[7.470s] -- Installing: /home/ros/ros2_ws/install/turtle_save_pkg/share/turtle_save_pkg/package.dsv
[7.470s] -- Up-to-date: /home/ros/ros2_ws/install/turtle_save_pkg/share/ament_index/resource_index/packages/turtle_save_pkg
[7.470s] -- Up-to-date: /home/ros/ros2_ws/install/turtle_save_pkg/share/turtle_save_pkg/cmake/turtle_save_pkgConfig.cmake
[7.470s] -- Up-to-date: /home/ros/ros2_ws/install/turtle_save_pkg/share/turtle_save_pkg/cmake/turtle_save_pkgConfig-version.cmake
[7.470s] -- Installing: /home/ros/ros2_ws/install/turtle_save_pkg/share/turtle_save_pkg/package.xml
[7.472s] Invoked command in '/home/ros/ros2_ws/build/turtle_save_pkg' returned '0': AMENT_PREFIX_PATH=/home/ros/ros2_ws/install/custom_interfaces:${AMENT_PREFIX_PATH} CMAKE_PREFIX_PATH=/home/ros/ros2_ws/install/custom_interfaces:/home/ros/ros2_ws/install/turtle_save_pkg:/home/ros/ros2_ws/install/my_robot_interfaces:/home/ros/ros2_ws/install/my_cpp_pkg:/opt/ros/jazzy/opt/gz_math_vendor:/opt/ros/jazzy/opt/gz_utils_vendor:/opt/ros/jazzy/opt/gz_cmake_vendor:/opt/ros/jazzy LD_LIBRARY_PATH=/home/ros/ros2_ws/install/custom_interfaces/lib:${LD_LIBRARY_PATH} PYTHONPATH=/home/ros/ros2_ws/install/custom_interfaces/lib/python3.12/site-packages:${PYTHONPATH} /usr/bin/cmake --install /home/ros/ros2_ws/build/turtle_save_pkg
