[ 50%] Built target cpp_node
[ 75%] [32mBuilding CXX object CMakeFiles/number_publisher_node.dir/src/publisher.cpp.o[0m
[100%] [32m[1mLinking CXX executable number_publisher_node[0m
[100%] Built target number_publisher_node
-- Install configuration: ""
-- Installing: /home/ros/ros2_ws/install/my_cpp_pkg/lib/my_cpp_pkg/cpp_node
-- Set non-toolchain portion of runtime path of "/home/ros/ros2_ws/install/my_cpp_pkg/lib/my_cpp_pkg/cpp_node" to ""
-- Installing: /home/ros/ros2_ws/install/my_cpp_pkg/lib/my_cpp_pkg/number_publisher_node
-- Set non-toolchain portion of runtime path of "/home/ros/ros2_ws/install/my_cpp_pkg/lib/my_cpp_pkg/number_publisher_node" to ""
-- Installing: /home/ros/ros2_ws/install/my_cpp_pkg/share/ament_index/resource_index/package_run_dependencies/my_cpp_pkg
-- Installing: /home/ros/ros2_ws/install/my_cpp_pkg/share/ament_index/resource_index/parent_prefix_path/my_cpp_pkg
-- Installing: /home/ros/ros2_ws/install/my_cpp_pkg/share/my_cpp_pkg/environment/ament_prefix_path.sh
-- Installing: /home/ros/ros2_ws/install/my_cpp_pkg/share/my_cpp_pkg/environment/ament_prefix_path.dsv
-- Installing: /home/ros/ros2_ws/install/my_cpp_pkg/share/my_cpp_pkg/environment/path.sh
-- Installing: /home/ros/ros2_ws/install/my_cpp_pkg/share/my_cpp_pkg/environment/path.dsv
-- Installing: /home/ros/ros2_ws/install/my_cpp_pkg/share/my_cpp_pkg/local_setup.bash
-- Installing: /home/ros/ros2_ws/install/my_cpp_pkg/share/my_cpp_pkg/local_setup.sh
-- Installing: /home/ros/ros2_ws/install/my_cpp_pkg/share/my_cpp_pkg/local_setup.zsh
-- Installing: /home/ros/ros2_ws/install/my_cpp_pkg/share/my_cpp_pkg/local_setup.dsv
-- Installing: /home/ros/ros2_ws/install/my_cpp_pkg/share/my_cpp_pkg/package.dsv
-- Installing: /home/ros/ros2_ws/install/my_cpp_pkg/share/ament_index/resource_index/packages/my_cpp_pkg
-- Installing: /home/ros/ros2_ws/install/my_cpp_pkg/share/my_cpp_pkg/cmake/my_cpp_pkgConfig.cmake
-- Installing: /home/ros/ros2_ws/install/my_cpp_pkg/share/my_cpp_pkg/cmake/my_cpp_pkgConfig-version.cmake
-- Installing: /home/ros/ros2_ws/install/my_cpp_pkg/share/my_cpp_pkg/package.xml
