[0.009s] Invoking command in '/home/ros/ros2_ws/build/my_cpp_pkg': CMAKE_PREFIX_PATH=${CMAKE_PREFIX_PATH}:/opt/ros/jazzy /usr/bin/cmake --build /home/ros/ros2_ws/build/my_cpp_pkg -- -j22 -l22
[0.053s] [ 50%] Built target cpp_node
[0.054s] [ 75%] [32mBuilding CXX object CMakeFiles/number_publisher_node.dir/src/publisher.cpp.o[0m
[3.280s] [100%] [32m[1mLinking CXX executable number_publisher_node[0m
[3.499s] [100%] Built target number_publisher_node
[3.506s] Invoked command in '/home/ros/ros2_ws/build/my_cpp_pkg' returned '0': CMAKE_PREFIX_PATH=${CMAKE_PREFIX_PATH}:/opt/ros/jazzy /usr/bin/cmake --build /home/ros/ros2_ws/build/my_cpp_pkg -- -j22 -l22
[3.514s] Invoking command in '/home/ros/ros2_ws/build/my_cpp_pkg': CMAKE_PREFIX_PATH=${CMAKE_PREFIX_PATH}:/opt/ros/jazzy /usr/bin/cmake --install /home/ros/ros2_ws/build/my_cpp_pkg
[3.521s] -- Install configuration: ""
[3.522s] -- Installing: /home/ros/ros2_ws/install/my_cpp_pkg/lib/my_cpp_pkg/cpp_node
[3.524s] -- Set non-toolchain portion of runtime path of "/home/ros/ros2_ws/install/my_cpp_pkg/lib/my_cpp_pkg/cpp_node" to ""
[3.524s] -- Installing: /home/ros/ros2_ws/install/my_cpp_pkg/lib/my_cpp_pkg/number_publisher_node
[3.525s] -- Set non-toolchain portion of runtime path of "/home/ros/ros2_ws/install/my_cpp_pkg/lib/my_cpp_pkg/number_publisher_node" to ""
[3.525s] -- Installing: /home/ros/ros2_ws/install/my_cpp_pkg/share/ament_index/resource_index/package_run_dependencies/my_cpp_pkg
[3.526s] -- Installing: /home/ros/ros2_ws/install/my_cpp_pkg/share/ament_index/resource_index/parent_prefix_path/my_cpp_pkg
[3.526s] -- Installing: /home/ros/ros2_ws/install/my_cpp_pkg/share/my_cpp_pkg/environment/ament_prefix_path.sh
[3.527s] -- Installing: /home/ros/ros2_ws/install/my_cpp_pkg/share/my_cpp_pkg/environment/ament_prefix_path.dsv
[3.527s] -- Installing: /home/ros/ros2_ws/install/my_cpp_pkg/share/my_cpp_pkg/environment/path.sh
[3.527s] -- Installing: /home/ros/ros2_ws/install/my_cpp_pkg/share/my_cpp_pkg/environment/path.dsv
[3.528s] -- Installing: /home/ros/ros2_ws/install/my_cpp_pkg/share/my_cpp_pkg/local_setup.bash
[3.528s] -- Installing: /home/ros/ros2_ws/install/my_cpp_pkg/share/my_cpp_pkg/local_setup.sh
[3.529s] -- Installing: /home/ros/ros2_ws/install/my_cpp_pkg/share/my_cpp_pkg/local_setup.zsh
[3.529s] -- Installing: /home/ros/ros2_ws/install/my_cpp_pkg/share/my_cpp_pkg/local_setup.dsv
[3.530s] -- Installing: /home/ros/ros2_ws/install/my_cpp_pkg/share/my_cpp_pkg/package.dsv
[3.530s] -- Installing: /home/ros/ros2_ws/install/my_cpp_pkg/share/ament_index/resource_index/packages/my_cpp_pkg
[3.530s] -- Installing: /home/ros/ros2_ws/install/my_cpp_pkg/share/my_cpp_pkg/cmake/my_cpp_pkgConfig.cmake
[3.531s] -- Installing: /home/ros/ros2_ws/install/my_cpp_pkg/share/my_cpp_pkg/cmake/my_cpp_pkgConfig-version.cmake
[3.531s] -- Installing: /home/ros/ros2_ws/install/my_cpp_pkg/share/my_cpp_pkg/package.xml
[3.533s] Invoked command in '/home/ros/ros2_ws/build/my_cpp_pkg' returned '0': CMAKE_PREFIX_PATH=${CMAKE_PREFIX_PATH}:/opt/ros/jazzy /usr/bin/cmake --install /home/ros/ros2_ws/build/my_cpp_pkg
