[0.010s] Invoking command in '/home/ros/ros2_ws/build/my_cpp_pkg': CMAKE_PREFIX_PATH=${CMAKE_PREFIX_PATH}:/opt/ros/jazzy /usr/bin/cmake --build /home/ros/ros2_ws/build/my_cpp_pkg -- -j22 -l22
[0.041s] -- Found ament_cmake: 2.5.4 (/opt/ros/jazzy/share/ament_cmake/cmake)
[0.200s] -- Found rclcpp: 28.1.12 (/opt/ros/jazzy/share/rclcpp/cmake)
[0.334s] -- Found rosidl_generator_c: 4.6.6 (/opt/ros/jazzy/share/rosidl_generator_c/cmake)
[0.343s] -- Found rosidl_generator_cpp: 4.6.6 (/opt/ros/jazzy/share/rosidl_generator_cpp/cmake)
[0.353s] -- Using all available rosidl_typesupport_c: rosidl_typesupport_fastrtps_c;rosidl_typesupport_introspection_c
[0.362s] -- Using all available rosidl_typesupport_cpp: rosidl_typesupport_fastrtps_cpp;rosidl_typesupport_introspection_cpp
[0.406s] -- Found rmw_implementation_cmake: 7.3.2 (/opt/ros/jazzy/share/rmw_implementation_cmake/cmake)
[0.407s] -- Found rmw_fastrtps_cpp: 8.4.3 (/opt/ros/jazzy/share/rmw_fastrtps_cpp/cmake)
[0.565s] -- Using RMW implementation 'rmw_fastrtps_cpp' as default
[0.691s] -- Found ament_lint_auto: 0.17.3 (/opt/ros/jazzy/share/ament_lint_auto/cmake)
[0.766s] -- Added test 'cppcheck' to perform static code analysis on C / C++ code
[0.766s] -- Configured cppcheck include dirs: 
[0.766s] -- Configured cppcheck exclude dirs and/or files: 
[0.767s] -- Added test 'lint_cmake' to check CMake code style
[0.767s] -- Added test 'uncrustify' to check C / C++ code style
[0.767s] -- Configured uncrustify additional arguments: 
[0.768s] -- Added test 'xmllint' to check XML markup files
[0.768s] -- Configuring done (0.7s)
[0.777s] -- Generating done (0.0s)
[0.781s] -- Build files have been written to: /home/ros/ros2_ws/build/my_cpp_pkg
[0.809s] [ 50%] [32mBuilding CXX object CMakeFiles/cpp_node.dir/src/my_first_node.cpp.o[0m
[3.092s] [100%] [32m[1mLinking CXX executable cpp_node[0m
[3.231s] [100%] Built target cpp_node
[3.240s] Invoked command in '/home/ros/ros2_ws/build/my_cpp_pkg' returned '0': CMAKE_PREFIX_PATH=${CMAKE_PREFIX_PATH}:/opt/ros/jazzy /usr/bin/cmake --build /home/ros/ros2_ws/build/my_cpp_pkg -- -j22 -l22
[3.247s] Invoking command in '/home/ros/ros2_ws/build/my_cpp_pkg': CMAKE_PREFIX_PATH=${CMAKE_PREFIX_PATH}:/opt/ros/jazzy /usr/bin/cmake --install /home/ros/ros2_ws/build/my_cpp_pkg
[3.253s] -- Install configuration: ""
[3.254s] -- Installing: /home/ros/ros2_ws/install/my_cpp_pkg/lib/my_cpp_pkg/cpp_node
[3.254s] -- Set non-toolchain portion of runtime path of "/home/ros/ros2_ws/install/my_cpp_pkg/lib/my_cpp_pkg/cpp_node" to ""
[3.254s] -- Up-to-date: /home/ros/ros2_ws/install/my_cpp_pkg/share/ament_index/resource_index/package_run_dependencies/my_cpp_pkg
[3.255s] -- Up-to-date: /home/ros/ros2_ws/install/my_cpp_pkg/share/ament_index/resource_index/parent_prefix_path/my_cpp_pkg
[3.255s] -- Up-to-date: /home/ros/ros2_ws/install/my_cpp_pkg/share/my_cpp_pkg/environment/ament_prefix_path.sh
[3.255s] -- Up-to-date: /home/ros/ros2_ws/install/my_cpp_pkg/share/my_cpp_pkg/environment/ament_prefix_path.dsv
[3.255s] -- Up-to-date: /home/ros/ros2_ws/install/my_cpp_pkg/share/my_cpp_pkg/environment/path.sh
[3.255s] -- Up-to-date: /home/ros/ros2_ws/install/my_cpp_pkg/share/my_cpp_pkg/environment/path.dsv
[3.255s] -- Up-to-date: /home/ros/ros2_ws/install/my_cpp_pkg/share/my_cpp_pkg/local_setup.bash
[3.255s] -- Up-to-date: /home/ros/ros2_ws/install/my_cpp_pkg/share/my_cpp_pkg/local_setup.sh
[3.255s] -- Up-to-date: /home/ros/ros2_ws/install/my_cpp_pkg/share/my_cpp_pkg/local_setup.zsh
[3.255s] -- Up-to-date: /home/ros/ros2_ws/install/my_cpp_pkg/share/my_cpp_pkg/local_setup.dsv
[3.256s] -- Up-to-date: /home/ros/ros2_ws/install/my_cpp_pkg/share/my_cpp_pkg/package.dsv
[3.256s] -- Up-to-date: /home/ros/ros2_ws/install/my_cpp_pkg/share/ament_index/resource_index/packages/my_cpp_pkg
[3.256s] -- Up-to-date: /home/ros/ros2_ws/install/my_cpp_pkg/share/my_cpp_pkg/cmake/my_cpp_pkgConfig.cmake
[3.256s] -- Up-to-date: /home/ros/ros2_ws/install/my_cpp_pkg/share/my_cpp_pkg/cmake/my_cpp_pkgConfig-version.cmake
[3.256s] -- Up-to-date: /home/ros/ros2_ws/install/my_cpp_pkg/share/my_cpp_pkg/package.xml
[3.257s] Invoked command in '/home/ros/ros2_ws/build/my_cpp_pkg' returned '0': CMAKE_PREFIX_PATH=${CMAKE_PREFIX_PATH}:/opt/ros/jazzy /usr/bin/cmake --install /home/ros/ros2_ws/build/my_cpp_pkg
