[0.015s] Invoking command in '/home/ros/ros2_ws/build/custom_interfaces': CMAKE_PREFIX_PATH=${CMAKE_PREFIX_PATH}:/opt/ros/jazzy /usr/bin/cmake /home/ros/ros2_ws/src/custom_interfaces -DCMAKE_INSTALL_PREFIX=/home/ros/ros2_ws/install/custom_interfaces
[0.265s] -- The C compiler identification is GNU 13.3.0
[0.759s] -- The CXX compiler identification is GNU 13.3.0
[1.151s] -- Detecting C compiler ABI info
[1.351s] -- Detecting C compiler ABI info - done
[1.357s] -- Check for working C compiler: /usr/bin/cc - skipped
[1.358s] -- Detecting C compile features
[1.358s] -- Detecting C compile features - done
[1.428s] -- Detecting CXX compiler ABI info
[1.621s] -- Detecting CXX compiler ABI info - done
[1.627s] -- Check for working CXX compiler: /usr/bin/c++ - skipped
[1.627s] -- Detecting CXX compile features
[1.627s] -- Detecting CXX compile features - done
[1.655s] -- Found ament_cmake: 2.5.4 (/opt/ros/jazzy/share/ament_cmake/cmake)
[1.773s] -- Found Python3: /usr/bin/python3 (found version "3.12.3") found components: Interpreter 
[1.878s] -- Found rosidl_default_generators: 1.6.0 (/opt/ros/jazzy/share/rosidl_default_generators/cmake)
[1.890s] -- Using all available rosidl_typesupport_c: rosidl_typesupport_fastrtps_c;rosidl_typesupport_introspection_c
[2.039s] -- Using all available rosidl_typesupport_cpp: rosidl_typesupport_fastrtps_cpp;rosidl_typesupport_introspection_cpp
[2.091s] -- Found rosidl_adapter: 4.6.6 (/opt/ros/jazzy/share/rosidl_adapter/cmake)
[2.563s] -- Found ament_cmake_ros: 0.12.0 (/opt/ros/jazzy/share/ament_cmake_ros/cmake)
[2.882s] -- Using all available rosidl_typesupport_c: rosidl_typesupport_fastrtps_c;rosidl_typesupport_introspection_c
[3.310s] -- Using all available rosidl_typesupport_cpp: rosidl_typesupport_fastrtps_cpp;rosidl_typesupport_introspection_cpp
[3.314s] -- Found python_cmake_module: 0.11.1 (/opt/ros/jazzy/share/python_cmake_module/cmake)
[3.417s] -- Found PythonExtra: /usr/bin/python3  
[3.797s] -- Found Python3: /usr/bin/python3 (found version "3.12.3") found components: Interpreter Development NumPy Development.Module Development.Embed 
[3.841s] -- Configuring done (3.8s)
[3.881s] -- Generating done (0.0s)
[3.891s] -- Build files have been written to: /home/ros/ros2_ws/build/custom_interfaces
[3.898s] Invoked command in '/home/ros/ros2_ws/build/custom_interfaces' returned '0': CMAKE_PREFIX_PATH=${CMAKE_PREFIX_PATH}:/opt/ros/jazzy /usr/bin/cmake /home/ros/ros2_ws/src/custom_interfaces -DCMAKE_INSTALL_PREFIX=/home/ros/ros2_ws/install/custom_interfaces
[3.899s] Invoking command in '/home/ros/ros2_ws/build/custom_interfaces': CMAKE_PREFIX_PATH=${CMAKE_PREFIX_PATH}:/opt/ros/jazzy /usr/bin/cmake --build /home/ros/ros2_ws/build/custom_interfaces -- -j22 -l22
[3.940s] [  2%] [34m[1mGenerating type hashes for ROS interfaces[0m
[3.946s] [  2%] Built target ament_cmake_python_copy_custom_interfaces
[4.089s] [  2%] Built target custom_interfaces__rosidl_generator_type_description
[4.097s] [  5%] [34m[1mGenerating C code for ROS interfaces[0m
[4.101s] running egg_info
[4.102s] creating custom_interfaces.egg-info
[4.106s] [  8%] [34m[1mGenerating C++ code for ROS interfaces[0m
[4.114s] writing custom_interfaces.egg-info/PKG-INFO
[4.114s] writing dependency_links to custom_interfaces.egg-info/dependency_links.txt
[4.114s] writing top-level names to custom_interfaces.egg-info/top_level.txt
[4.114s] writing manifest file 'custom_interfaces.egg-info/SOURCES.txt'
[4.150s] reading manifest file 'custom_interfaces.egg-info/SOURCES.txt'
[4.150s] writing manifest file 'custom_interfaces.egg-info/SOURCES.txt'
[4.172s] [  8%] Built target ament_cmake_python_build_custom_interfaces_egg
[4.293s] [  8%] Built target custom_interfaces__cpp
[4.306s] [ 11%] [32mBuilding C object CMakeFiles/custom_interfaces__rosidl_generator_c.dir/rosidl_generator_c/custom_interfaces/srv/detail/target_turtle_info__description.c.o[0m
[4.306s] [ 17%] [32mBuilding C object CMakeFiles/custom_interfaces__rosidl_generator_c.dir/rosidl_generator_c/custom_interfaces/srv/detail/target_turtle_info__functions.c.o[0m
[4.306s] [ 17%] [32mBuilding C object CMakeFiles/custom_interfaces__rosidl_generator_c.dir/rosidl_generator_c/custom_interfaces/srv/detail/target_turtle_info__type_support.c.o[0m
[4.383s] [ 20%] [32m[1mLinking C shared library libcustom_interfaces__rosidl_generator_c.so[0m
[4.474s] [ 20%] Built target custom_interfaces__rosidl_generator_c
[4.483s] [ 23%] [34m[1mGenerating C++ type support for eProsima Fast-RTPS[0m
[4.483s] [ 29%] [34m[1mGenerating C++ introspection for ROS interfaces[0m
[4.483s] [ 32%] [34m[1mGenerating C introspection for ROS interfaces[0m
[4.483s] [ 32%] [34m[1mGenerating C++ type support dispatch for ROS interfaces[0m
[4.484s] [ 35%] [34m[1mGenerating C type support dispatch for ROS interfaces[0m
[4.485s] [ 38%] [34m[1mGenerating C type support for eProsima Fast-RTPS[0m
[4.650s] [ 41%] [32mBuilding CXX object CMakeFiles/custom_interfaces__rosidl_typesupport_c.dir/rosidl_typesupport_c/custom_interfaces/srv/target_turtle_info__type_support.cpp.o[0m
[4.654s] [ 44%] [32mBuilding CXX object CMakeFiles/custom_interfaces__rosidl_typesupport_cpp.dir/rosidl_typesupport_cpp/custom_interfaces/srv/target_turtle_info__type_support.cpp.o[0m
[4.681s] [ 47%] [32mBuilding CXX object CMakeFiles/custom_interfaces__rosidl_typesupport_introspection_cpp.dir/rosidl_typesupport_introspection_cpp/custom_interfaces/srv/detail/target_turtle_info__type_support.cpp.o[0m
[4.681s] [ 50%] [32mBuilding C object CMakeFiles/custom_interfaces__rosidl_typesupport_introspection_c.dir/rosidl_typesupport_introspection_c/custom_interfaces/srv/detail/target_turtle_info__type_support.c.o[0m
[4.698s] [ 52%] [32m[1mLinking CXX shared library libcustom_interfaces__rosidl_typesupport_c.so[0m
[4.703s] [ 55%] [32mBuilding CXX object CMakeFiles/custom_interfaces__rosidl_typesupport_fastrtps_cpp.dir/rosidl_typesupport_fastrtps_cpp/custom_interfaces/srv/detail/dds_fastrtps/target_turtle_info__type_support.cpp.o[0m
[4.705s] [ 58%] [32mBuilding CXX object CMakeFiles/custom_interfaces__rosidl_typesupport_fastrtps_c.dir/rosidl_typesupport_fastrtps_c/custom_interfaces/srv/detail/target_turtle_info__type_support_c.cpp.o[0m
[4.722s] [ 61%] [32m[1mLinking C shared library libcustom_interfaces__rosidl_typesupport_introspection_c.so[0m
[4.833s] [ 61%] Built target custom_interfaces__rosidl_typesupport_c
[4.839s] [ 61%] Built target custom_interfaces__rosidl_typesupport_introspection_c
[4.999s] [ 64%] [32m[1mLinking CXX shared library libcustom_interfaces__rosidl_typesupport_cpp.so[0m
[5.019s] [ 67%] [32m[1mLinking CXX shared library libcustom_interfaces__rosidl_typesupport_introspection_cpp.so[0m
[5.091s] [ 70%] [32m[1mLinking CXX shared library libcustom_interfaces__rosidl_typesupport_fastrtps_c.so[0m
[5.133s] [ 70%] Built target custom_interfaces__rosidl_typesupport_cpp
[5.148s] [ 70%] Built target custom_interfaces__rosidl_typesupport_introspection_cpp
[5.179s] [ 73%] [32m[1mLinking CXX shared library libcustom_interfaces__rosidl_typesupport_fastrtps_cpp.so[0m
[5.194s] [ 73%] Built target custom_interfaces__rosidl_typesupport_fastrtps_c
[5.286s] [ 73%] Built target custom_interfaces__rosidl_typesupport_fastrtps_cpp
[5.302s] [ 73%] Built target custom_interfaces
[5.316s] [ 76%] [34m[1mGenerating Python code for ROS interfaces[0m
[5.541s] [ 76%] Built target custom_interfaces__py
[5.555s] [ 79%] [32mBuilding C object CMakeFiles/custom_interfaces__rosidl_generator_py.dir/rosidl_generator_py/custom_interfaces/srv/_target_turtle_info_s.c.o[0m
[5.699s] [ 82%] [32m[1mLinking C shared library libcustom_interfaces__rosidl_generator_py.so[0m
[5.788s] [ 82%] Built target custom_interfaces__rosidl_generator_py
[5.802s] [ 85%] [32mBuilding C object CMakeFiles/custom_interfaces_s__rosidl_typesupport_introspection_c.dir/rosidl_generator_py/custom_interfaces/_custom_interfaces_s.ep.rosidl_typesupport_introspection_c.c.o[0m
[5.803s] [ 88%] [32mBuilding C object CMakeFiles/custom_interfaces_s__rosidl_typesupport_c.dir/rosidl_generator_py/custom_interfaces/_custom_interfaces_s.ep.rosidl_typesupport_c.c.o[0m
[5.803s] [ 91%] [32mBuilding C object CMakeFiles/custom_interfaces_s__rosidl_typesupport_fastrtps_c.dir/rosidl_generator_py/custom_interfaces/_custom_interfaces_s.ep.rosidl_typesupport_fastrtps_c.c.o[0m
[5.875s] [ 94%] [32m[1mLinking C shared module rosidl_generator_py/custom_interfaces/custom_interfaces_s__rosidl_typesupport_c.so[0m
[5.875s] [ 97%] [32m[1mLinking C shared module rosidl_generator_py/custom_interfaces/custom_interfaces_s__rosidl_typesupport_fastrtps_c.so[0m
[5.876s] [100%] [32m[1mLinking C shared module rosidl_generator_py/custom_interfaces/custom_interfaces_s__rosidl_typesupport_introspection_c.so[0m
[5.939s] [100%] Built target custom_interfaces_s__rosidl_typesupport_introspection_c
[5.939s] [100%] Built target custom_interfaces_s__rosidl_typesupport_c
[5.939s] [100%] Built target custom_interfaces_s__rosidl_typesupport_fastrtps_c
[5.949s] Invoked command in '/home/ros/ros2_ws/build/custom_interfaces' returned '0': CMAKE_PREFIX_PATH=${CMAKE_PREFIX_PATH}:/opt/ros/jazzy /usr/bin/cmake --build /home/ros/ros2_ws/build/custom_interfaces -- -j22 -l22
[5.957s] Invoking command in '/home/ros/ros2_ws/build/custom_interfaces': CMAKE_PREFIX_PATH=${CMAKE_PREFIX_PATH}:/opt/ros/jazzy /usr/bin/cmake --install /home/ros/ros2_ws/build/custom_interfaces
[5.964s] -- Install configuration: ""
[5.964s] -- Installing: /home/ros/ros2_ws/install/custom_interfaces/share/ament_index/resource_index/rosidl_interfaces/custom_interfaces
[5.965s] -- Installing: /home/ros/ros2_ws/install/custom_interfaces/share/custom_interfaces/srv/TargetTurtleInfo.json
[5.965s] -- Installing: /home/ros/ros2_ws/install/custom_interfaces/include/custom_interfaces/custom_interfaces
[5.965s] -- Installing: /home/ros/ros2_ws/install/custom_interfaces/include/custom_interfaces/custom_interfaces/srv
[5.965s] -- Installing: /home/ros/ros2_ws/install/custom_interfaces/include/custom_interfaces/custom_interfaces/srv/detail
[5.966s] -- Installing: /home/ros/ros2_ws/install/custom_interfaces/include/custom_interfaces/custom_interfaces/srv/detail/target_turtle_info__type_support.h
[5.966s] -- Installing: /home/ros/ros2_ws/install/custom_interfaces/include/custom_interfaces/custom_interfaces/srv/detail/target_turtle_info__functions.c
[5.966s] -- Installing: /home/ros/ros2_ws/install/custom_interfaces/include/custom_interfaces/custom_interfaces/srv/detail/target_turtle_info__struct.h
[5.966s] -- Installing: /home/ros/ros2_ws/install/custom_interfaces/include/custom_interfaces/custom_interfaces/srv/detail/target_turtle_info__functions.h
[5.966s] -- Installing: /home/ros/ros2_ws/install/custom_interfaces/include/custom_interfaces/custom_interfaces/srv/detail/target_turtle_info__description.c
[5.966s] -- Installing: /home/ros/ros2_ws/install/custom_interfaces/include/custom_interfaces/custom_interfaces/srv/detail/target_turtle_info__type_support.c
[5.966s] -- Installing: /home/ros/ros2_ws/install/custom_interfaces/include/custom_interfaces/custom_interfaces/srv/target_turtle_info.h
[5.966s] -- Installing: /home/ros/ros2_ws/install/custom_interfaces/include/custom_interfaces/custom_interfaces/msg
[5.966s] -- Installing: /home/ros/ros2_ws/install/custom_interfaces/include/custom_interfaces/custom_interfaces/msg/rosidl_generator_c__visibility_control.h
[5.966s] -- Installing: /home/ros/ros2_ws/install/custom_interfaces/share/custom_interfaces/environment/library_path.sh
[5.967s] -- Installing: /home/ros/ros2_ws/install/custom_interfaces/share/custom_interfaces/environment/library_path.dsv
[5.967s] -- Installing: /home/ros/ros2_ws/install/custom_interfaces/lib/libcustom_interfaces__rosidl_generator_c.so
[5.967s] -- Set non-toolchain portion of runtime path of "/home/ros/ros2_ws/install/custom_interfaces/lib/libcustom_interfaces__rosidl_generator_c.so" to ""
[5.967s] -- Up-to-date: /home/ros/ros2_ws/install/custom_interfaces/include/custom_interfaces/custom_interfaces
[5.967s] -- Up-to-date: /home/ros/ros2_ws/install/custom_interfaces/include/custom_interfaces/custom_interfaces/srv
[5.967s] -- Up-to-date: /home/ros/ros2_ws/install/custom_interfaces/include/custom_interfaces/custom_interfaces/srv/detail
[5.967s] -- Installing: /home/ros/ros2_ws/install/custom_interfaces/include/custom_interfaces/custom_interfaces/srv/detail/target_turtle_info__rosidl_typesupport_fastrtps_c.h
[5.968s] -- Up-to-date: /home/ros/ros2_ws/install/custom_interfaces/include/custom_interfaces/custom_interfaces/msg
[5.968s] -- Installing: /home/ros/ros2_ws/install/custom_interfaces/include/custom_interfaces/custom_interfaces/msg/rosidl_typesupport_fastrtps_c__visibility_control.h
[5.968s] -- Installing: /home/ros/ros2_ws/install/custom_interfaces/lib/libcustom_interfaces__rosidl_typesupport_fastrtps_c.so
[5.968s] -- Set non-toolchain portion of runtime path of "/home/ros/ros2_ws/install/custom_interfaces/lib/libcustom_interfaces__rosidl_typesupport_fastrtps_c.so" to ""
[5.968s] -- Up-to-date: /home/ros/ros2_ws/install/custom_interfaces/include/custom_interfaces/custom_interfaces
[5.968s] -- Up-to-date: /home/ros/ros2_ws/install/custom_interfaces/include/custom_interfaces/custom_interfaces/srv
[5.968s] -- Up-to-date: /home/ros/ros2_ws/install/custom_interfaces/include/custom_interfaces/custom_interfaces/srv/detail
[5.968s] -- Installing: /home/ros/ros2_ws/install/custom_interfaces/include/custom_interfaces/custom_interfaces/srv/detail/target_turtle_info__rosidl_typesupport_introspection_c.h
[5.969s] -- Installing: /home/ros/ros2_ws/install/custom_interfaces/include/custom_interfaces/custom_interfaces/srv/detail/target_turtle_info__type_support.c
[5.969s] -- Up-to-date: /home/ros/ros2_ws/install/custom_interfaces/include/custom_interfaces/custom_interfaces/msg
[5.969s] -- Installing: /home/ros/ros2_ws/install/custom_interfaces/include/custom_interfaces/custom_interfaces/msg/rosidl_typesupport_introspection_c__visibility_control.h
[5.969s] -- Installing: /home/ros/ros2_ws/install/custom_interfaces/lib/libcustom_interfaces__rosidl_typesupport_introspection_c.so
[5.969s] -- Set non-toolchain portion of runtime path of "/home/ros/ros2_ws/install/custom_interfaces/lib/libcustom_interfaces__rosidl_typesupport_introspection_c.so" to ""
[5.969s] -- Installing: /home/ros/ros2_ws/install/custom_interfaces/lib/libcustom_interfaces__rosidl_typesupport_c.so
[5.969s] -- Set non-toolchain portion of runtime path of "/home/ros/ros2_ws/install/custom_interfaces/lib/libcustom_interfaces__rosidl_typesupport_c.so" to ""
[5.969s] -- Up-to-date: /home/ros/ros2_ws/install/custom_interfaces/include/custom_interfaces/custom_interfaces
[5.970s] -- Up-to-date: /home/ros/ros2_ws/install/custom_interfaces/include/custom_interfaces/custom_interfaces/srv
[5.970s] -- Installing: /home/ros/ros2_ws/install/custom_interfaces/include/custom_interfaces/custom_interfaces/srv/target_turtle_info.hpp
[5.970s] -- Up-to-date: /home/ros/ros2_ws/install/custom_interfaces/include/custom_interfaces/custom_interfaces/srv/detail
[5.970s] -- Installing: /home/ros/ros2_ws/install/custom_interfaces/include/custom_interfaces/custom_interfaces/srv/detail/target_turtle_info__type_support.hpp
[5.970s] -- Installing: /home/ros/ros2_ws/install/custom_interfaces/include/custom_interfaces/custom_interfaces/srv/detail/target_turtle_info__builder.hpp
[5.970s] -- Installing: /home/ros/ros2_ws/install/custom_interfaces/include/custom_interfaces/custom_interfaces/srv/detail/target_turtle_info__struct.hpp
[5.970s] -- Installing: /home/ros/ros2_ws/install/custom_interfaces/include/custom_interfaces/custom_interfaces/srv/detail/target_turtle_info__traits.hpp
[5.970s] -- Up-to-date: /home/ros/ros2_ws/install/custom_interfaces/include/custom_interfaces/custom_interfaces/msg
[5.970s] -- Installing: /home/ros/ros2_ws/install/custom_interfaces/include/custom_interfaces/custom_interfaces/msg/rosidl_generator_cpp__visibility_control.hpp
[5.970s] -- Up-to-date: /home/ros/ros2_ws/install/custom_interfaces/include/custom_interfaces/custom_interfaces
[5.971s] -- Up-to-date: /home/ros/ros2_ws/install/custom_interfaces/include/custom_interfaces/custom_interfaces/srv
[5.971s] -- Up-to-date: /home/ros/ros2_ws/install/custom_interfaces/include/custom_interfaces/custom_interfaces/srv/detail
[5.971s] -- Installing: /home/ros/ros2_ws/install/custom_interfaces/include/custom_interfaces/custom_interfaces/srv/detail/dds_fastrtps
[5.971s] -- Installing: /home/ros/ros2_ws/install/custom_interfaces/include/custom_interfaces/custom_interfaces/srv/detail/target_turtle_info__rosidl_typesupport_fastrtps_cpp.hpp
[5.971s] -- Up-to-date: /home/ros/ros2_ws/install/custom_interfaces/include/custom_interfaces/custom_interfaces/msg
[5.971s] -- Installing: /home/ros/ros2_ws/install/custom_interfaces/include/custom_interfaces/custom_interfaces/msg/rosidl_typesupport_fastrtps_cpp__visibility_control.h
[5.971s] -- Installing: /home/ros/ros2_ws/install/custom_interfaces/lib/libcustom_interfaces__rosidl_typesupport_fastrtps_cpp.so
[5.971s] -- Set non-toolchain portion of runtime path of "/home/ros/ros2_ws/install/custom_interfaces/lib/libcustom_interfaces__rosidl_typesupport_fastrtps_cpp.so" to ""
[5.971s] -- Up-to-date: /home/ros/ros2_ws/install/custom_interfaces/include/custom_interfaces/custom_interfaces
[5.972s] -- Up-to-date: /home/ros/ros2_ws/install/custom_interfaces/include/custom_interfaces/custom_interfaces/srv
[5.972s] -- Up-to-date: /home/ros/ros2_ws/install/custom_interfaces/include/custom_interfaces/custom_interfaces/srv/detail
[5.972s] -- Installing: /home/ros/ros2_ws/install/custom_interfaces/include/custom_interfaces/custom_interfaces/srv/detail/target_turtle_info__rosidl_typesupport_introspection_cpp.hpp
[5.972s] -- Installing: /home/ros/ros2_ws/install/custom_interfaces/include/custom_interfaces/custom_interfaces/srv/detail/target_turtle_info__type_support.cpp
[5.972s] -- Installing: /home/ros/ros2_ws/install/custom_interfaces/lib/libcustom_interfaces__rosidl_typesupport_introspection_cpp.so
[5.972s] -- Set non-toolchain portion of runtime path of "/home/ros/ros2_ws/install/custom_interfaces/lib/libcustom_interfaces__rosidl_typesupport_introspection_cpp.so" to ""
[5.972s] -- Installing: /home/ros/ros2_ws/install/custom_interfaces/lib/libcustom_interfaces__rosidl_typesupport_cpp.so
[5.972s] -- Set non-toolchain portion of runtime path of "/home/ros/ros2_ws/install/custom_interfaces/lib/libcustom_interfaces__rosidl_typesupport_cpp.so" to ""
[5.972s] -- Installing: /home/ros/ros2_ws/install/custom_interfaces/share/custom_interfaces/environment/pythonpath.sh
[5.972s] -- Installing: /home/ros/ros2_ws/install/custom_interfaces/share/custom_interfaces/environment/pythonpath.dsv
[5.973s] -- Installing: /home/ros/ros2_ws/install/custom_interfaces/lib/python3.12/site-packages/custom_interfaces-0.0.0-py3.12.egg-info
[5.973s] -- Installing: /home/ros/ros2_ws/install/custom_interfaces/lib/python3.12/site-packages/custom_interfaces-0.0.0-py3.12.egg-info/PKG-INFO
[5.973s] -- Installing: /home/ros/ros2_ws/install/custom_interfaces/lib/python3.12/site-packages/custom_interfaces-0.0.0-py3.12.egg-info/top_level.txt
[5.973s] -- Installing: /home/ros/ros2_ws/install/custom_interfaces/lib/python3.12/site-packages/custom_interfaces-0.0.0-py3.12.egg-info/dependency_links.txt
[5.973s] -- Installing: /home/ros/ros2_ws/install/custom_interfaces/lib/python3.12/site-packages/custom_interfaces-0.0.0-py3.12.egg-info/SOURCES.txt
[5.973s] -- Installing: /home/ros/ros2_ws/install/custom_interfaces/lib/python3.12/site-packages/custom_interfaces
[5.973s] -- Installing: /home/ros/ros2_ws/install/custom_interfaces/lib/python3.12/site-packages/custom_interfaces/_custom_interfaces_s.ep.rosidl_typesupport_fastrtps_c.c
[5.973s] -- Installing: /home/ros/ros2_ws/install/custom_interfaces/lib/python3.12/site-packages/custom_interfaces/custom_interfaces_s__rosidl_typesupport_introspection_c.so
[5.973s] -- Installing: /home/ros/ros2_ws/install/custom_interfaces/lib/python3.12/site-packages/custom_interfaces/custom_interfaces_s__rosidl_typesupport_fastrtps_c.so
[5.973s] -- Installing: /home/ros/ros2_ws/install/custom_interfaces/lib/python3.12/site-packages/custom_interfaces/_custom_interfaces_s.ep.rosidl_typesupport_introspection_c.c
[5.973s] -- Installing: /home/ros/ros2_ws/install/custom_interfaces/lib/python3.12/site-packages/custom_interfaces/__init__.py
[5.973s] -- Installing: /home/ros/ros2_ws/install/custom_interfaces/lib/python3.12/site-packages/custom_interfaces/custom_interfaces_s__rosidl_typesupport_c.so
[5.973s] -- Installing: /home/ros/ros2_ws/install/custom_interfaces/lib/python3.12/site-packages/custom_interfaces/srv
[5.973s] -- Installing: /home/ros/ros2_ws/install/custom_interfaces/lib/python3.12/site-packages/custom_interfaces/srv/_target_turtle_info_s.c
[5.973s] -- Installing: /home/ros/ros2_ws/install/custom_interfaces/lib/python3.12/site-packages/custom_interfaces/srv/_target_turtle_info.py
[5.973s] -- Installing: /home/ros/ros2_ws/install/custom_interfaces/lib/python3.12/site-packages/custom_interfaces/srv/__init__.py
[5.973s] -- Installing: /home/ros/ros2_ws/install/custom_interfaces/lib/python3.12/site-packages/custom_interfaces/_custom_interfaces_s.ep.rosidl_typesupport_c.c
[6.005s] Listing '/home/ros/ros2_ws/install/custom_interfaces/lib/python3.12/site-packages/custom_interfaces'...
[6.005s] Compiling '/home/ros/ros2_ws/install/custom_interfaces/lib/python3.12/site-packages/custom_interfaces/__init__.py'...
[6.005s] Listing '/home/ros/ros2_ws/install/custom_interfaces/lib/python3.12/site-packages/custom_interfaces/srv'...
[6.005s] Compiling '/home/ros/ros2_ws/install/custom_interfaces/lib/python3.12/site-packages/custom_interfaces/srv/__init__.py'...
[6.005s] Compiling '/home/ros/ros2_ws/install/custom_interfaces/lib/python3.12/site-packages/custom_interfaces/srv/_target_turtle_info.py'...
[6.010s] -- Installing: /home/ros/ros2_ws/install/custom_interfaces/lib/python3.12/site-packages/custom_interfaces/custom_interfaces_s__rosidl_typesupport_fastrtps_c.so
[6.010s] -- Set non-toolchain portion of runtime path of "/home/ros/ros2_ws/install/custom_interfaces/lib/python3.12/site-packages/custom_interfaces/custom_interfaces_s__rosidl_typesupport_fastrtps_c.so" to ""
[6.010s] -- Installing: /home/ros/ros2_ws/install/custom_interfaces/lib/python3.12/site-packages/custom_interfaces/custom_interfaces_s__rosidl_typesupport_introspection_c.so
[6.010s] -- Set non-toolchain portion of runtime path of "/home/ros/ros2_ws/install/custom_interfaces/lib/python3.12/site-packages/custom_interfaces/custom_interfaces_s__rosidl_typesupport_introspection_c.so" to ""
[6.010s] -- Installing: /home/ros/ros2_ws/install/custom_interfaces/lib/python3.12/site-packages/custom_interfaces/custom_interfaces_s__rosidl_typesupport_c.so
[6.011s] -- Set non-toolchain portion of runtime path of "/home/ros/ros2_ws/install/custom_interfaces/lib/python3.12/site-packages/custom_interfaces/custom_interfaces_s__rosidl_typesupport_c.so" to ""
[6.011s] -- Installing: /home/ros/ros2_ws/install/custom_interfaces/lib/libcustom_interfaces__rosidl_generator_py.so
[6.011s] -- Set non-toolchain portion of runtime path of "/home/ros/ros2_ws/install/custom_interfaces/lib/libcustom_interfaces__rosidl_generator_py.so" to ""
[6.011s] -- Installing: /home/ros/ros2_ws/install/custom_interfaces/share/custom_interfaces/srv/TargetTurtleInfo.idl
[6.011s] -- Installing: /home/ros/ros2_ws/install/custom_interfaces/share/custom_interfaces/srv/TargetTurtleInfo.srv
[6.011s] -- Installing: /home/ros/ros2_ws/install/custom_interfaces/share/ament_index/resource_index/package_run_dependencies/custom_interfaces
[6.011s] -- Installing: /home/ros/ros2_ws/install/custom_interfaces/share/ament_index/resource_index/parent_prefix_path/custom_interfaces
[6.012s] -- Installing: /home/ros/ros2_ws/install/custom_interfaces/share/custom_interfaces/environment/ament_prefix_path.sh
[6.012s] -- Installing: /home/ros/ros2_ws/install/custom_interfaces/share/custom_interfaces/environment/ament_prefix_path.dsv
[6.012s] -- Installing: /home/ros/ros2_ws/install/custom_interfaces/share/custom_interfaces/environment/path.sh
[6.012s] -- Installing: /home/ros/ros2_ws/install/custom_interfaces/share/custom_interfaces/environment/path.dsv
[6.012s] -- Installing: /home/ros/ros2_ws/install/custom_interfaces/share/custom_interfaces/local_setup.bash
[6.012s] -- Installing: /home/ros/ros2_ws/install/custom_interfaces/share/custom_interfaces/local_setup.sh
[6.012s] -- Installing: /home/ros/ros2_ws/install/custom_interfaces/share/custom_interfaces/local_setup.zsh
[6.012s] -- Installing: /home/ros/ros2_ws/install/custom_interfaces/share/custom_interfaces/local_setup.dsv
[6.012s] -- Installing: /home/ros/ros2_ws/install/custom_interfaces/share/custom_interfaces/package.dsv
[6.013s] -- Installing: /home/ros/ros2_ws/install/custom_interfaces/share/ament_index/resource_index/packages/custom_interfaces
[6.013s] -- Installing: /home/ros/ros2_ws/install/custom_interfaces/share/custom_interfaces/cmake/export_custom_interfaces__rosidl_generator_cExport.cmake
[6.013s] -- Installing: /home/ros/ros2_ws/install/custom_interfaces/share/custom_interfaces/cmake/export_custom_interfaces__rosidl_generator_cExport-noconfig.cmake
[6.013s] -- Installing: /home/ros/ros2_ws/install/custom_interfaces/share/custom_interfaces/cmake/export_custom_interfaces__rosidl_typesupport_fastrtps_cExport.cmake
[6.013s] -- Installing: /home/ros/ros2_ws/install/custom_interfaces/share/custom_interfaces/cmake/export_custom_interfaces__rosidl_typesupport_fastrtps_cExport-noconfig.cmake
[6.013s] -- Installing: /home/ros/ros2_ws/install/custom_interfaces/share/custom_interfaces/cmake/custom_interfaces__rosidl_typesupport_introspection_cExport.cmake
[6.013s] -- Installing: /home/ros/ros2_ws/install/custom_interfaces/share/custom_interfaces/cmake/custom_interfaces__rosidl_typesupport_introspection_cExport-noconfig.cmake
[6.014s] -- Installing: /home/ros/ros2_ws/install/custom_interfaces/share/custom_interfaces/cmake/custom_interfaces__rosidl_typesupport_cExport.cmake
[6.014s] -- Installing: /home/ros/ros2_ws/install/custom_interfaces/share/custom_interfaces/cmake/custom_interfaces__rosidl_typesupport_cExport-noconfig.cmake
[6.014s] -- Installing: /home/ros/ros2_ws/install/custom_interfaces/share/custom_interfaces/cmake/export_custom_interfaces__rosidl_generator_cppExport.cmake
[6.014s] -- Installing: /home/ros/ros2_ws/install/custom_interfaces/share/custom_interfaces/cmake/export_custom_interfaces__rosidl_typesupport_fastrtps_cppExport.cmake
[6.014s] -- Installing: /home/ros/ros2_ws/install/custom_interfaces/share/custom_interfaces/cmake/export_custom_interfaces__rosidl_typesupport_fastrtps_cppExport-noconfig.cmake
[6.014s] -- Installing: /home/ros/ros2_ws/install/custom_interfaces/share/custom_interfaces/cmake/custom_interfaces__rosidl_typesupport_introspection_cppExport.cmake
[6.014s] -- Installing: /home/ros/ros2_ws/install/custom_interfaces/share/custom_interfaces/cmake/custom_interfaces__rosidl_typesupport_introspection_cppExport-noconfig.cmake
[6.014s] -- Installing: /home/ros/ros2_ws/install/custom_interfaces/share/custom_interfaces/cmake/custom_interfaces__rosidl_typesupport_cppExport.cmake
[6.015s] -- Installing: /home/ros/ros2_ws/install/custom_interfaces/share/custom_interfaces/cmake/custom_interfaces__rosidl_typesupport_cppExport-noconfig.cmake
[6.015s] -- Installing: /home/ros/ros2_ws/install/custom_interfaces/share/custom_interfaces/cmake/export_custom_interfaces__rosidl_generator_pyExport.cmake
[6.015s] -- Installing: /home/ros/ros2_ws/install/custom_interfaces/share/custom_interfaces/cmake/export_custom_interfaces__rosidl_generator_pyExport-noconfig.cmake
[6.015s] -- Installing: /home/ros/ros2_ws/install/custom_interfaces/share/custom_interfaces/cmake/rosidl_cmake-extras.cmake
[6.015s] -- Installing: /home/ros/ros2_ws/install/custom_interfaces/share/custom_interfaces/cmake/ament_cmake_export_dependencies-extras.cmake
[6.015s] -- Installing: /home/ros/ros2_ws/install/custom_interfaces/share/custom_interfaces/cmake/ament_cmake_export_include_directories-extras.cmake
[6.015s] -- Installing: /home/ros/ros2_ws/install/custom_interfaces/share/custom_interfaces/cmake/ament_cmake_export_libraries-extras.cmake
[6.015s] -- Installing: /home/ros/ros2_ws/install/custom_interfaces/share/custom_interfaces/cmake/ament_cmake_export_targets-extras.cmake
[6.015s] -- Installing: /home/ros/ros2_ws/install/custom_interfaces/share/custom_interfaces/cmake/rosidl_cmake_export_typesupport_targets-extras.cmake
[6.015s] -- Installing: /home/ros/ros2_ws/install/custom_interfaces/share/custom_interfaces/cmake/rosidl_cmake_export_typesupport_libraries-extras.cmake
[6.016s] -- Installing: /home/ros/ros2_ws/install/custom_interfaces/share/custom_interfaces/cmake/custom_interfacesConfig.cmake
[6.016s] -- Installing: /home/ros/ros2_ws/install/custom_interfaces/share/custom_interfaces/cmake/custom_interfacesConfig-version.cmake
[6.016s] -- Installing: /home/ros/ros2_ws/install/custom_interfaces/share/custom_interfaces/package.xml
[6.018s] Invoked command in '/home/ros/ros2_ws/build/custom_interfaces' returned '0': CMAKE_PREFIX_PATH=${CMAKE_PREFIX_PATH}:/opt/ros/jazzy /usr/bin/cmake --install /home/ros/ros2_ws/build/custom_interfaces
