[0.009s] Invoking command in '/home/ros/ros2_ws/build/my_cpp_pkg': CMAKE_PREFIX_PATH=${CMAKE_PREFIX_PATH}:/opt/ros/jazzy /usr/bin/cmake --build /home/ros/ros2_ws/build/my_cpp_pkg -- -j22 -l22
[0.039s] -- Found ament_cmake: 2.5.4 (/opt/ros/jazzy/share/ament_cmake/cmake)
[0.186s] -- Found rclcpp: 28.1.12 (/opt/ros/jazzy/share/rclcpp/cmake)
[0.284s] -- Found rosidl_generator_c: 4.6.6 (/opt/ros/jazzy/share/rosidl_generator_c/cmake)
[0.289s] -- Found rosidl_generator_cpp: 4.6.6 (/opt/ros/jazzy/share/rosidl_generator_cpp/cmake)
[0.296s] -- Using all available rosidl_typesupport_c: rosidl_typesupport_fastrtps_c;rosidl_typesupport_introspection_c
[0.304s] -- Using all available rosidl_typesupport_cpp: rosidl_typesupport_fastrtps_cpp;rosidl_typesupport_introspection_cpp
[0.347s] -- Found rmw_implementation_cmake: 7.3.2 (/opt/ros/jazzy/share/rmw_implementation_cmake/cmake)
[0.347s] -- Found rmw_fastrtps_cpp: 8.4.3 (/opt/ros/jazzy/share/rmw_fastrtps_cpp/cmake)
[0.485s] -- Using RMW implementation 'rmw_fastrtps_cpp' as default
[0.603s] -- Found example_interfaces: 0.12.0 (/opt/ros/jazzy/share/example_interfaces/cmake)
[0.638s] -- Found ament_lint_auto: 0.17.3 (/opt/ros/jazzy/share/ament_lint_auto/cmake)
[0.704s] -- Added test 'cppcheck' to perform static code analysis on C / C++ code
[0.704s] -- Configured cppcheck include dirs: 
[0.704s] -- Configured cppcheck exclude dirs and/or files: 
[0.704s] -- Added test 'lint_cmake' to check CMake code style
[0.705s] -- Added test 'uncrustify' to check C / C++ code style
[0.705s] -- Configured uncrustify additional arguments: 
[0.705s] -- Added test 'xmllint' to check XML markup files
[0.706s] -- Configuring done (0.7s)
[0.733s] -- Generating done (0.0s)
[0.739s] -- Build files have been written to: /home/ros/ros2_ws/build/my_cpp_pkg
[0.776s] [ 50%] [32mBuilding CXX object CMakeFiles/number_counter_node.dir/src/numbercounter.cpp.o[0m
[0.776s] [ 83%] Built target cpp_node
[0.776s] [ 83%] Built target number_publisher_node
[1.113s] [01m[K/home/ros/ros2_ws/src/my_cpp_pkg/src/numbercounter.cpp:3:10:[m[K [01;31m[Kfatal error: [m[Kexample_interfaces/srv/setbool.hpp: No such file or directory
[1.113s]     3 | #include [01;31m[K"example_interfaces/srv/setbool.hpp"[m[K
[1.113s]       |          [01;31m[K^~~~~~~~~~~~~~~~~~~~~~~~~~~~~~~~~~~~[m[K
[1.113s] compilation terminated.
[1.115s] gmake[2]: *** [CMakeFiles/number_counter_node.dir/build.make:76: CMakeFiles/number_counter_node.dir/src/numbercounter.cpp.o] Error 1
[1.115s] gmake[1]: *** [CMakeFiles/Makefile2:193: CMakeFiles/number_counter_node.dir/all] Error 2
[1.116s] gmake: *** [Makefile:146: all] Error 2
[1.117s] Invoked command in '/home/ros/ros2_ws/build/my_cpp_pkg' returned '2': CMAKE_PREFIX_PATH=${CMAKE_PREFIX_PATH}:/opt/ros/jazzy /usr/bin/cmake --build /home/ros/ros2_ws/build/my_cpp_pkg -- -j22 -l22
