[0.086s] Invoking command in '/home/ros/ros2_ws/build/turtle_save_pkg': AMENT_PREFIX_PATH=/home/ros/ros2_ws/install/custom_interfaces:${AMENT_PREFIX_PATH} CMAKE_PREFIX_PATH=/home/ros/ros2_ws/install/custom_interfaces:/home/ros/ros2_ws/install/turtle_save_pkg:/home/ros/ros2_ws/install/my_robot_interfaces:/home/ros/ros2_ws/install/my_cpp_pkg:/opt/ros/jazzy/opt/gz_math_vendor:/opt/ros/jazzy/opt/gz_utils_vendor:/opt/ros/jazzy/opt/gz_cmake_vendor:/opt/ros/jazzy LD_LIBRARY_PATH=/home/ros/ros2_ws/install/custom_interfaces/lib:${LD_LIBRARY_PATH} PYTHONPATH=/home/ros/ros2_ws/install/custom_interfaces/lib/python3.12/site-packages:${PYTHONPATH} /usr/bin/cmake --build /home/ros/ros2_ws/build/turtle_save_pkg -- -j22 -l22
[0.131s] [ 50%] Built target turtlecontrol_node
[0.133s] [ 75%] [32mBuilding CXX object CMakeFiles/turtlespawn_node.dir/src/turtlespawnnode.cpp.o[0m
[1.939s] [01m[K/home/ros/ros2_ws/src/turtle_save_pkg/src/turtlespawnnode.cpp:[m[K In member function ‘[01m[Kvoid TurtleSpawnNode::[01;32m[KspawnCompleteCallBack[m[K(rclcpp::Client<turtlesim::srv::Spawn>::SharedFuture)[m[K’:
[1.940s] [01m[K/home/ros/ros2_ws/src/turtle_save_pkg/src/turtlespawnnode.cpp:65:15:[m[K [01;31m[Kerror: [m[K‘[01m[Kstruct custom_interfaces::srv::TargetTurtleInfo[m[K’ has no member named ‘[01m[Kx[m[K’
[1.940s]    65 |             t.[01;31m[Kx[m[K = x;
[1.940s]       |               [01;31m[K^[m[K
[1.940s] [01m[K/home/ros/ros2_ws/src/turtle_save_pkg/src/turtlespawnnode.cpp:66:15:[m[K [01;31m[Kerror: [m[K‘[01m[Kstruct custom_interfaces::srv::TargetTurtleInfo[m[K’ has no member named ‘[01m[Ky[m[K’
[1.940s]    66 |             t.[01;31m[Ky[m[K = y;
[1.940s]       |               [01;31m[K^[m[K
[1.940s] [01m[K/home/ros/ros2_ws/src/turtle_save_pkg/src/turtlespawnnode.cpp:67:15:[m[K [01;31m[Kerror: [m[K‘[01m[Kstruct custom_interfaces::srv::TargetTurtleInfo[m[K’ has no member named ‘[01m[Ktheta[m[K’
[1.940s]    67 |             t.[01;31m[Ktheta[m[K = theta;
[1.940s]       |               [01;31m[K^~~~~[m[K
[1.940s] [01m[K/home/ros/ros2_ws/src/turtle_save_pkg/src/turtlespawnnode.cpp:68:15:[m[K [01;31m[Kerror: [m[K‘[01m[Kstruct custom_interfaces::srv::TargetTurtleInfo[m[K’ has no member named ‘[01m[Kname[m[K’
[1.940s]    68 |             t.[01;31m[Kname[m[K = turtle;
[1.941s]       |               [01;31m[K^~~~[m[K
[1.943s] [01m[K/home/ros/ros2_ws/src/turtle_save_pkg/src/turtlespawnnode.cpp:[m[K In member function ‘[01m[Kvoid TurtleSpawnNode::[01;32m[KHandleGetNextTurtleService[m[K(std::shared_ptr<custom_interfaces::srv::TargetTurtleInfo_Request_<std::allocator<void> > >, std::shared_ptr<custom_interfaces::srv::TargetTurtleInfo_Response_<std::allocator<void> > >)[m[K’:
[1.943s] [01m[K/home/ros/ros2_ws/src/turtle_save_pkg/src/turtlespawnnode.cpp:88:43:[m[K [01;31m[Kerror: [m[Kno match for ‘[01m[Koperator=[m[K’ (operand types are ‘[01m[Kcustom_interfaces::srv::TargetTurtleInfo_Response_<std::allocator<void> >::_name_type[m[K’ {aka ‘[01m[Kstd::__cxx11::basic_string<char>[m[K’} and ‘[01m[K__gnu_cxx::__alloc_traits<std::allocator<custom_interfaces::srv::TargetTurtleInfo>, custom_interfaces::srv::TargetTurtleInfo>::value_type[m[K’ {aka ‘[01m[Kcustom_interfaces::srv::TargetTurtleInfo[m[K’})
[1.943s]    88 |         response->name = turtleQueue.back([01;31m[K)[m[K;
[1.943s]       |                                           [01;31m[K^[m[K
[1.943s] In file included from [01m[K/usr/include/c++/13/string:54[m[K,
[1.943s]                  from [01m[K/opt/ros/jazzy/include/rclcpp/rclcpp/copy_all_parameter_values.hpp:18[m[K,
[1.943s]                  from [01m[K/opt/ros/jazzy/include/rclcpp/rclcpp/rclcpp.hpp:171[m[K,
[1.944s]                  from [01m[K/home/ros/ros2_ws/src/turtle_save_pkg/src/turtlespawnnode.cpp:1[m[K:
[1.944s] [01m[K/usr/include/c++/13/bits/basic_string.h:936:8:[m[K [01;36m[Knote: [m[Kcandidate: ‘[01m[Ktemplate<class _Tp> std::__cxx11::basic_string<_CharT, _Traits, _Alloc>::_If_sv<_Tp, std::__cxx11::basic_string<_CharT, _Traits, _Alloc>&> std::__cxx11::basic_string<_CharT, _Traits, _Alloc>::[01;32m[Koperator=[m[K(const _Tp&) [35m[K[with _CharT = char; _Traits = std::char_traits<char>; _Alloc = std::allocator<char>][m[K[m[K’
[1.944s]   936 |        [01;36m[Koperator[m[K=(const _Tp& __svt)
[1.944s]       |        [01;36m[K^~~~~~~~[m[K
[1.944s] [01m[K/usr/include/c++/13/bits/basic_string.h:936:8:[m[K [01;36m[Knote: [m[K  template argument deduction/substitution failed:
[1.944s] In file included from [01m[K/usr/include/c++/13/bits/move.h:37[m[K,
[1.944s]                  from [01m[K/usr/include/c++/13/bits/new_allocator.h:36[m[K,
[1.944s]                  from [01m[K/usr/include/x86_64-linux-gnu/c++/13/bits/c++allocator.h:33[m[K,
[1.944s]                  from [01m[K/usr/include/c++/13/bits/allocator.h:46[m[K,
[1.944s]                  from [01m[K/usr/include/c++/13/memory:65[m[K,
[1.944s]                  from [01m[K/opt/ros/jazzy/include/rclcpp/rclcpp/rclcpp.hpp:169[m[K:
[1.944s] /usr/include/c++/13/type_traits: In substitution of ‘[01m[Ktemplate<bool _Cond, class _Tp> using std::enable_if_t = typename std::enable_if::type [35m[K[with bool _Cond = false; _Tp = std::__cxx11::basic_string<char>&][m[K[m[K’:
[1.944s] [01m[K/usr/include/c++/13/bits/basic_string.h:144:8:[m[K   required by substitution of ‘[01m[Ktemplate<class _CharT, class _Traits, class _Alloc> template<class _Tp, class _Res> using std::__cxx11::basic_string<_CharT, _Traits, _Alloc>::_If_sv = std::enable_if_t<std::__and_<std::is_convertible<const _Tp&, std::basic_string_view<_CharT, _Traits> >, std::__not_<std::is_convertible<const _Tp*, const std::__cxx11::basic_string<_CharT, _Traits, _Alloc>*> >, std::__not_<std::is_convertible<const _Tp&, const _CharT*> > >::value, _Res> [35m[K[with _Tp = custom_interfaces::srv::TargetTurtleInfo; _Res = std::__cxx11::basic_string<char>&; _CharT = char; _Traits = std::char_traits<char>; _Alloc = std::allocator<char>][m[K[m[K’
[1.944s] [01m[K/usr/include/c++/13/bits/basic_string.h:936:8:[m[K   required by substitution of ‘[01m[Ktemplate<class _Tp> std::__cxx11::basic_string<char>::_If_sv<_Tp, std::__cxx11::basic_string<char>&> std::__cxx11::basic_string<char>::[01;32m[Koperator=[m[K(const _Tp&) [35m[K[with _Tp = custom_interfaces::srv::TargetTurtleInfo][m[K[m[K’
[1.944s] [01m[K/home/ros/ros2_ws/src/turtle_save_pkg/src/turtlespawnnode.cpp:88:43:[m[K   required from here
[1.944s] [01m[K/usr/include/c++/13/type_traits:2610:11:[m[K [01;31m[Kerror: [m[Kno type named ‘[01m[Ktype[m[K’ in ‘[01m[Kstruct std::enable_if<false, std::__cxx11::basic_string<char>&>[m[K’
[1.944s]  2610 |     using [01;31m[Kenable_if_t[m[K = typename enable_if<_Cond, _Tp>::type;
[1.944s]       |           [01;31m[K^~~~~~~~~~~[m[K
[1.944s] [01m[K/usr/include/c++/13/bits/basic_string.h:812:7:[m[K [01;36m[Knote: [m[Kcandidate: ‘[01m[Kstd::__cxx11::basic_string<_CharT, _Traits, _Alloc>& std::__cxx11::basic_string<_CharT, _Traits, _Alloc>::[01;32m[Koperator=[m[K(const std::__cxx11::basic_string<_CharT, _Traits, _Alloc>&) [35m[K[with _CharT = char; _Traits = std::char_traits<char>; _Alloc = std::allocator<char>][m[K[m[K’
[1.945s]   812 |       [01;36m[Koperator[m[K=(const basic_string& __str)
[1.945s]       |       [01;36m[K^~~~~~~~[m[K
[1.945s] [01m[K/usr/include/c++/13/bits/basic_string.h:812:37:[m[K [01;36m[Knote: [m[K  no known conversion for argument 1 from ‘[01m[K__gnu_cxx::__alloc_traits<std::allocator<custom_interfaces::srv::TargetTurtleInfo>, custom_interfaces::srv::TargetTurtleInfo>::value_type[m[K’ {aka ‘[01m[Kcustom_interfaces::srv::TargetTurtleInfo[m[K’} to ‘[01m[Kconst std::__cxx11::basic_string<char>&[m[K’
[1.945s]   812 |       operator=([01;36m[Kconst basic_string& __str[m[K)
[1.945s]       |                 [01;36m[K~~~~~~~~~~~~~~~~~~~~^~~~~[m[K
[1.945s] [01m[K/usr/include/c++/13/bits/basic_string.h:823:7:[m[K [01;36m[Knote: [m[Kcandidate: ‘[01m[Kstd::__cxx11::basic_string<_CharT, _Traits, _Alloc>& std::__cxx11::basic_string<_CharT, _Traits, _Alloc>::[01;32m[Koperator=[m[K(const _CharT*) [35m[K[with _CharT = char; _Traits = std::char_traits<char>; _Alloc = std::allocator<char>][m[K[m[K’
[1.945s]   823 |       [01;36m[Koperator[m[K=(const _CharT* __s)
[1.945s]       |       [01;36m[K^~~~~~~~[m[K
[1.945s] [01m[K/usr/include/c++/13/bits/basic_string.h:823:31:[m[K [01;36m[Knote: [m[K  no known conversion for argument 1 from ‘[01m[K__gnu_cxx::__alloc_traits<std::allocator<custom_interfaces::srv::TargetTurtleInfo>, custom_interfaces::srv::TargetTurtleInfo>::value_type[m[K’ {aka ‘[01m[Kcustom_interfaces::srv::TargetTurtleInfo[m[K’} to ‘[01m[Kconst char*[m[K’
[1.945s]   823 |       operator=([01;36m[Kconst _CharT* __s[m[K)
[1.945s]       |                 [01;36m[K~~~~~~~~~~~~~~^~~[m[K
[1.945s] [01m[K/usr/include/c++/13/bits/basic_string.h:835:7:[m[K [01;36m[Knote: [m[Kcandidate: ‘[01m[Kstd::__cxx11::basic_string<_CharT, _Traits, _Alloc>& std::__cxx11::basic_string<_CharT, _Traits, _Alloc>::[01;32m[Koperator=[m[K(_CharT) [35m[K[with _CharT = char; _Traits = std::char_traits<char>; _Alloc = std::allocator<char>][m[K[m[K’
[1.945s]   835 |       [01;36m[Koperator[m[K=(_CharT __c)
[1.945s]       |       [01;36m[K^~~~~~~~[m[K
[1.945s] [01m[K/usr/include/c++/13/bits/basic_string.h:835:24:[m[K [01;36m[Knote: [m[K  no known conversion for argument 1 from ‘[01m[K__gnu_cxx::__alloc_traits<std::allocator<custom_interfaces::srv::TargetTurtleInfo>, custom_interfaces::srv::TargetTurtleInfo>::value_type[m[K’ {aka ‘[01m[Kcustom_interfaces::srv::TargetTurtleInfo[m[K’} to ‘[01m[Kchar[m[K’
[1.945s]   835 |       operator=([01;36m[K_CharT __c[m[K)
[1.945s]       |                 [01;36m[K~~~~~~~^~~[m[K
[1.945s] [01m[K/usr/include/c++/13/bits/basic_string.h:853:7:[m[K [01;36m[Knote: [m[Kcandidate: ‘[01m[Kstd::__cxx11::basic_string<_CharT, _Traits, _Alloc>& std::__cxx11::basic_string<_CharT, _Traits, _Alloc>::[01;32m[Koperator=[m[K(std::__cxx11::basic_string<_CharT, _Traits, _Alloc>&&) [35m[K[with _CharT = char; _Traits = std::char_traits<char>; _Alloc = std::allocator<char>][m[K[m[K’
[1.945s]   853 |       [01;36m[Koperator[m[K=(basic_string&& __str)
[1.945s]       |       [01;36m[K^~~~~~~~[m[K
[1.945s] [01m[K/usr/include/c++/13/bits/basic_string.h:853:32:[m[K [01;36m[Knote: [m[K  no known conversion for argument 1 from ‘[01m[K__gnu_cxx::__alloc_traits<std::allocator<custom_interfaces::srv::TargetTurtleInfo>, custom_interfaces::srv::TargetTurtleInfo>::value_type[m[K’ {aka ‘[01m[Kcustom_interfaces::srv::TargetTurtleInfo[m[K’} to ‘[01m[Kstd::__cxx11::basic_string<char>&&[m[K’
[1.945s]   853 |       operator=([01;36m[Kbasic_string&& __str[m[K)
[1.945s]       |                 [01;36m[K~~~~~~~~~~~~~~~^~~~~[m[K
[1.946s] [01m[K/usr/include/c++/13/bits/basic_string.h:921:7:[m[K [01;36m[Knote: [m[Kcandidate: ‘[01m[Kstd::__cxx11::basic_string<_CharT, _Traits, _Alloc>& std::__cxx11::basic_string<_CharT, _Traits, _Alloc>::[01;32m[Koperator=[m[K(std::initializer_list<_Tp>) [35m[K[with _CharT = char; _Traits = std::char_traits<char>; _Alloc = std::allocator<char>][m[K[m[K’
[1.946s]   921 |       [01;36m[Koperator[m[K=(initializer_list<_CharT> __l)
[1.946s]       |       [01;36m[K^~~~~~~~[m[K
[1.946s] [01m[K/usr/include/c++/13/bits/basic_string.h:921:42:[m[K [01;36m[Knote: [m[K  no known conversion for argument 1 from ‘[01m[K__gnu_cxx::__alloc_traits<std::allocator<custom_interfaces::srv::TargetTurtleInfo>, custom_interfaces::srv::TargetTurtleInfo>::value_type[m[K’ {aka ‘[01m[Kcustom_interfaces::srv::TargetTurtleInfo[m[K’} to ‘[01m[Kstd::initializer_list<char>[m[K’
[1.946s]   921 |       operator=([01;36m[Kinitializer_list<_CharT> __l[m[K)
[1.946s]       |                 [01;36m[K~~~~~~~~~~~~~~~~~~~~~~~~~^~~[m[K
[2.863s] gmake[2]: *** [CMakeFiles/turtlespawn_node.dir/build.make:76: CMakeFiles/turtlespawn_node.dir/src/turtlespawnnode.cpp.o] Error 1
[2.863s] gmake[1]: *** [CMakeFiles/Makefile2:139: CMakeFiles/turtlespawn_node.dir/all] Error 2
[2.863s] gmake: *** [Makefile:146: all] Error 2
[2.865s] Invoked command in '/home/ros/ros2_ws/build/turtle_save_pkg' returned '2': AMENT_PREFIX_PATH=/home/ros/ros2_ws/install/custom_interfaces:${AMENT_PREFIX_PATH} CMAKE_PREFIX_PATH=/home/ros/ros2_ws/install/custom_interfaces:/home/ros/ros2_ws/install/turtle_save_pkg:/home/ros/ros2_ws/install/my_robot_interfaces:/home/ros/ros2_ws/install/my_cpp_pkg:/opt/ros/jazzy/opt/gz_math_vendor:/opt/ros/jazzy/opt/gz_utils_vendor:/opt/ros/jazzy/opt/gz_cmake_vendor:/opt/ros/jazzy LD_LIBRARY_PATH=/home/ros/ros2_ws/install/custom_interfaces/lib:${LD_LIBRARY_PATH} PYTHONPATH=/home/ros/ros2_ws/install/custom_interfaces/lib/python3.12/site-packages:${PYTHONPATH} /usr/bin/cmake --build /home/ros/ros2_ws/build/turtle_save_pkg -- -j22 -l22
