[8.648s] DEBUG:colcon:Command line arguments: ['/usr/bin/colcon', 'build', '--packages-select', 'turtle_save_pkg']
[8.648s] DEBUG:colcon:Parsed command line arguments: Namespace(log_base=None, log_level=None, verb_name='build', build_base='build', install_base='install', merge_install=False, symlink_install=False, test_result_base=None, continue_on_error=False, executor='parallel', parallel_workers=22, event_handlers=None, ignore_user_meta=False, metas=['./colcon.meta'], base_paths=['.'], packages_ignore=None, packages_ignore_regex=None, paths=None, packages_up_to=None, packages_up_to_regex=None, packages_above=None, packages_above_and_dependencies=None, packages_above_depth=None, packages_select_by_dep=None, packages_skip_by_dep=None, packages_skip_up_to=None, packages_select_build_failed=False, packages_skip_build_finished=False, packages_select_test_failures=False, packages_skip_test_passed=False, packages_select=['turtle_save_pkg'], packages_skip=None, packages_select_regex=None, packages_skip_regex=None, packages_start=None, packages_end=None, allow_overriding=[], cmake_args=None, cmake_target=None, cmake_target_skip_unavailable=False, cmake_clean_cache=False, cmake_clean_first=False, cmake_force_configure=False, ament_cmake_args=None, catkin_cmake_args=None, catkin_skip_building_tests=False, mixin_files=None, mixin=None, verb_parser=<colcon_mixin.mixin.mixin_argument.MixinArgumentDecorator object at 0x7689aae50da0>, verb_extension=<colcon_core.verb.build.BuildVerb object at 0x7689aaf97890>, main=<bound method BuildVerb.main of <colcon_core.verb.build.BuildVerb object at 0x7689aaf97890>>, mixin_verb=('build',))
[8.677s] Level 1:colcon.colcon_core.package_discovery:discover_packages(colcon_meta) check parameters
[8.677s] Level 1:colcon.colcon_core.package_discovery:discover_packages(recursive) check parameters
[8.677s] Level 1:colcon.colcon_core.package_discovery:discover_packages(ignore) check parameters
[8.677s] Level 1:colcon.colcon_core.package_discovery:discover_packages(path) check parameters
[8.677s] Level 1:colcon.colcon_core.package_discovery:discover_packages(colcon_meta) discover
[8.677s] Level 1:colcon.colcon_core.package_discovery:discover_packages(recursive) discover
[8.677s] INFO:colcon.colcon_core.package_discovery:Crawling recursively for packages in '/home/ros/ros2_ws'
[8.677s] Level 1:colcon.colcon_core.package_identification:_identify(.) by extensions ['ignore', 'ignore_ament_install']
[8.677s] Level 1:colcon.colcon_core.package_identification:_identify(.) by extension 'ignore'
[8.677s] Level 1:colcon.colcon_core.package_identification:_identify(.) by extension 'ignore_ament_install'
[8.677s] Level 1:colcon.colcon_core.package_identification:_identify(.) by extensions ['colcon_pkg']
[8.677s] Level 1:colcon.colcon_core.package_identification:_identify(.) by extension 'colcon_pkg'
[8.677s] Level 1:colcon.colcon_core.package_identification:_identify(.) by extensions ['colcon_meta']
[8.677s] Level 1:colcon.colcon_core.package_identification:_identify(.) by extension 'colcon_meta'
[8.677s] Level 1:colcon.colcon_core.package_identification:_identify(.) by extensions ['ros']
[8.677s] Level 1:colcon.colcon_core.package_identification:_identify(.) by extension 'ros'
[8.695s] Level 1:colcon.colcon_core.package_identification:_identify(.) by extensions ['cmake', 'python']
[8.695s] Level 1:colcon.colcon_core.package_identification:_identify(.) by extension 'cmake'
[8.695s] Level 1:colcon.colcon_core.package_identification:_identify(.) by extension 'python'
[8.695s] Level 1:colcon.colcon_core.package_identification:_identify(.) by extensions ['python_setup_py']
[8.695s] Level 1:colcon.colcon_core.package_identification:_identify(.) by extension 'python_setup_py'
[8.696s] Level 1:colcon.colcon_core.package_identification:_identify(build) by extensions ['ignore', 'ignore_ament_install']
[8.696s] Level 1:colcon.colcon_core.package_identification:_identify(build) by extension 'ignore'
[8.696s] Level 1:colcon.colcon_core.package_identification:_identify(build) ignored
[8.696s] Level 1:colcon.colcon_core.package_identification:_identify(install) by extensions ['ignore', 'ignore_ament_install']
[8.696s] Level 1:colcon.colcon_core.package_identification:_identify(install) by extension 'ignore'
[8.696s] Level 1:colcon.colcon_core.package_identification:_identify(install) ignored
[8.697s] Level 1:colcon.colcon_core.package_identification:_identify(log) by extensions ['ignore', 'ignore_ament_install']
[8.697s] Level 1:colcon.colcon_core.package_identification:_identify(log) by extension 'ignore'
[8.697s] Level 1:colcon.colcon_core.package_identification:_identify(log) ignored
[8.697s] Level 1:colcon.colcon_core.package_identification:_identify(src) by extensions ['ignore', 'ignore_ament_install']
[8.697s] Level 1:colcon.colcon_core.package_identification:_identify(src) by extension 'ignore'
[8.697s] Level 1:colcon.colcon_core.package_identification:_identify(src) by extension 'ignore_ament_install'
[8.697s] Level 1:colcon.colcon_core.package_identification:_identify(src) by extensions ['colcon_pkg']
[8.697s] Level 1:colcon.colcon_core.package_identification:_identify(src) by extension 'colcon_pkg'
[8.697s] Level 1:colcon.colcon_core.package_identification:_identify(src) by extensions ['colcon_meta']
[8.697s] Level 1:colcon.colcon_core.package_identification:_identify(src) by extension 'colcon_meta'
[8.697s] Level 1:colcon.colcon_core.package_identification:_identify(src) by extensions ['ros']
[8.697s] Level 1:colcon.colcon_core.package_identification:_identify(src) by extension 'ros'
[8.697s] Level 1:colcon.colcon_core.package_identification:_identify(src) by extensions ['cmake', 'python']
[8.697s] Level 1:colcon.colcon_core.package_identification:_identify(src) by extension 'cmake'
[8.697s] Level 1:colcon.colcon_core.package_identification:_identify(src) by extension 'python'
[8.697s] Level 1:colcon.colcon_core.package_identification:_identify(src) by extensions ['python_setup_py']
[8.697s] Level 1:colcon.colcon_core.package_identification:_identify(src) by extension 'python_setup_py'
[8.698s] Level 1:colcon.colcon_core.package_identification:_identify(src/custom_interfaces) by extensions ['ignore', 'ignore_ament_install']
[8.698s] Level 1:colcon.colcon_core.package_identification:_identify(src/custom_interfaces) by extension 'ignore'
[8.698s] Level 1:colcon.colcon_core.package_identification:_identify(src/custom_interfaces) by extension 'ignore_ament_install'
[8.698s] Level 1:colcon.colcon_core.package_identification:_identify(src/custom_interfaces) by extensions ['colcon_pkg']
[8.698s] Level 1:colcon.colcon_core.package_identification:_identify(src/custom_interfaces) by extension 'colcon_pkg'
[8.698s] Level 1:colcon.colcon_core.package_identification:_identify(src/custom_interfaces) by extensions ['colcon_meta']
[8.698s] Level 1:colcon.colcon_core.package_identification:_identify(src/custom_interfaces) by extension 'colcon_meta'
[8.698s] Level 1:colcon.colcon_core.package_identification:_identify(src/custom_interfaces) by extensions ['ros']
[8.698s] Level 1:colcon.colcon_core.package_identification:_identify(src/custom_interfaces) by extension 'ros'
[8.699s] DEBUG:colcon.colcon_core.package_identification:Package 'src/custom_interfaces' with type 'ros.ament_cmake' and name 'custom_interfaces'
[8.699s] Level 1:colcon.colcon_core.package_identification:_identify(src/my_cpp_pkg) by extensions ['ignore', 'ignore_ament_install']
[8.699s] Level 1:colcon.colcon_core.package_identification:_identify(src/my_cpp_pkg) by extension 'ignore'
[8.699s] Level 1:colcon.colcon_core.package_identification:_identify(src/my_cpp_pkg) by extension 'ignore_ament_install'
[8.699s] Level 1:colcon.colcon_core.package_identification:_identify(src/my_cpp_pkg) by extensions ['colcon_pkg']
[8.699s] Level 1:colcon.colcon_core.package_identification:_identify(src/my_cpp_pkg) by extension 'colcon_pkg'
[8.699s] Level 1:colcon.colcon_core.package_identification:_identify(src/my_cpp_pkg) by extensions ['colcon_meta']
[8.699s] Level 1:colcon.colcon_core.package_identification:_identify(src/my_cpp_pkg) by extension 'colcon_meta'
[8.699s] Level 1:colcon.colcon_core.package_identification:_identify(src/my_cpp_pkg) by extensions ['ros']
[8.700s] Level 1:colcon.colcon_core.package_identification:_identify(src/my_cpp_pkg) by extension 'ros'
[8.700s] DEBUG:colcon.colcon_core.package_identification:Package 'src/my_cpp_pkg' with type 'ros.ament_cmake' and name 'my_cpp_pkg'
[8.700s] Level 1:colcon.colcon_core.package_identification:_identify(src/my_robot_interfaces) by extensions ['ignore', 'ignore_ament_install']
[8.700s] Level 1:colcon.colcon_core.package_identification:_identify(src/my_robot_interfaces) by extension 'ignore'
[8.700s] Level 1:colcon.colcon_core.package_identification:_identify(src/my_robot_interfaces) by extension 'ignore_ament_install'
[8.700s] Level 1:colcon.colcon_core.package_identification:_identify(src/my_robot_interfaces) by extensions ['colcon_pkg']
[8.700s] Level 1:colcon.colcon_core.package_identification:_identify(src/my_robot_interfaces) by extension 'colcon_pkg'
[8.700s] Level 1:colcon.colcon_core.package_identification:_identify(src/my_robot_interfaces) by extensions ['colcon_meta']
[8.700s] Level 1:colcon.colcon_core.package_identification:_identify(src/my_robot_interfaces) by extension 'colcon_meta'
[8.700s] Level 1:colcon.colcon_core.package_identification:_identify(src/my_robot_interfaces) by extensions ['ros']
[8.700s] Level 1:colcon.colcon_core.package_identification:_identify(src/my_robot_interfaces) by extension 'ros'
[8.700s] DEBUG:colcon.colcon_core.package_identification:Package 'src/my_robot_interfaces' with type 'ros.ament_cmake' and name 'my_robot_interfaces'
[8.700s] Level 1:colcon.colcon_core.package_identification:_identify(src/turtle_save_pkg) by extensions ['ignore', 'ignore_ament_install']
[8.701s] Level 1:colcon.colcon_core.package_identification:_identify(src/turtle_save_pkg) by extension 'ignore'
[8.701s] Level 1:colcon.colcon_core.package_identification:_identify(src/turtle_save_pkg) by extension 'ignore_ament_install'
[8.701s] Level 1:colcon.colcon_core.package_identification:_identify(src/turtle_save_pkg) by extensions ['colcon_pkg']
[8.701s] Level 1:colcon.colcon_core.package_identification:_identify(src/turtle_save_pkg) by extension 'colcon_pkg'
[8.701s] Level 1:colcon.colcon_core.package_identification:_identify(src/turtle_save_pkg) by extensions ['colcon_meta']
[8.701s] Level 1:colcon.colcon_core.package_identification:_identify(src/turtle_save_pkg) by extension 'colcon_meta'
[8.701s] Level 1:colcon.colcon_core.package_identification:_identify(src/turtle_save_pkg) by extensions ['ros']
[8.701s] Level 1:colcon.colcon_core.package_identification:_identify(src/turtle_save_pkg) by extension 'ros'
[8.701s] DEBUG:colcon.colcon_core.package_identification:Package 'src/turtle_save_pkg' with type 'ros.ament_cmake' and name 'turtle_save_pkg'
[8.701s] Level 1:colcon.colcon_core.package_discovery:discover_packages(recursive) using defaults
[8.701s] Level 1:colcon.colcon_core.package_discovery:discover_packages(ignore) discover
[8.701s] Level 1:colcon.colcon_core.package_discovery:discover_packages(ignore) using defaults
[8.701s] Level 1:colcon.colcon_core.package_discovery:discover_packages(path) discover
[8.701s] Level 1:colcon.colcon_core.package_discovery:discover_packages(path) using defaults
[8.714s] INFO:colcon.colcon_core.package_selection:Skipping not selected package 'custom_interfaces' in 'src/custom_interfaces'
[8.714s] INFO:colcon.colcon_core.package_selection:Skipping not selected package 'my_cpp_pkg' in 'src/my_cpp_pkg'
[8.714s] INFO:colcon.colcon_core.package_selection:Skipping not selected package 'my_robot_interfaces' in 'src/my_robot_interfaces'
[8.714s] Level 1:colcon.colcon_core.package_discovery:discover_packages(prefix_path) check parameters
[8.714s] Level 1:colcon.colcon_core.package_discovery:discover_packages(prefix_path) discover
[8.716s] DEBUG:colcon.colcon_installed_package_information.package_discovery:Found 4 installed packages in /home/ros/ros2_ws/install
[8.716s] DEBUG:colcon.colcon_installed_package_information.package_discovery:Found 285 installed packages in /opt/ros/jazzy
[8.717s] Level 1:colcon.colcon_core.package_discovery:discover_packages(prefix_path) using defaults
[8.746s] Level 5:colcon.colcon_core.verb:set package 'turtle_save_pkg' build argument 'cmake_args' from command line to 'None'
[8.746s] Level 5:colcon.colcon_core.verb:set package 'turtle_save_pkg' build argument 'cmake_target' from command line to 'None'
[8.746s] Level 5:colcon.colcon_core.verb:set package 'turtle_save_pkg' build argument 'cmake_target_skip_unavailable' from command line to 'False'
[8.746s] Level 5:colcon.colcon_core.verb:set package 'turtle_save_pkg' build argument 'cmake_clean_cache' from command line to 'False'
[8.746s] Level 5:colcon.colcon_core.verb:set package 'turtle_save_pkg' build argument 'cmake_clean_first' from command line to 'False'
[8.746s] Level 5:colcon.colcon_core.verb:set package 'turtle_save_pkg' build argument 'cmake_force_configure' from command line to 'False'
[8.746s] Level 5:colcon.colcon_core.verb:set package 'turtle_save_pkg' build argument 'ament_cmake_args' from command line to 'None'
[8.746s] Level 5:colcon.colcon_core.verb:set package 'turtle_save_pkg' build argument 'catkin_cmake_args' from command line to 'None'
[8.746s] Level 5:colcon.colcon_core.verb:set package 'turtle_save_pkg' build argument 'catkin_skip_building_tests' from command line to 'False'
[8.746s] DEBUG:colcon.colcon_core.verb:Building package 'turtle_save_pkg' with the following arguments: {'ament_cmake_args': None, 'build_base': '/home/ros/ros2_ws/build/turtle_save_pkg', 'catkin_cmake_args': None, 'catkin_skip_building_tests': False, 'cmake_args': None, 'cmake_clean_cache': False, 'cmake_clean_first': False, 'cmake_force_configure': False, 'cmake_target': None, 'cmake_target_skip_unavailable': False, 'install_base': '/home/ros/ros2_ws/install/turtle_save_pkg', 'merge_install': False, 'path': '/home/ros/ros2_ws/src/turtle_save_pkg', 'symlink_install': False, 'test_result_base': None}
[8.746s] INFO:colcon.colcon_core.executor:Executing jobs using 'parallel' executor
[8.747s] DEBUG:colcon.colcon_parallel_executor.executor.parallel:run_until_complete
[8.748s] INFO:colcon.colcon_ros.task.ament_cmake.build:Building ROS package in '/home/ros/ros2_ws/src/turtle_save_pkg' with build type 'ament_cmake'
[8.748s] INFO:colcon.colcon_cmake.task.cmake.build:Building CMake package in '/home/ros/ros2_ws/src/turtle_save_pkg'
[8.750s] INFO:colcon.colcon_core.plugin_system:Skipping extension 'colcon_core.shell.bat': Not used on non-Windows systems
[8.750s] INFO:colcon.colcon_core.shell:Skip shell extension 'powershell' for command environment: Not usable outside of PowerShell
[8.751s] DEBUG:colcon.colcon_core.shell:Skip shell extension 'dsv' for command environment
[8.834s] DEBUG:colcon.colcon_core.event_handler.log_command:Invoking command in '/home/ros/ros2_ws/build/turtle_save_pkg': AMENT_PREFIX_PATH=/home/ros/ros2_ws/install/custom_interfaces:${AMENT_PREFIX_PATH} CMAKE_PREFIX_PATH=/home/ros/ros2_ws/install/custom_interfaces:/home/ros/ros2_ws/install/turtle_save_pkg:/home/ros/ros2_ws/install/my_robot_interfaces:/home/ros/ros2_ws/install/my_cpp_pkg:/opt/ros/jazzy/opt/gz_math_vendor:/opt/ros/jazzy/opt/gz_utils_vendor:/opt/ros/jazzy/opt/gz_cmake_vendor:/opt/ros/jazzy LD_LIBRARY_PATH=/home/ros/ros2_ws/install/custom_interfaces/lib:${LD_LIBRARY_PATH} PYTHONPATH=/home/ros/ros2_ws/install/custom_interfaces/lib/python3.12/site-packages:${PYTHONPATH} /usr/bin/cmake --build /home/ros/ros2_ws/build/turtle_save_pkg -- -j22 -l22
[2.700s] DEBUG:colcon.colcon_core.event_handler.log_command:Invoked command in '/home/ros/ros2_ws/build/turtle_save_pkg' returned '2': AMENT_PREFIX_PATH=/home/ros/ros2_ws/install/custom_interfaces:${AMENT_PREFIX_PATH} CMAKE_PREFIX_PATH=/home/ros/ros2_ws/install/custom_interfaces:/home/ros/ros2_ws/install/turtle_save_pkg:/home/ros/ros2_ws/install/my_robot_interfaces:/home/ros/ros2_ws/install/my_cpp_pkg:/opt/ros/jazzy/opt/gz_math_vendor:/opt/ros/jazzy/opt/gz_utils_vendor:/opt/ros/jazzy/opt/gz_cmake_vendor:/opt/ros/jazzy LD_LIBRARY_PATH=/home/ros/ros2_ws/install/custom_interfaces/lib:${LD_LIBRARY_PATH} PYTHONPATH=/home/ros/ros2_ws/install/custom_interfaces/lib/python3.12/site-packages:${PYTHONPATH} /usr/bin/cmake --build /home/ros/ros2_ws/build/turtle_save_pkg -- -j22 -l22
[2.700s] Level 1:colcon.colcon_core.environment:create_environment_scripts_only(turtle_save_pkg)
[2.702s] Level 1:colcon.colcon_core.environment:checking '/home/ros/ros2_ws/install/turtle_save_pkg' for CMake module files
[2.702s] Level 1:colcon.colcon_core.environment:checking '/home/ros/ros2_ws/install/turtle_save_pkg' for CMake config files
[2.702s] Level 1:colcon.colcon_core.shell:create_environment_hook('turtle_save_pkg', 'cmake_prefix_path')
[2.703s] INFO:colcon.colcon_core.shell:Creating environment hook '/home/ros/ros2_ws/install/turtle_save_pkg/share/turtle_save_pkg/hook/cmake_prefix_path.ps1'
[2.703s] INFO:colcon.colcon_core.shell:Creating environment descriptor '/home/ros/ros2_ws/install/turtle_save_pkg/share/turtle_save_pkg/hook/cmake_prefix_path.dsv'
[2.703s] INFO:colcon.colcon_core.shell:Creating environment hook '/home/ros/ros2_ws/install/turtle_save_pkg/share/turtle_save_pkg/hook/cmake_prefix_path.sh'
[2.704s] Level 1:colcon.colcon_core.environment:checking '/home/ros/ros2_ws/install/turtle_save_pkg/lib'
[2.704s] Level 1:colcon.colcon_core.environment:checking '/home/ros/ros2_ws/install/turtle_save_pkg/bin'
[2.704s] Level 1:colcon.colcon_core.environment:checking '/home/ros/ros2_ws/install/turtle_save_pkg/lib/pkgconfig/turtle_save_pkg.pc'
[2.704s] Level 1:colcon.colcon_core.environment:checking '/home/ros/ros2_ws/install/turtle_save_pkg/lib/python3.12/site-packages'
[2.704s] Level 1:colcon.colcon_core.environment:checking '/home/ros/ros2_ws/install/turtle_save_pkg/bin'
[2.704s] INFO:colcon.colcon_core.shell:Creating package script '/home/ros/ros2_ws/install/turtle_save_pkg/share/turtle_save_pkg/package.ps1'
[2.705s] INFO:colcon.colcon_core.shell:Creating package descriptor '/home/ros/ros2_ws/install/turtle_save_pkg/share/turtle_save_pkg/package.dsv'
[2.705s] INFO:colcon.colcon_core.shell:Creating package script '/home/ros/ros2_ws/install/turtle_save_pkg/share/turtle_save_pkg/package.sh'
[2.705s] INFO:colcon.colcon_core.shell:Creating package script '/home/ros/ros2_ws/install/turtle_save_pkg/share/turtle_save_pkg/package.bash'
[2.706s] INFO:colcon.colcon_core.shell:Creating package script '/home/ros/ros2_ws/install/turtle_save_pkg/share/turtle_save_pkg/package.zsh'
[2.706s] Level 1:colcon.colcon_core.environment:create_file_with_runtime_dependencies(/home/ros/ros2_ws/install/turtle_save_pkg/share/colcon-core/packages/turtle_save_pkg)
[2.717s] DEBUG:colcon.colcon_parallel_executor.executor.parallel:closing loop
[2.717s] DEBUG:colcon.colcon_parallel_executor.executor.parallel:loop closed
[2.717s] DEBUG:colcon.colcon_parallel_executor.executor.parallel:run_until_complete finished with '2'
[2.717s] DEBUG:colcon.colcon_core.event_reactor:joining thread
[2.751s] INFO:colcon.colcon_core.plugin_system:Skipping extension 'colcon_notification.desktop_notification.notify_send': Could not find 'notify-send'
[2.751s] INFO:colcon.colcon_core.plugin_system:Skipping extension 'colcon_notification.desktop_notification.terminal_notifier': Not used on non-Darwin systems
[2.751s] INFO:colcon.colcon_core.plugin_system:Skipping extension 'colcon_notification.desktop_notification.win32': Not used on non-Windows systems
[2.751s] INFO:colcon.colcon_notification.desktop_notification:Sending desktop notification using 'notify2'
[2.752s] DEBUG:colcon.colcon_notification.desktop_notification.notify2:Failed to initialize notify2: org.freedesktop.DBus.Error.ServiceUnknown: The name org.freedesktop.Notifications was not provided by any .service files
[2.753s] DEBUG:colcon.colcon_core.event_reactor:joined thread
[2.753s] INFO:colcon.colcon_core.shell:Creating prefix script '/home/ros/ros2_ws/install/local_setup.ps1'
[2.754s] INFO:colcon.colcon_core.shell:Creating prefix util module '/home/ros/ros2_ws/install/_local_setup_util_ps1.py'
[2.754s] INFO:colcon.colcon_core.shell:Creating prefix chain script '/home/ros/ros2_ws/install/setup.ps1'
[2.755s] INFO:colcon.colcon_core.shell:Creating prefix script '/home/ros/ros2_ws/install/local_setup.sh'
[2.755s] INFO:colcon.colcon_core.shell:Creating prefix util module '/home/ros/ros2_ws/install/_local_setup_util_sh.py'
[2.755s] INFO:colcon.colcon_core.shell:Creating prefix chain script '/home/ros/ros2_ws/install/setup.sh'
[2.756s] INFO:colcon.colcon_core.shell:Creating prefix script '/home/ros/ros2_ws/install/local_setup.bash'
[2.756s] INFO:colcon.colcon_core.shell:Creating prefix chain script '/home/ros/ros2_ws/install/setup.bash'
[2.757s] INFO:colcon.colcon_core.shell:Creating prefix script '/home/ros/ros2_ws/install/local_setup.zsh'
[2.758s] INFO:colcon.colcon_core.shell:Creating prefix chain script '/home/ros/ros2_ws/install/setup.zsh'
