[0.016s] Invoking command in '/home/ros/ros2_ws/build/my_cpp_pkg': CMAKE_PREFIX_PATH=${CMAKE_PREFIX_PATH}:/opt/ros/jazzy /usr/bin/cmake --build /home/ros/ros2_ws/build/my_cpp_pkg -- -j22 -l22
[0.109s] [ 50%] [32mBuilding CXX object CMakeFiles/cpp_node.dir/src/my_first_node.cpp.o[0m
[4.307s] [100%] [32m[1mLinking CXX executable cpp_node[0m
[5.074s] [100%] Built target cpp_node
[5.092s] Invoked command in '/home/ros/ros2_ws/build/my_cpp_pkg' returned '0': CMAKE_PREFIX_PATH=${CMAKE_PREFIX_PATH}:/opt/ros/jazzy /usr/bin/cmake --build /home/ros/ros2_ws/build/my_cpp_pkg -- -j22 -l22
[5.106s] Invoking command in '/home/ros/ros2_ws/build/my_cpp_pkg': CMAKE_PREFIX_PATH=${CMAKE_PREFIX_PATH}:/opt/ros/jazzy /usr/bin/cmake --install /home/ros/ros2_ws/build/my_cpp_pkg
[5.117s] -- Install configuration: ""
[5.120s] -- Installing: /home/ros/ros2_ws/install/my_cpp_pkg/lib/my_cpp_pkg/cpp_node
[5.122s] -- Set non-toolchain portion of runtime path of "/home/ros/ros2_ws/install/my_cpp_pkg/lib/my_cpp_pkg/cpp_node" to ""
[5.123s] -- Up-to-date: /home/ros/ros2_ws/install/my_cpp_pkg/share/ament_index/resource_index/package_run_dependencies/my_cpp_pkg
[5.123s] -- Up-to-date: /home/ros/ros2_ws/install/my_cpp_pkg/share/ament_index/resource_index/parent_prefix_path/my_cpp_pkg
[5.124s] -- Up-to-date: /home/ros/ros2_ws/install/my_cpp_pkg/share/my_cpp_pkg/environment/ament_prefix_path.sh
[5.124s] -- Up-to-date: /home/ros/ros2_ws/install/my_cpp_pkg/share/my_cpp_pkg/environment/ament_prefix_path.dsv
[5.124s] -- Up-to-date: /home/ros/ros2_ws/install/my_cpp_pkg/share/my_cpp_pkg/environment/path.sh
[5.124s] -- Up-to-date: /home/ros/ros2_ws/install/my_cpp_pkg/share/my_cpp_pkg/environment/path.dsv
[5.124s] -- Up-to-date: /home/ros/ros2_ws/install/my_cpp_pkg/share/my_cpp_pkg/local_setup.bash
[5.124s] -- Up-to-date: /home/ros/ros2_ws/install/my_cpp_pkg/share/my_cpp_pkg/local_setup.sh
[5.124s] -- Up-to-date: /home/ros/ros2_ws/install/my_cpp_pkg/share/my_cpp_pkg/local_setup.zsh
[5.124s] -- Up-to-date: /home/ros/ros2_ws/install/my_cpp_pkg/share/my_cpp_pkg/local_setup.dsv
[5.124s] -- Installing: /home/ros/ros2_ws/install/my_cpp_pkg/share/my_cpp_pkg/package.dsv
[5.124s] -- Up-to-date: /home/ros/ros2_ws/install/my_cpp_pkg/share/ament_index/resource_index/packages/my_cpp_pkg
[5.124s] -- Up-to-date: /home/ros/ros2_ws/install/my_cpp_pkg/share/my_cpp_pkg/cmake/my_cpp_pkgConfig.cmake
[5.124s] -- Up-to-date: /home/ros/ros2_ws/install/my_cpp_pkg/share/my_cpp_pkg/cmake/my_cpp_pkgConfig-version.cmake
[5.124s] -- Up-to-date: /home/ros/ros2_ws/install/my_cpp_pkg/share/my_cpp_pkg/package.xml
[5.128s] Invoked command in '/home/ros/ros2_ws/build/my_cpp_pkg' returned '0': CMAKE_PREFIX_PATH=${CMAKE_PREFIX_PATH}:/opt/ros/jazzy /usr/bin/cmake --install /home/ros/ros2_ws/build/my_cpp_pkg
