[0.087s] Invoking command in '/home/ros/ros2_ws/build/turtle_save_pkg': CMAKE_PREFIX_PATH=/home/ros/ros2_ws/install/custom_interfaces:/home/ros/ros2_ws/install/turtle_save_pkg:/home/ros/ros2_ws/install/my_robot_interfaces:/home/ros/ros2_ws/install/my_cpp_pkg:/opt/ros/jazzy/opt/gz_math_vendor:/opt/ros/jazzy/opt/gz_utils_vendor:/opt/ros/jazzy/opt/gz_cmake_vendor:/opt/ros/jazzy LD_LIBRARY_PATH=/home/ros/ros2_ws/install/custom_interfaces/lib:/home/ros/ros2_ws/install/my_robot_interfaces/lib:/opt/ros/jazzy/opt/rviz_ogre_vendor/lib:/opt/ros/jazzy/lib/x86_64-linux-gnu:/opt/ros/jazzy/opt/gz_math_vendor/lib:/opt/ros/jazzy/opt/gz_utils_vendor/lib:/opt/ros/jazzy/opt/gz_cmake_vendor/lib:/opt/ros/jazzy/lib PYTHONPATH=/home/ros/ros2_ws/install/custom_interfaces/lib/python3.12/site-packages:/home/ros/ros2_ws/install/my_robot_interfaces/lib/python3.12/site-packages:/opt/ros/jazzy/lib/python3.12/site-packages /usr/bin/cmake --build /home/ros/ros2_ws/build/turtle_save_pkg -- -j22 -l22
[0.128s] [ 50%] [32mBuilding CXX object CMakeFiles/turtlecontrol_node.dir/src/turtlecontrolnode.cpp.o[0m
[0.128s] [ 75%] Built target turtlespawn_node
[6.098s] [100%] [32m[1mLinking CXX executable turtlecontrol_node[0m
[6.368s] [100%] Built target turtlecontrol_node
[6.375s] Invoked command in '/home/ros/ros2_ws/build/turtle_save_pkg' returned '0': CMAKE_PREFIX_PATH=/home/ros/ros2_ws/install/custom_interfaces:/home/ros/ros2_ws/install/turtle_save_pkg:/home/ros/ros2_ws/install/my_robot_interfaces:/home/ros/ros2_ws/install/my_cpp_pkg:/opt/ros/jazzy/opt/gz_math_vendor:/opt/ros/jazzy/opt/gz_utils_vendor:/opt/ros/jazzy/opt/gz_cmake_vendor:/opt/ros/jazzy LD_LIBRARY_PATH=/home/ros/ros2_ws/install/custom_interfaces/lib:/home/ros/ros2_ws/install/my_robot_interfaces/lib:/opt/ros/jazzy/opt/rviz_ogre_vendor/lib:/opt/ros/jazzy/lib/x86_64-linux-gnu:/opt/ros/jazzy/opt/gz_math_vendor/lib:/opt/ros/jazzy/opt/gz_utils_vendor/lib:/opt/ros/jazzy/opt/gz_cmake_vendor/lib:/opt/ros/jazzy/lib PYTHONPATH=/home/ros/ros2_ws/install/custom_interfaces/lib/python3.12/site-packages:/home/ros/ros2_ws/install/my_robot_interfaces/lib/python3.12/site-packages:/opt/ros/jazzy/lib/python3.12/site-packages /usr/bin/cmake --build /home/ros/ros2_ws/build/turtle_save_pkg -- -j22 -l22
[6.381s] Invoking command in '/home/ros/ros2_ws/build/turtle_save_pkg': CMAKE_PREFIX_PATH=/home/ros/ros2_ws/install/custom_interfaces:/home/ros/ros2_ws/install/turtle_save_pkg:/home/ros/ros2_ws/install/my_robot_interfaces:/home/ros/ros2_ws/install/my_cpp_pkg:/opt/ros/jazzy/opt/gz_math_vendor:/opt/ros/jazzy/opt/gz_utils_vendor:/opt/ros/jazzy/opt/gz_cmake_vendor:/opt/ros/jazzy LD_LIBRARY_PATH=/home/ros/ros2_ws/install/custom_interfaces/lib:/home/ros/ros2_ws/install/my_robot_interfaces/lib:/opt/ros/jazzy/opt/rviz_ogre_vendor/lib:/opt/ros/jazzy/lib/x86_64-linux-gnu:/opt/ros/jazzy/opt/gz_math_vendor/lib:/opt/ros/jazzy/opt/gz_utils_vendor/lib:/opt/ros/jazzy/opt/gz_cmake_vendor/lib:/opt/ros/jazzy/lib PYTHONPATH=/home/ros/ros2_ws/install/custom_interfaces/lib/python3.12/site-packages:/home/ros/ros2_ws/install/my_robot_interfaces/lib/python3.12/site-packages:/opt/ros/jazzy/lib/python3.12/site-packages /usr/bin/cmake --install /home/ros/ros2_ws/build/turtle_save_pkg
[6.386s] -- Install configuration: ""
[6.386s] -- Up-to-date: /home/ros/ros2_ws/install/turtle_save_pkg/lib/turtle_save_pkg/turtlespawn_node
[6.386s] -- Installing: /home/ros/ros2_ws/install/turtle_save_pkg/lib/turtle_save_pkg/turtlecontrol_node
[6.389s] -- Set non-toolchain portion of runtime path of "/home/ros/ros2_ws/install/turtle_save_pkg/lib/turtle_save_pkg/turtlecontrol_node" to ""
[6.389s] -- Up-to-date: /home/ros/ros2_ws/install/turtle_save_pkg/share/ament_index/resource_index/package_run_dependencies/turtle_save_pkg
[6.389s] -- Up-to-date: /home/ros/ros2_ws/install/turtle_save_pkg/share/ament_index/resource_index/parent_prefix_path/turtle_save_pkg
[6.389s] -- Up-to-date: /home/ros/ros2_ws/install/turtle_save_pkg/share/turtle_save_pkg/environment/ament_prefix_path.sh
[6.389s] -- Up-to-date: /home/ros/ros2_ws/install/turtle_save_pkg/share/turtle_save_pkg/environment/ament_prefix_path.dsv
[6.390s] -- Up-to-date: /home/ros/ros2_ws/install/turtle_save_pkg/share/turtle_save_pkg/environment/path.sh
[6.390s] -- Up-to-date: /home/ros/ros2_ws/install/turtle_save_pkg/share/turtle_save_pkg/environment/path.dsv
[6.390s] -- Up-to-date: /home/ros/ros2_ws/install/turtle_save_pkg/share/turtle_save_pkg/local_setup.bash
[6.390s] -- Up-to-date: /home/ros/ros2_ws/install/turtle_save_pkg/share/turtle_save_pkg/local_setup.sh
[6.390s] -- Up-to-date: /home/ros/ros2_ws/install/turtle_save_pkg/share/turtle_save_pkg/local_setup.zsh
[6.390s] -- Up-to-date: /home/ros/ros2_ws/install/turtle_save_pkg/share/turtle_save_pkg/local_setup.dsv
[6.390s] -- Installing: /home/ros/ros2_ws/install/turtle_save_pkg/share/turtle_save_pkg/package.dsv
[6.390s] -- Up-to-date: /home/ros/ros2_ws/install/turtle_save_pkg/share/ament_index/resource_index/packages/turtle_save_pkg
[6.390s] -- Up-to-date: /home/ros/ros2_ws/install/turtle_save_pkg/share/turtle_save_pkg/cmake/turtle_save_pkgConfig.cmake
[6.390s] -- Up-to-date: /home/ros/ros2_ws/install/turtle_save_pkg/share/turtle_save_pkg/cmake/turtle_save_pkgConfig-version.cmake
[6.390s] -- Up-to-date: /home/ros/ros2_ws/install/turtle_save_pkg/share/turtle_save_pkg/package.xml
[6.391s] Invoked command in '/home/ros/ros2_ws/build/turtle_save_pkg' returned '0': CMAKE_PREFIX_PATH=/home/ros/ros2_ws/install/custom_interfaces:/home/ros/ros2_ws/install/turtle_save_pkg:/home/ros/ros2_ws/install/my_robot_interfaces:/home/ros/ros2_ws/install/my_cpp_pkg:/opt/ros/jazzy/opt/gz_math_vendor:/opt/ros/jazzy/opt/gz_utils_vendor:/opt/ros/jazzy/opt/gz_cmake_vendor:/opt/ros/jazzy LD_LIBRARY_PATH=/home/ros/ros2_ws/install/custom_interfaces/lib:/home/ros/ros2_ws/install/my_robot_interfaces/lib:/opt/ros/jazzy/opt/rviz_ogre_vendor/lib:/opt/ros/jazzy/lib/x86_64-linux-gnu:/opt/ros/jazzy/opt/gz_math_vendor/lib:/opt/ros/jazzy/opt/gz_utils_vendor/lib:/opt/ros/jazzy/opt/gz_cmake_vendor/lib:/opt/ros/jazzy/lib PYTHONPATH=/home/ros/ros2_ws/install/custom_interfaces/lib/python3.12/site-packages:/home/ros/ros2_ws/install/my_robot_interfaces/lib/python3.12/site-packages:/opt/ros/jazzy/lib/python3.12/site-packages /usr/bin/cmake --install /home/ros/ros2_ws/build/turtle_save_pkg
