[0.011s] Invoking command in '/home/ros/ros2_ws/build/custom_interfaces': CMAKE_PREFIX_PATH=${CMAKE_PREFIX_PATH}:/opt/ros/jazzy /usr/bin/cmake --build /home/ros/ros2_ws/build/custom_interfaces -- -j22 -l22
[0.082s] -- Found ament_cmake: 2.5.4 (/opt/ros/jazzy/share/ament_cmake/cmake)
[0.106s] -- Found Python3: /usr/bin/python3 (found version "3.12.3") found components: Interpreter 
[0.183s] -- Found rosidl_default_generators: 1.6.0 (/opt/ros/jazzy/share/rosidl_default_generators/cmake)
[0.187s] -- Using all available rosidl_typesupport_c: rosidl_typesupport_fastrtps_c;rosidl_typesupport_introspection_c
[0.311s] -- Using all available rosidl_typesupport_cpp: rosidl_typesupport_fastrtps_cpp;rosidl_typesupport_introspection_cpp
[0.342s] -- Found rosidl_adapter: 4.6.6 (/opt/ros/jazzy/share/rosidl_adapter/cmake)
[0.545s] -- Found ament_cmake_ros: 0.12.0 (/opt/ros/jazzy/share/ament_cmake_ros/cmake)
[0.614s] -- Using all available rosidl_typesupport_c: rosidl_typesupport_fastrtps_c;rosidl_typesupport_introspection_c
[0.697s] -- Using all available rosidl_typesupport_cpp: rosidl_typesupport_fastrtps_cpp;rosidl_typesupport_introspection_cpp
[0.698s] -- Found python_cmake_module: 0.11.1 (/opt/ros/jazzy/share/python_cmake_module/cmake)
[0.889s] -- Found Python3: /usr/bin/python3 (found version "3.12.3") found components: Interpreter Development NumPy Development.Module Development.Embed 
[0.913s] -- Configuring done (0.8s)
[0.967s] -- Generating done (0.0s)
[0.979s] -- Build files have been written to: /home/ros/ros2_ws/build/custom_interfaces
[1.009s] [  2%] [34m[1mGenerating type hashes for ROS interfaces[0m
[1.020s] [  2%] Built target ament_cmake_python_copy_custom_interfaces
[1.152s] [  2%] Built target custom_interfaces__rosidl_generator_type_description
[1.160s] [  5%] [34m[1mGenerating C code for ROS interfaces[0m
[1.167s] [  8%] [34m[1mGenerating C++ code for ROS interfaces[0m
[1.172s] running egg_info
[1.184s] writing custom_interfaces.egg-info/PKG-INFO
[1.184s] writing dependency_links to custom_interfaces.egg-info/dependency_links.txt
[1.185s] writing top-level names to custom_interfaces.egg-info/top_level.txt
[1.222s] reading manifest file 'custom_interfaces.egg-info/SOURCES.txt'
[1.223s] writing manifest file 'custom_interfaces.egg-info/SOURCES.txt'
[1.246s] [  8%] Built target ament_cmake_python_build_custom_interfaces_egg
[1.349s] [  8%] Built target custom_interfaces__cpp
[1.361s] [ 14%] [32mBuilding C object CMakeFiles/custom_interfaces__rosidl_generator_c.dir/rosidl_generator_c/custom_interfaces/srv/detail/target_turtle_info__functions.c.o[0m
[1.361s] [ 14%] [32mBuilding C object CMakeFiles/custom_interfaces__rosidl_generator_c.dir/rosidl_generator_c/custom_interfaces/srv/detail/target_turtle_info__description.c.o[0m
[1.361s] [ 17%] [32mBuilding C object CMakeFiles/custom_interfaces__rosidl_generator_c.dir/rosidl_generator_c/custom_interfaces/srv/detail/target_turtle_info__type_support.c.o[0m
[1.454s] [ 20%] [32m[1mLinking C shared library libcustom_interfaces__rosidl_generator_c.so[0m
[1.552s] [ 20%] Built target custom_interfaces__rosidl_generator_c
[1.559s] [ 26%] [34m[1mGenerating C++ type support for eProsima Fast-RTPS[0m
[1.559s] [ 26%] [34m[1mGenerating C type support for eProsima Fast-RTPS[0m
[1.560s] [ 32%] [34m[1mGenerating C introspection for ROS interfaces[0m
[1.560s] [ 32%] [34m[1mGenerating C type support dispatch for ROS interfaces[0m
[1.560s] [ 35%] [34m[1mGenerating C++ introspection for ROS interfaces[0m
[1.561s] [ 38%] [34m[1mGenerating C++ type support dispatch for ROS interfaces[0m
[1.723s] gmake[2]: Warning: File 'rosidl_generator_c/custom_interfaces/srv/detail/target_turtle_info__functions.h' has modification time 8.5 s in the future
[1.724s] gmake[2]: Warning: File 'rosidl_generator_c/custom_interfaces/srv/detail/target_turtle_info__functions.h' has modification time 8.5 s in the future
[1.729s] [ 41%] [32mBuilding CXX object CMakeFiles/custom_interfaces__rosidl_typesupport_c.dir/rosidl_typesupport_c/custom_interfaces/srv/target_turtle_info__type_support.cpp.o[0m
[1.731s] [ 44%] [32mBuilding CXX object CMakeFiles/custom_interfaces__rosidl_typesupport_cpp.dir/rosidl_typesupport_cpp/custom_interfaces/srv/target_turtle_info__type_support.cpp.o[0m
[1.747s] gmake[2]: Warning: File 'rosidl_generator_c/custom_interfaces/srv/detail/target_turtle_info__functions.h' has modification time 8.5 s in the future
[1.754s] [ 47%] [32mBuilding CXX object CMakeFiles/custom_interfaces__rosidl_typesupport_introspection_cpp.dir/rosidl_typesupport_introspection_cpp/custom_interfaces/srv/detail/target_turtle_info__type_support.cpp.o[0m
[1.759s] gmake[2]: Warning: File 'rosidl_generator_c/custom_interfaces/srv/detail/target_turtle_info__functions.h' has modification time 8.5 s in the future
[1.765s] [ 50%] [32mBuilding C object CMakeFiles/custom_interfaces__rosidl_typesupport_introspection_c.dir/rosidl_typesupport_introspection_c/custom_interfaces/srv/detail/target_turtle_info__type_support.c.o[0m
[1.765s] gmake[2]: Warning: File 'rosidl_generator_c/custom_interfaces/srv/detail/target_turtle_info__functions.h' has modification time 8.5 s in the future
[1.772s] [ 52%] [32mBuilding CXX object CMakeFiles/custom_interfaces__rosidl_typesupport_fastrtps_c.dir/rosidl_typesupport_fastrtps_c/custom_interfaces/srv/detail/target_turtle_info__type_support_c.cpp.o[0m
[1.774s] gmake[2]: Warning: File 'rosidl_generator_c/custom_interfaces/srv/detail/target_turtle_info__functions.h' has modification time 8.5 s in the future
[1.781s] [ 55%] [32mBuilding CXX object CMakeFiles/custom_interfaces__rosidl_typesupport_fastrtps_cpp.dir/rosidl_typesupport_fastrtps_cpp/custom_interfaces/srv/detail/dds_fastrtps/target_turtle_info__type_support.cpp.o[0m
[1.801s] [ 58%] [32m[1mLinking C shared library libcustom_interfaces__rosidl_typesupport_introspection_c.so[0m
[1.820s] [ 61%] [32m[1mLinking CXX shared library libcustom_interfaces__rosidl_typesupport_c.so[0m
[1.911s] gmake[2]: warning:  Clock skew detected.  Your build may be incomplete.
[1.918s] [ 61%] Built target custom_interfaces__rosidl_typesupport_introspection_c
[1.931s] gmake[2]: warning:  Clock skew detected.  Your build may be incomplete.
[1.938s] [ 61%] Built target custom_interfaces__rosidl_typesupport_c
[2.082s] [ 64%] [32m[1mLinking CXX shared library libcustom_interfaces__rosidl_typesupport_cpp.so[0m
[2.095s] [ 67%] [32m[1mLinking CXX shared library libcustom_interfaces__rosidl_typesupport_introspection_cpp.so[0m
[2.153s] [ 70%] [32m[1mLinking CXX shared library libcustom_interfaces__rosidl_typesupport_fastrtps_c.so[0m
[2.199s] gmake[2]: warning:  Clock skew detected.  Your build may be incomplete.
[2.205s] [ 70%] Built target custom_interfaces__rosidl_typesupport_cpp
[2.218s] gmake[2]: warning:  Clock skew detected.  Your build may be incomplete.
[2.224s] [ 70%] Built target custom_interfaces__rosidl_typesupport_introspection_cpp
[2.234s] [ 73%] [32m[1mLinking CXX shared library libcustom_interfaces__rosidl_typesupport_fastrtps_cpp.so[0m
[2.266s] gmake[2]: warning:  Clock skew detected.  Your build may be incomplete.
[2.272s] [ 73%] Built target custom_interfaces__rosidl_typesupport_fastrtps_c
[2.329s] gmake[2]: warning:  Clock skew detected.  Your build may be incomplete.
[2.335s] [ 73%] Built target custom_interfaces__rosidl_typesupport_fastrtps_cpp
[2.349s] [ 73%] Built target custom_interfaces
[2.362s] [ 76%] [34m[1mGenerating Python code for ROS interfaces[0m
[2.577s] [ 76%] Built target custom_interfaces__py
[2.587s] gmake[2]: Warning: File 'rosidl_generator_c/custom_interfaces/srv/detail/target_turtle_info__functions.h' has modification time 7.7 s in the future
[2.593s] [ 79%] [32mBuilding C object CMakeFiles/custom_interfaces__rosidl_generator_py.dir/rosidl_generator_py/custom_interfaces/srv/_target_turtle_info_s.c.o[0m
[2.727s] [ 82%] [32m[1mLinking C shared library libcustom_interfaces__rosidl_generator_py.so[0m
[2.801s] gmake[2]: warning:  Clock skew detected.  Your build may be incomplete.
[2.807s] [ 82%] Built target custom_interfaces__rosidl_generator_py
[2.817s] gmake[2]: Warning: File 'rosidl_generator_c/custom_interfaces/srv/detail/target_turtle_info__functions.h' has modification time 7.4 s in the future
[2.817s] gmake[2]: Warning: File 'rosidl_generator_c/custom_interfaces/srv/detail/target_turtle_info__functions.h' has modification time 7.4 s in the future
[2.819s] gmake[2]: Warning: File 'rosidl_generator_c/custom_interfaces/srv/detail/target_turtle_info__functions.h' has modification time 7.4 s in the future
[2.823s] [ 85%] [32mBuilding C object CMakeFiles/custom_interfaces_s__rosidl_typesupport_fastrtps_c.dir/rosidl_generator_py/custom_interfaces/_custom_interfaces_s.ep.rosidl_typesupport_fastrtps_c.c.o[0m
[2.823s] [ 88%] [32mBuilding C object CMakeFiles/custom_interfaces_s__rosidl_typesupport_introspection_c.dir/rosidl_generator_py/custom_interfaces/_custom_interfaces_s.ep.rosidl_typesupport_introspection_c.c.o[0m
[2.824s] [ 91%] [32mBuilding C object CMakeFiles/custom_interfaces_s__rosidl_typesupport_c.dir/rosidl_generator_py/custom_interfaces/_custom_interfaces_s.ep.rosidl_typesupport_c.c.o[0m
[2.890s] [ 97%] [32m[1mLinking C shared module rosidl_generator_py/custom_interfaces/custom_interfaces_s__rosidl_typesupport_c.so[0m
[2.890s] [ 97%] [32m[1mLinking C shared module rosidl_generator_py/custom_interfaces/custom_interfaces_s__rosidl_typesupport_introspection_c.so[0m
[2.893s] [100%] [32m[1mLinking C shared module rosidl_generator_py/custom_interfaces/custom_interfaces_s__rosidl_typesupport_fastrtps_c.so[0m
[2.938s] gmake[2]: warning:  Clock skew detected.  Your build may be incomplete.
[2.938s] gmake[2]: warning:  Clock skew detected.  Your build may be incomplete.
[2.943s] [100%] Built target custom_interfaces_s__rosidl_typesupport_c
[2.943s] [100%] Built target custom_interfaces_s__rosidl_typesupport_introspection_c
[2.963s] gmake[2]: warning:  Clock skew detected.  Your build may be incomplete.
[2.969s] [100%] Built target custom_interfaces_s__rosidl_typesupport_fastrtps_c
[2.977s] Invoked command in '/home/ros/ros2_ws/build/custom_interfaces' returned '0': CMAKE_PREFIX_PATH=${CMAKE_PREFIX_PATH}:/opt/ros/jazzy /usr/bin/cmake --build /home/ros/ros2_ws/build/custom_interfaces -- -j22 -l22
[2.984s] Invoking command in '/home/ros/ros2_ws/build/custom_interfaces': CMAKE_PREFIX_PATH=${CMAKE_PREFIX_PATH}:/opt/ros/jazzy /usr/bin/cmake --install /home/ros/ros2_ws/build/custom_interfaces
[2.990s] -- Install configuration: ""
[2.990s] -- Up-to-date: /home/ros/ros2_ws/install/custom_interfaces/share/ament_index/resource_index/rosidl_interfaces/custom_interfaces
[2.991s] -- Installing: /home/ros/ros2_ws/install/custom_interfaces/share/custom_interfaces/srv/TargetTurtleInfo.json
[2.991s] -- Up-to-date: /home/ros/ros2_ws/install/custom_interfaces/include/custom_interfaces/custom_interfaces
[2.991s] -- Up-to-date: /home/ros/ros2_ws/install/custom_interfaces/include/custom_interfaces/custom_interfaces/srv
[2.991s] -- Up-to-date: /home/ros/ros2_ws/install/custom_interfaces/include/custom_interfaces/custom_interfaces/srv/detail
[2.991s] -- Installing: /home/ros/ros2_ws/install/custom_interfaces/include/custom_interfaces/custom_interfaces/srv/detail/target_turtle_info__type_support.h
[2.991s] -- Installing: /home/ros/ros2_ws/install/custom_interfaces/include/custom_interfaces/custom_interfaces/srv/detail/target_turtle_info__functions.c
[2.991s] -- Installing: /home/ros/ros2_ws/install/custom_interfaces/include/custom_interfaces/custom_interfaces/srv/detail/target_turtle_info__struct.h
[2.991s] -- Installing: /home/ros/ros2_ws/install/custom_interfaces/include/custom_interfaces/custom_interfaces/srv/detail/target_turtle_info__functions.h
[2.992s] -- Installing: /home/ros/ros2_ws/install/custom_interfaces/include/custom_interfaces/custom_interfaces/srv/detail/target_turtle_info__description.c
[2.992s] -- Installing: /home/ros/ros2_ws/install/custom_interfaces/include/custom_interfaces/custom_interfaces/srv/detail/target_turtle_info__type_support.c
[2.992s] -- Installing: /home/ros/ros2_ws/install/custom_interfaces/include/custom_interfaces/custom_interfaces/srv/target_turtle_info.h
[2.992s] -- Up-to-date: /home/ros/ros2_ws/install/custom_interfaces/include/custom_interfaces/custom_interfaces/msg
[2.992s] -- Up-to-date: /home/ros/ros2_ws/install/custom_interfaces/include/custom_interfaces/custom_interfaces/msg/rosidl_generator_c__visibility_control.h
[2.992s] -- Up-to-date: /home/ros/ros2_ws/install/custom_interfaces/share/custom_interfaces/environment/library_path.sh
[2.992s] -- Up-to-date: /home/ros/ros2_ws/install/custom_interfaces/share/custom_interfaces/environment/library_path.dsv
[2.993s] -- Installing: /home/ros/ros2_ws/install/custom_interfaces/lib/libcustom_interfaces__rosidl_generator_c.so
[2.993s] -- Set non-toolchain portion of runtime path of "/home/ros/ros2_ws/install/custom_interfaces/lib/libcustom_interfaces__rosidl_generator_c.so" to ""
[2.993s] -- Up-to-date: /home/ros/ros2_ws/install/custom_interfaces/include/custom_interfaces/custom_interfaces
[2.993s] -- Up-to-date: /home/ros/ros2_ws/install/custom_interfaces/include/custom_interfaces/custom_interfaces/srv
[2.993s] -- Up-to-date: /home/ros/ros2_ws/install/custom_interfaces/include/custom_interfaces/custom_interfaces/srv/detail
[2.994s] -- Installing: /home/ros/ros2_ws/install/custom_interfaces/include/custom_interfaces/custom_interfaces/srv/detail/target_turtle_info__rosidl_typesupport_fastrtps_c.h
[2.994s] -- Up-to-date: /home/ros/ros2_ws/install/custom_interfaces/include/custom_interfaces/custom_interfaces/msg
[2.994s] -- Up-to-date: /home/ros/ros2_ws/install/custom_interfaces/include/custom_interfaces/custom_interfaces/msg/rosidl_typesupport_fastrtps_c__visibility_control.h
[2.994s] -- Installing: /home/ros/ros2_ws/install/custom_interfaces/lib/libcustom_interfaces__rosidl_typesupport_fastrtps_c.so
[2.995s] -- Set non-toolchain portion of runtime path of "/home/ros/ros2_ws/install/custom_interfaces/lib/libcustom_interfaces__rosidl_typesupport_fastrtps_c.so" to ""
[2.995s] -- Up-to-date: /home/ros/ros2_ws/install/custom_interfaces/include/custom_interfaces/custom_interfaces
[2.995s] -- Up-to-date: /home/ros/ros2_ws/install/custom_interfaces/include/custom_interfaces/custom_interfaces/srv
[2.995s] -- Up-to-date: /home/ros/ros2_ws/install/custom_interfaces/include/custom_interfaces/custom_interfaces/srv/detail
[2.995s] -- Installing: /home/ros/ros2_ws/install/custom_interfaces/include/custom_interfaces/custom_interfaces/srv/detail/target_turtle_info__rosidl_typesupport_introspection_c.h
[2.995s] -- Installing: /home/ros/ros2_ws/install/custom_interfaces/include/custom_interfaces/custom_interfaces/srv/detail/target_turtle_info__type_support.c
[2.995s] -- Up-to-date: /home/ros/ros2_ws/install/custom_interfaces/include/custom_interfaces/custom_interfaces/msg
[2.996s] -- Up-to-date: /home/ros/ros2_ws/install/custom_interfaces/include/custom_interfaces/custom_interfaces/msg/rosidl_typesupport_introspection_c__visibility_control.h
[2.996s] -- Installing: /home/ros/ros2_ws/install/custom_interfaces/lib/libcustom_interfaces__rosidl_typesupport_introspection_c.so
[2.996s] -- Set non-toolchain portion of runtime path of "/home/ros/ros2_ws/install/custom_interfaces/lib/libcustom_interfaces__rosidl_typesupport_introspection_c.so" to ""
[2.997s] -- Installing: /home/ros/ros2_ws/install/custom_interfaces/lib/libcustom_interfaces__rosidl_typesupport_c.so
[2.997s] -- Set non-toolchain portion of runtime path of "/home/ros/ros2_ws/install/custom_interfaces/lib/libcustom_interfaces__rosidl_typesupport_c.so" to ""
[2.997s] -- Up-to-date: /home/ros/ros2_ws/install/custom_interfaces/include/custom_interfaces/custom_interfaces
[2.997s] -- Up-to-date: /home/ros/ros2_ws/install/custom_interfaces/include/custom_interfaces/custom_interfaces/srv
[2.997s] -- Installing: /home/ros/ros2_ws/install/custom_interfaces/include/custom_interfaces/custom_interfaces/srv/target_turtle_info.hpp
[2.998s] -- Up-to-date: /home/ros/ros2_ws/install/custom_interfaces/include/custom_interfaces/custom_interfaces/srv/detail
[2.998s] -- Installing: /home/ros/ros2_ws/install/custom_interfaces/include/custom_interfaces/custom_interfaces/srv/detail/target_turtle_info__type_support.hpp
[2.998s] -- Installing: /home/ros/ros2_ws/install/custom_interfaces/include/custom_interfaces/custom_interfaces/srv/detail/target_turtle_info__builder.hpp
[2.998s] -- Installing: /home/ros/ros2_ws/install/custom_interfaces/include/custom_interfaces/custom_interfaces/srv/detail/target_turtle_info__struct.hpp
[2.998s] -- Installing: /home/ros/ros2_ws/install/custom_interfaces/include/custom_interfaces/custom_interfaces/srv/detail/target_turtle_info__traits.hpp
[2.998s] -- Up-to-date: /home/ros/ros2_ws/install/custom_interfaces/include/custom_interfaces/custom_interfaces/msg
[2.998s] -- Installing: /home/ros/ros2_ws/install/custom_interfaces/include/custom_interfaces/custom_interfaces/msg/rosidl_generator_cpp__visibility_control.hpp
[2.998s] -- Up-to-date: /home/ros/ros2_ws/install/custom_interfaces/include/custom_interfaces/custom_interfaces
[2.999s] -- Up-to-date: /home/ros/ros2_ws/install/custom_interfaces/include/custom_interfaces/custom_interfaces/srv
[2.999s] -- Up-to-date: /home/ros/ros2_ws/install/custom_interfaces/include/custom_interfaces/custom_interfaces/srv/detail
[2.999s] -- Up-to-date: /home/ros/ros2_ws/install/custom_interfaces/include/custom_interfaces/custom_interfaces/srv/detail/dds_fastrtps
[2.999s] -- Installing: /home/ros/ros2_ws/install/custom_interfaces/include/custom_interfaces/custom_interfaces/srv/detail/target_turtle_info__rosidl_typesupport_fastrtps_cpp.hpp
[2.999s] -- Up-to-date: /home/ros/ros2_ws/install/custom_interfaces/include/custom_interfaces/custom_interfaces/msg
[2.999s] -- Up-to-date: /home/ros/ros2_ws/install/custom_interfaces/include/custom_interfaces/custom_interfaces/msg/rosidl_typesupport_fastrtps_cpp__visibility_control.h
[3.000s] -- Installing: /home/ros/ros2_ws/install/custom_interfaces/lib/libcustom_interfaces__rosidl_typesupport_fastrtps_cpp.so
[3.000s] -- Set non-toolchain portion of runtime path of "/home/ros/ros2_ws/install/custom_interfaces/lib/libcustom_interfaces__rosidl_typesupport_fastrtps_cpp.so" to ""
[3.000s] -- Up-to-date: /home/ros/ros2_ws/install/custom_interfaces/include/custom_interfaces/custom_interfaces
[3.001s] -- Up-to-date: /home/ros/ros2_ws/install/custom_interfaces/include/custom_interfaces/custom_interfaces/srv
[3.001s] -- Up-to-date: /home/ros/ros2_ws/install/custom_interfaces/include/custom_interfaces/custom_interfaces/srv/detail
[3.001s] -- Installing: /home/ros/ros2_ws/install/custom_interfaces/include/custom_interfaces/custom_interfaces/srv/detail/target_turtle_info__rosidl_typesupport_introspection_cpp.hpp
[3.001s] -- Installing: /home/ros/ros2_ws/install/custom_interfaces/include/custom_interfaces/custom_interfaces/srv/detail/target_turtle_info__type_support.cpp
[3.002s] -- Installing: /home/ros/ros2_ws/install/custom_interfaces/lib/libcustom_interfaces__rosidl_typesupport_introspection_cpp.so
[3.002s] -- Set non-toolchain portion of runtime path of "/home/ros/ros2_ws/install/custom_interfaces/lib/libcustom_interfaces__rosidl_typesupport_introspection_cpp.so" to ""
[3.003s] -- Installing: /home/ros/ros2_ws/install/custom_interfaces/lib/libcustom_interfaces__rosidl_typesupport_cpp.so
[3.003s] -- Set non-toolchain portion of runtime path of "/home/ros/ros2_ws/install/custom_interfaces/lib/libcustom_interfaces__rosidl_typesupport_cpp.so" to ""
[3.003s] -- Up-to-date: /home/ros/ros2_ws/install/custom_interfaces/share/custom_interfaces/environment/pythonpath.sh
[3.003s] -- Up-to-date: /home/ros/ros2_ws/install/custom_interfaces/share/custom_interfaces/environment/pythonpath.dsv
[3.003s] -- Up-to-date: /home/ros/ros2_ws/install/custom_interfaces/lib/python3.12/site-packages/custom_interfaces-0.0.0-py3.12.egg-info
[3.003s] -- Installing: /home/ros/ros2_ws/install/custom_interfaces/lib/python3.12/site-packages/custom_interfaces-0.0.0-py3.12.egg-info/PKG-INFO
[3.003s] -- Installing: /home/ros/ros2_ws/install/custom_interfaces/lib/python3.12/site-packages/custom_interfaces-0.0.0-py3.12.egg-info/top_level.txt
[3.004s] -- Installing: /home/ros/ros2_ws/install/custom_interfaces/lib/python3.12/site-packages/custom_interfaces-0.0.0-py3.12.egg-info/dependency_links.txt
[3.004s] -- Installing: /home/ros/ros2_ws/install/custom_interfaces/lib/python3.12/site-packages/custom_interfaces-0.0.0-py3.12.egg-info/SOURCES.txt
[3.004s] -- Up-to-date: /home/ros/ros2_ws/install/custom_interfaces/lib/python3.12/site-packages/custom_interfaces
[3.004s] -- Installing: /home/ros/ros2_ws/install/custom_interfaces/lib/python3.12/site-packages/custom_interfaces/_custom_interfaces_s.ep.rosidl_typesupport_fastrtps_c.c
[3.004s] -- Installing: /home/ros/ros2_ws/install/custom_interfaces/lib/python3.12/site-packages/custom_interfaces/custom_interfaces_s__rosidl_typesupport_introspection_c.so
[3.004s] -- Installing: /home/ros/ros2_ws/install/custom_interfaces/lib/python3.12/site-packages/custom_interfaces/custom_interfaces_s__rosidl_typesupport_fastrtps_c.so
[3.004s] -- Installing: /home/ros/ros2_ws/install/custom_interfaces/lib/python3.12/site-packages/custom_interfaces/_custom_interfaces_s.ep.rosidl_typesupport_introspection_c.c
[3.004s] -- Installing: /home/ros/ros2_ws/install/custom_interfaces/lib/python3.12/site-packages/custom_interfaces/__init__.py
[3.004s] -- Installing: /home/ros/ros2_ws/install/custom_interfaces/lib/python3.12/site-packages/custom_interfaces/custom_interfaces_s__rosidl_typesupport_c.so
[3.004s] -- Up-to-date: /home/ros/ros2_ws/install/custom_interfaces/lib/python3.12/site-packages/custom_interfaces/srv
[3.005s] -- Installing: /home/ros/ros2_ws/install/custom_interfaces/lib/python3.12/site-packages/custom_interfaces/srv/_target_turtle_info_s.c
[3.005s] -- Installing: /home/ros/ros2_ws/install/custom_interfaces/lib/python3.12/site-packages/custom_interfaces/srv/_target_turtle_info.py
[3.005s] -- Installing: /home/ros/ros2_ws/install/custom_interfaces/lib/python3.12/site-packages/custom_interfaces/srv/__init__.py
[3.005s] -- Installing: /home/ros/ros2_ws/install/custom_interfaces/lib/python3.12/site-packages/custom_interfaces/_custom_interfaces_s.ep.rosidl_typesupport_c.c
[3.035s] Listing '/home/ros/ros2_ws/install/custom_interfaces/lib/python3.12/site-packages/custom_interfaces'...
[3.035s] Compiling '/home/ros/ros2_ws/install/custom_interfaces/lib/python3.12/site-packages/custom_interfaces/__init__.py'...
[3.035s] Listing '/home/ros/ros2_ws/install/custom_interfaces/lib/python3.12/site-packages/custom_interfaces/srv'...
[3.035s] Compiling '/home/ros/ros2_ws/install/custom_interfaces/lib/python3.12/site-packages/custom_interfaces/srv/__init__.py'...
[3.035s] Compiling '/home/ros/ros2_ws/install/custom_interfaces/lib/python3.12/site-packages/custom_interfaces/srv/_target_turtle_info.py'...
[3.040s] -- Installing: /home/ros/ros2_ws/install/custom_interfaces/lib/python3.12/site-packages/custom_interfaces/custom_interfaces_s__rosidl_typesupport_fastrtps_c.so
[3.040s] -- Set non-toolchain portion of runtime path of "/home/ros/ros2_ws/install/custom_interfaces/lib/python3.12/site-packages/custom_interfaces/custom_interfaces_s__rosidl_typesupport_fastrtps_c.so" to ""
[3.041s] -- Installing: /home/ros/ros2_ws/install/custom_interfaces/lib/python3.12/site-packages/custom_interfaces/custom_interfaces_s__rosidl_typesupport_introspection_c.so
[3.041s] -- Set non-toolchain portion of runtime path of "/home/ros/ros2_ws/install/custom_interfaces/lib/python3.12/site-packages/custom_interfaces/custom_interfaces_s__rosidl_typesupport_introspection_c.so" to ""
[3.041s] -- Installing: /home/ros/ros2_ws/install/custom_interfaces/lib/python3.12/site-packages/custom_interfaces/custom_interfaces_s__rosidl_typesupport_c.so
[3.041s] -- Set non-toolchain portion of runtime path of "/home/ros/ros2_ws/install/custom_interfaces/lib/python3.12/site-packages/custom_interfaces/custom_interfaces_s__rosidl_typesupport_c.so" to ""
[3.041s] -- Installing: /home/ros/ros2_ws/install/custom_interfaces/lib/libcustom_interfaces__rosidl_generator_py.so
[3.042s] -- Set non-toolchain portion of runtime path of "/home/ros/ros2_ws/install/custom_interfaces/lib/libcustom_interfaces__rosidl_generator_py.so" to ""
[3.042s] -- Installing: /home/ros/ros2_ws/install/custom_interfaces/share/custom_interfaces/srv/TargetTurtleInfo.idl
[3.042s] -- Installing: /home/ros/ros2_ws/install/custom_interfaces/share/custom_interfaces/srv/TargetTurtleInfo.srv
[3.042s] -- Up-to-date: /home/ros/ros2_ws/install/custom_interfaces/share/ament_index/resource_index/package_run_dependencies/custom_interfaces
[3.042s] -- Up-to-date: /home/ros/ros2_ws/install/custom_interfaces/share/ament_index/resource_index/parent_prefix_path/custom_interfaces
[3.042s] -- Up-to-date: /home/ros/ros2_ws/install/custom_interfaces/share/custom_interfaces/environment/ament_prefix_path.sh
[3.042s] -- Up-to-date: /home/ros/ros2_ws/install/custom_interfaces/share/custom_interfaces/environment/ament_prefix_path.dsv
[3.042s] -- Up-to-date: /home/ros/ros2_ws/install/custom_interfaces/share/custom_interfaces/environment/path.sh
[3.042s] -- Up-to-date: /home/ros/ros2_ws/install/custom_interfaces/share/custom_interfaces/environment/path.dsv
[3.043s] -- Up-to-date: /home/ros/ros2_ws/install/custom_interfaces/share/custom_interfaces/local_setup.bash
[3.043s] -- Up-to-date: /home/ros/ros2_ws/install/custom_interfaces/share/custom_interfaces/local_setup.sh
[3.043s] -- Up-to-date: /home/ros/ros2_ws/install/custom_interfaces/share/custom_interfaces/local_setup.zsh
[3.043s] -- Up-to-date: /home/ros/ros2_ws/install/custom_interfaces/share/custom_interfaces/local_setup.dsv
[3.043s] -- Installing: /home/ros/ros2_ws/install/custom_interfaces/share/custom_interfaces/package.dsv
[3.043s] -- Up-to-date: /home/ros/ros2_ws/install/custom_interfaces/share/ament_index/resource_index/packages/custom_interfaces
[3.043s] -- Up-to-date: /home/ros/ros2_ws/install/custom_interfaces/share/custom_interfaces/cmake/export_custom_interfaces__rosidl_generator_cExport.cmake
[3.044s] -- Up-to-date: /home/ros/ros2_ws/install/custom_interfaces/share/custom_interfaces/cmake/export_custom_interfaces__rosidl_generator_cExport-noconfig.cmake
[3.044s] -- Up-to-date: /home/ros/ros2_ws/install/custom_interfaces/share/custom_interfaces/cmake/export_custom_interfaces__rosidl_typesupport_fastrtps_cExport.cmake
[3.044s] -- Up-to-date: /home/ros/ros2_ws/install/custom_interfaces/share/custom_interfaces/cmake/export_custom_interfaces__rosidl_typesupport_fastrtps_cExport-noconfig.cmake
[3.044s] -- Up-to-date: /home/ros/ros2_ws/install/custom_interfaces/share/custom_interfaces/cmake/custom_interfaces__rosidl_typesupport_introspection_cExport.cmake
[3.044s] -- Up-to-date: /home/ros/ros2_ws/install/custom_interfaces/share/custom_interfaces/cmake/custom_interfaces__rosidl_typesupport_introspection_cExport-noconfig.cmake
[3.044s] -- Up-to-date: /home/ros/ros2_ws/install/custom_interfaces/share/custom_interfaces/cmake/custom_interfaces__rosidl_typesupport_cExport.cmake
[3.044s] -- Up-to-date: /home/ros/ros2_ws/install/custom_interfaces/share/custom_interfaces/cmake/custom_interfaces__rosidl_typesupport_cExport-noconfig.cmake
[3.044s] -- Up-to-date: /home/ros/ros2_ws/install/custom_interfaces/share/custom_interfaces/cmake/export_custom_interfaces__rosidl_generator_cppExport.cmake
[3.044s] -- Up-to-date: /home/ros/ros2_ws/install/custom_interfaces/share/custom_interfaces/cmake/export_custom_interfaces__rosidl_typesupport_fastrtps_cppExport.cmake
[3.045s] -- Up-to-date: /home/ros/ros2_ws/install/custom_interfaces/share/custom_interfaces/cmake/export_custom_interfaces__rosidl_typesupport_fastrtps_cppExport-noconfig.cmake
[3.045s] -- Up-to-date: /home/ros/ros2_ws/install/custom_interfaces/share/custom_interfaces/cmake/custom_interfaces__rosidl_typesupport_introspection_cppExport.cmake
[3.045s] -- Up-to-date: /home/ros/ros2_ws/install/custom_interfaces/share/custom_interfaces/cmake/custom_interfaces__rosidl_typesupport_introspection_cppExport-noconfig.cmake
[3.045s] -- Up-to-date: /home/ros/ros2_ws/install/custom_interfaces/share/custom_interfaces/cmake/custom_interfaces__rosidl_typesupport_cppExport.cmake
[3.045s] -- Up-to-date: /home/ros/ros2_ws/install/custom_interfaces/share/custom_interfaces/cmake/custom_interfaces__rosidl_typesupport_cppExport-noconfig.cmake
[3.045s] -- Up-to-date: /home/ros/ros2_ws/install/custom_interfaces/share/custom_interfaces/cmake/export_custom_interfaces__rosidl_generator_pyExport.cmake
[3.046s] -- Up-to-date: /home/ros/ros2_ws/install/custom_interfaces/share/custom_interfaces/cmake/export_custom_interfaces__rosidl_generator_pyExport-noconfig.cmake
[3.046s] -- Up-to-date: /home/ros/ros2_ws/install/custom_interfaces/share/custom_interfaces/cmake/rosidl_cmake-extras.cmake
[3.046s] -- Up-to-date: /home/ros/ros2_ws/install/custom_interfaces/share/custom_interfaces/cmake/ament_cmake_export_dependencies-extras.cmake
[3.046s] -- Up-to-date: /home/ros/ros2_ws/install/custom_interfaces/share/custom_interfaces/cmake/ament_cmake_export_include_directories-extras.cmake
[3.046s] -- Up-to-date: /home/ros/ros2_ws/install/custom_interfaces/share/custom_interfaces/cmake/ament_cmake_export_libraries-extras.cmake
[3.046s] -- Up-to-date: /home/ros/ros2_ws/install/custom_interfaces/share/custom_interfaces/cmake/ament_cmake_export_targets-extras.cmake
[3.046s] -- Up-to-date: /home/ros/ros2_ws/install/custom_interfaces/share/custom_interfaces/cmake/rosidl_cmake_export_typesupport_targets-extras.cmake
[3.046s] -- Up-to-date: /home/ros/ros2_ws/install/custom_interfaces/share/custom_interfaces/cmake/rosidl_cmake_export_typesupport_libraries-extras.cmake
[3.046s] -- Up-to-date: /home/ros/ros2_ws/install/custom_interfaces/share/custom_interfaces/cmake/custom_interfacesConfig.cmake
[3.046s] -- Up-to-date: /home/ros/ros2_ws/install/custom_interfaces/share/custom_interfaces/cmake/custom_interfacesConfig-version.cmake
[3.046s] -- Up-to-date: /home/ros/ros2_ws/install/custom_interfaces/share/custom_interfaces/package.xml
[3.047s] Invoked command in '/home/ros/ros2_ws/build/custom_interfaces' returned '0': CMAKE_PREFIX_PATH=${CMAKE_PREFIX_PATH}:/opt/ros/jazzy /usr/bin/cmake --install /home/ros/ros2_ws/build/custom_interfaces
