-- Found ament_cmake: 2.5.4 (/opt/ros/jazzy/share/ament_cmake/cmake)
-- Found rclcpp: 28.1.12 (/opt/ros/jazzy/share/rclcpp/cmake)
-- Found rosidl_generator_c: 4.6.6 (/opt/ros/jazzy/share/rosidl_generator_c/cmake)
-- Found rosidl_generator_cpp: 4.6.6 (/opt/ros/jazzy/share/rosidl_generator_cpp/cmake)
-- Using all available rosidl_typesupport_c: rosidl_typesupport_fastrtps_c;rosidl_typesupport_introspection_c
-- Using all available rosidl_typesupport_cpp: rosidl_typesupport_fastrtps_cpp;rosidl_typesupport_introspection_cpp
-- Found rmw_implementation_cmake: 7.3.2 (/opt/ros/jazzy/share/rmw_implementation_cmake/cmake)
-- Found rmw_fastrtps_cpp: 8.4.3 (/opt/ros/jazzy/share/rmw_fastrtps_cpp/cmake)
-- Using RMW implementation 'rmw_fastrtps_cpp' as default
-- Found turtlesim: 1.8.3 (/opt/ros/jazzy/share/turtlesim/cmake)
-- Found example_interfaces: 0.12.0 (/opt/ros/jazzy/share/example_interfaces/cmake)
-- Found geometry_msgs: 5.3.6 (/opt/ros/jazzy/share/geometry_msgs/cmake)
-- Found custom_interfaces: 0.0.0 (/home/ros/ros2_ws/install/custom_interfaces/share/custom_interfaces/cmake)
-- Configuring done (1.0s)
-- Generating done (0.0s)
-- Build files have been written to: /home/ros/ros2_ws/build/turtle_save_pkg
[ 25%] [32mBuilding CXX object CMakeFiles/turtlespawn_node.dir/src/turtlespawnnode.cpp.o[0m
[ 50%] [32mBuilding CXX object CMakeFiles/turtlecontrol_node.dir/src/turtlecontrolnode.cpp.o[0m
[ 75%] [32m[1mLinking CXX executable turtlecontrol_node[0m
[ 75%] Built target turtlecontrol_node
