[0.082s] Invoking command in '/home/ros/ros2_ws/build/turtle_save_pkg': CMAKE_PREFIX_PATH=/home/ros/ros2_ws/install/custom_interfaces:/home/ros/ros2_ws/install/turtle_save_pkg:/home/ros/ros2_ws/install/my_robot_interfaces:/home/ros/ros2_ws/install/my_cpp_pkg:/opt/ros/jazzy/opt/gz_math_vendor:/opt/ros/jazzy/opt/gz_utils_vendor:/opt/ros/jazzy/opt/gz_cmake_vendor:/opt/ros/jazzy LD_LIBRARY_PATH=/home/ros/ros2_ws/install/custom_interfaces/lib:/home/ros/ros2_ws/install/my_robot_interfaces/lib:/opt/ros/jazzy/opt/rviz_ogre_vendor/lib:/opt/ros/jazzy/lib/x86_64-linux-gnu:/opt/ros/jazzy/opt/gz_math_vendor/lib:/opt/ros/jazzy/opt/gz_utils_vendor/lib:/opt/ros/jazzy/opt/gz_cmake_vendor/lib:/opt/ros/jazzy/lib PYTHONPATH=/home/ros/ros2_ws/install/custom_interfaces/lib/python3.12/site-packages:/home/ros/ros2_ws/install/my_robot_interfaces/lib/python3.12/site-packages:/opt/ros/jazzy/lib/python3.12/site-packages /usr/bin/cmake --build /home/ros/ros2_ws/build/turtle_save_pkg -- -j22 -l22
[0.124s] [ 50%] Built target turtlespawn_node
[0.124s] [ 75%] [32mBuilding CXX object CMakeFiles/turtlecontrol_node.dir/src/turtlecontrolnode.cpp.o[0m
[8.473s] [100%] [32m[1mLinking CXX executable turtlecontrol_node[0m
[8.872s] [100%] Built target turtlecontrol_node
[8.879s] Invoked command in '/home/ros/ros2_ws/build/turtle_save_pkg' returned '0': CMAKE_PREFIX_PATH=/home/ros/ros2_ws/install/custom_interfaces:/home/ros/ros2_ws/install/turtle_save_pkg:/home/ros/ros2_ws/install/my_robot_interfaces:/home/ros/ros2_ws/install/my_cpp_pkg:/opt/ros/jazzy/opt/gz_math_vendor:/opt/ros/jazzy/opt/gz_utils_vendor:/opt/ros/jazzy/opt/gz_cmake_vendor:/opt/ros/jazzy LD_LIBRARY_PATH=/home/ros/ros2_ws/install/custom_interfaces/lib:/home/ros/ros2_ws/install/my_robot_interfaces/lib:/opt/ros/jazzy/opt/rviz_ogre_vendor/lib:/opt/ros/jazzy/lib/x86_64-linux-gnu:/opt/ros/jazzy/opt/gz_math_vendor/lib:/opt/ros/jazzy/opt/gz_utils_vendor/lib:/opt/ros/jazzy/opt/gz_cmake_vendor/lib:/opt/ros/jazzy/lib PYTHONPATH=/home/ros/ros2_ws/install/custom_interfaces/lib/python3.12/site-packages:/home/ros/ros2_ws/install/my_robot_interfaces/lib/python3.12/site-packages:/opt/ros/jazzy/lib/python3.12/site-packages /usr/bin/cmake --build /home/ros/ros2_ws/build/turtle_save_pkg -- -j22 -l22
[8.888s] Invoking command in '/home/ros/ros2_ws/build/turtle_save_pkg': CMAKE_PREFIX_PATH=/home/ros/ros2_ws/install/custom_interfaces:/home/ros/ros2_ws/install/turtle_save_pkg:/home/ros/ros2_ws/install/my_robot_interfaces:/home/ros/ros2_ws/install/my_cpp_pkg:/opt/ros/jazzy/opt/gz_math_vendor:/opt/ros/jazzy/opt/gz_utils_vendor:/opt/ros/jazzy/opt/gz_cmake_vendor:/opt/ros/jazzy LD_LIBRARY_PATH=/home/ros/ros2_ws/install/custom_interfaces/lib:/home/ros/ros2_ws/install/my_robot_interfaces/lib:/opt/ros/jazzy/opt/rviz_ogre_vendor/lib:/opt/ros/jazzy/lib/x86_64-linux-gnu:/opt/ros/jazzy/opt/gz_math_vendor/lib:/opt/ros/jazzy/opt/gz_utils_vendor/lib:/opt/ros/jazzy/opt/gz_cmake_vendor/lib:/opt/ros/jazzy/lib PYTHONPATH=/home/ros/ros2_ws/install/custom_interfaces/lib/python3.12/site-packages:/home/ros/ros2_ws/install/my_robot_interfaces/lib/python3.12/site-packages:/opt/ros/jazzy/lib/python3.12/site-packages /usr/bin/cmake --install /home/ros/ros2_ws/build/turtle_save_pkg
[8.896s] -- Install configuration: ""
[8.898s] -- Up-to-date: /home/ros/ros2_ws/install/turtle_save_pkg/lib/turtle_save_pkg/turtlespawn_node
[8.900s] -- Installing: /home/ros/ros2_ws/install/turtle_save_pkg/lib/turtle_save_pkg/turtlecontrol_node
[8.905s] -- Set non-toolchain portion of runtime path of "/home/ros/ros2_ws/install/turtle_save_pkg/lib/turtle_save_pkg/turtlecontrol_node" to ""
[8.905s] -- Up-to-date: /home/ros/ros2_ws/install/turtle_save_pkg/share/ament_index/resource_index/package_run_dependencies/turtle_save_pkg
[8.905s] -- Up-to-date: /home/ros/ros2_ws/install/turtle_save_pkg/share/ament_index/resource_index/parent_prefix_path/turtle_save_pkg
[8.906s] -- Up-to-date: /home/ros/ros2_ws/install/turtle_save_pkg/share/turtle_save_pkg/environment/ament_prefix_path.sh
[8.906s] -- Up-to-date: /home/ros/ros2_ws/install/turtle_save_pkg/share/turtle_save_pkg/environment/ament_prefix_path.dsv
[8.906s] -- Up-to-date: /home/ros/ros2_ws/install/turtle_save_pkg/share/turtle_save_pkg/environment/path.sh
[8.906s] -- Up-to-date: /home/ros/ros2_ws/install/turtle_save_pkg/share/turtle_save_pkg/environment/path.dsv
[8.906s] -- Up-to-date: /home/ros/ros2_ws/install/turtle_save_pkg/share/turtle_save_pkg/local_setup.bash
[8.906s] -- Up-to-date: /home/ros/ros2_ws/install/turtle_save_pkg/share/turtle_save_pkg/local_setup.sh
[8.906s] -- Up-to-date: /home/ros/ros2_ws/install/turtle_save_pkg/share/turtle_save_pkg/local_setup.zsh
[8.906s] -- Up-to-date: /home/ros/ros2_ws/install/turtle_save_pkg/share/turtle_save_pkg/local_setup.dsv
[8.906s] -- Installing: /home/ros/ros2_ws/install/turtle_save_pkg/share/turtle_save_pkg/package.dsv
[8.907s] -- Up-to-date: /home/ros/ros2_ws/install/turtle_save_pkg/share/ament_index/resource_index/packages/turtle_save_pkg
[8.907s] -- Up-to-date: /home/ros/ros2_ws/install/turtle_save_pkg/share/turtle_save_pkg/cmake/turtle_save_pkgConfig.cmake
[8.907s] -- Up-to-date: /home/ros/ros2_ws/install/turtle_save_pkg/share/turtle_save_pkg/cmake/turtle_save_pkgConfig-version.cmake
[8.908s] -- Up-to-date: /home/ros/ros2_ws/install/turtle_save_pkg/share/turtle_save_pkg/package.xml
[8.909s] Invoked command in '/home/ros/ros2_ws/build/turtle_save_pkg' returned '0': CMAKE_PREFIX_PATH=/home/ros/ros2_ws/install/custom_interfaces:/home/ros/ros2_ws/install/turtle_save_pkg:/home/ros/ros2_ws/install/my_robot_interfaces:/home/ros/ros2_ws/install/my_cpp_pkg:/opt/ros/jazzy/opt/gz_math_vendor:/opt/ros/jazzy/opt/gz_utils_vendor:/opt/ros/jazzy/opt/gz_cmake_vendor:/opt/ros/jazzy LD_LIBRARY_PATH=/home/ros/ros2_ws/install/custom_interfaces/lib:/home/ros/ros2_ws/install/my_robot_interfaces/lib:/opt/ros/jazzy/opt/rviz_ogre_vendor/lib:/opt/ros/jazzy/lib/x86_64-linux-gnu:/opt/ros/jazzy/opt/gz_math_vendor/lib:/opt/ros/jazzy/opt/gz_utils_vendor/lib:/opt/ros/jazzy/opt/gz_cmake_vendor/lib:/opt/ros/jazzy/lib PYTHONPATH=/home/ros/ros2_ws/install/custom_interfaces/lib/python3.12/site-packages:/home/ros/ros2_ws/install/my_robot_interfaces/lib/python3.12/site-packages:/opt/ros/jazzy/lib/python3.12/site-packages /usr/bin/cmake --install /home/ros/ros2_ws/build/turtle_save_pkg
