[0.013s] Invoking command in '/home/ros/ros2_ws/build/turtle_save_pkg': CMAKE_PREFIX_PATH=${CMAKE_PREFIX_PATH}:/opt/ros/jazzy /usr/bin/cmake --build /home/ros/ros2_ws/build/turtle_save_pkg -- -j22 -l22
[0.097s] -- Found ament_cmake: 2.5.4 (/opt/ros/jazzy/share/ament_cmake/cmake)
[0.297s] -- Found rclcpp: 28.1.12 (/opt/ros/jazzy/share/rclcpp/cmake)
[0.421s] -- Found rosidl_generator_c: 4.6.6 (/opt/ros/jazzy/share/rosidl_generator_c/cmake)
[0.432s] -- Found rosidl_generator_cpp: 4.6.6 (/opt/ros/jazzy/share/rosidl_generator_cpp/cmake)
[0.449s] -- Using all available rosidl_typesupport_c: rosidl_typesupport_fastrtps_c;rosidl_typesupport_introspection_c
[0.464s] -- Using all available rosidl_typesupport_cpp: rosidl_typesupport_fastrtps_cpp;rosidl_typesupport_introspection_cpp
[0.535s] -- Found rmw_implementation_cmake: 7.3.2 (/opt/ros/jazzy/share/rmw_implementation_cmake/cmake)
[0.538s] -- Found rmw_fastrtps_cpp: 8.4.3 (/opt/ros/jazzy/share/rmw_fastrtps_cpp/cmake)
[0.717s] -- Using RMW implementation 'rmw_fastrtps_cpp' as default
[0.893s] -- Found turtlesim: 1.8.3 (/opt/ros/jazzy/share/turtlesim/cmake)
[1.035s] -- Configuring done (1.0s)
[1.051s] -- Generating done (0.0s)
[1.057s] -- Build files have been written to: /home/ros/ros2_ws/build/turtle_save_pkg
[1.095s] [ 50%] [32mBuilding CXX object CMakeFiles/turtlespawn_node.dir/src/turtlespawnnode.cpp.o[0m
[3.949s] [100%] [32m[1mLinking CXX executable turtlespawn_node[0m
[4.132s] [100%] Built target turtlespawn_node
[4.141s] Invoked command in '/home/ros/ros2_ws/build/turtle_save_pkg' returned '0': CMAKE_PREFIX_PATH=${CMAKE_PREFIX_PATH}:/opt/ros/jazzy /usr/bin/cmake --build /home/ros/ros2_ws/build/turtle_save_pkg -- -j22 -l22
[4.149s] Invoking command in '/home/ros/ros2_ws/build/turtle_save_pkg': CMAKE_PREFIX_PATH=${CMAKE_PREFIX_PATH}:/opt/ros/jazzy /usr/bin/cmake --install /home/ros/ros2_ws/build/turtle_save_pkg
[4.155s] -- Install configuration: ""
[4.155s] -- Installing: /home/ros/ros2_ws/install/turtle_save_pkg/lib/turtle_save_pkg/turtlespawn_node
[4.155s] -- Set non-toolchain portion of runtime path of "/home/ros/ros2_ws/install/turtle_save_pkg/lib/turtle_save_pkg/turtlespawn_node" to ""
[4.155s] -- Installing: /home/ros/ros2_ws/install/turtle_save_pkg/share/ament_index/resource_index/package_run_dependencies/turtle_save_pkg
[4.156s] -- Installing: /home/ros/ros2_ws/install/turtle_save_pkg/share/ament_index/resource_index/parent_prefix_path/turtle_save_pkg
[4.157s] -- Up-to-date: /home/ros/ros2_ws/install/turtle_save_pkg/share/turtle_save_pkg/environment/ament_prefix_path.sh
[4.157s] -- Up-to-date: /home/ros/ros2_ws/install/turtle_save_pkg/share/turtle_save_pkg/environment/ament_prefix_path.dsv
[4.157s] -- Up-to-date: /home/ros/ros2_ws/install/turtle_save_pkg/share/turtle_save_pkg/environment/path.sh
[4.157s] -- Up-to-date: /home/ros/ros2_ws/install/turtle_save_pkg/share/turtle_save_pkg/environment/path.dsv
[4.157s] -- Up-to-date: /home/ros/ros2_ws/install/turtle_save_pkg/share/turtle_save_pkg/local_setup.bash
[4.157s] -- Up-to-date: /home/ros/ros2_ws/install/turtle_save_pkg/share/turtle_save_pkg/local_setup.sh
[4.157s] -- Up-to-date: /home/ros/ros2_ws/install/turtle_save_pkg/share/turtle_save_pkg/local_setup.zsh
[4.157s] -- Up-to-date: /home/ros/ros2_ws/install/turtle_save_pkg/share/turtle_save_pkg/local_setup.dsv
[4.157s] -- Installing: /home/ros/ros2_ws/install/turtle_save_pkg/share/turtle_save_pkg/package.dsv
[4.157s] -- Up-to-date: /home/ros/ros2_ws/install/turtle_save_pkg/share/ament_index/resource_index/packages/turtle_save_pkg
[4.157s] -- Up-to-date: /home/ros/ros2_ws/install/turtle_save_pkg/share/turtle_save_pkg/cmake/turtle_save_pkgConfig.cmake
[4.158s] -- Up-to-date: /home/ros/ros2_ws/install/turtle_save_pkg/share/turtle_save_pkg/cmake/turtle_save_pkgConfig-version.cmake
[4.158s] -- Installing: /home/ros/ros2_ws/install/turtle_save_pkg/share/turtle_save_pkg/package.xml
[4.159s] Invoked command in '/home/ros/ros2_ws/build/turtle_save_pkg' returned '0': CMAKE_PREFIX_PATH=${CMAKE_PREFIX_PATH}:/opt/ros/jazzy /usr/bin/cmake --install /home/ros/ros2_ws/build/turtle_save_pkg
