[0.018s] Invoking command in '/home/ros/ros2_ws/build/my_cpp_pkg': CMAKE_PREFIX_PATH=${CMAKE_PREFIX_PATH}:/opt/ros/jazzy /usr/bin/cmake --build /home/ros/ros2_ws/build/my_cpp_pkg -- -j22 -l22
[0.112s] -- Found ament_cmake: 2.5.4 (/opt/ros/jazzy/share/ament_cmake/cmake)
[0.302s] -- Found rclcpp: 28.1.12 (/opt/ros/jazzy/share/rclcpp/cmake)
[0.449s] -- Found rosidl_generator_c: 4.6.6 (/opt/ros/jazzy/share/rosidl_generator_c/cmake)
[0.460s] -- Found rosidl_generator_cpp: 4.6.6 (/opt/ros/jazzy/share/rosidl_generator_cpp/cmake)
[0.476s] -- Using all available rosidl_typesupport_c: rosidl_typesupport_fastrtps_c;rosidl_typesupport_introspection_c
[0.493s] -- Using all available rosidl_typesupport_cpp: rosidl_typesupport_fastrtps_cpp;rosidl_typesupport_introspection_cpp
[0.563s] -- Found rmw_implementation_cmake: 7.3.2 (/opt/ros/jazzy/share/rmw_implementation_cmake/cmake)
[0.566s] -- Found rmw_fastrtps_cpp: 8.4.3 (/opt/ros/jazzy/share/rmw_fastrtps_cpp/cmake)
[0.734s] -- Using RMW implementation 'rmw_fastrtps_cpp' as default
[0.879s] -- Found example_interfaces: 0.12.0 (/opt/ros/jazzy/share/example_interfaces/cmake)
[0.939s] -- Found ament_lint_auto: 0.17.3 (/opt/ros/jazzy/share/ament_lint_auto/cmake)
[1.022s] -- Added test 'cppcheck' to perform static code analysis on C / C++ code
[1.022s] -- Configured cppcheck include dirs: 
[1.022s] -- Configured cppcheck exclude dirs and/or files: 
[1.022s] -- Added test 'lint_cmake' to check CMake code style
[1.023s] -- Added test 'uncrustify' to check C / C++ code style
[1.023s] -- Configured uncrustify additional arguments: 
[1.024s] -- Added test 'xmllint' to check XML markup files
[1.027s] -- Configuring done (0.9s)
[1.045s] -- Generating done (0.0s)
[1.048s] -- Build files have been written to: /home/ros/ros2_ws/build/my_cpp_pkg
[1.083s] [ 25%] [32mBuilding CXX object CMakeFiles/number_publisher_node.dir/src/publisher.cpp.o[0m
[1.087s] [ 75%] Built target cpp_node
[1.114s] [01m[K/home/ros/ros2_ws/src/my_cpp_pkg/src/publisher.cpp:1:10:[m[K [01;31m[Kfatal error: [m[Krclcpp/rclcpp.hpp: No such file or directory
[1.114s]     1 | #include [01;31m[K"rclcpp/rclcpp.hpp"[m[K
[1.114s]       |          [01;31m[K^~~~~~~~~~~~~~~~~~~[m[K
[1.114s] compilation terminated.
[1.115s] gmake[2]: *** [CMakeFiles/number_publisher_node.dir/build.make:76: CMakeFiles/number_publisher_node.dir/src/publisher.cpp.o] Error 1
[1.115s] gmake[1]: *** [CMakeFiles/Makefile2:165: CMakeFiles/number_publisher_node.dir/all] Error 2
[1.116s] gmake: *** [Makefile:146: all] Error 2
[1.118s] Invoked command in '/home/ros/ros2_ws/build/my_cpp_pkg' returned '2': CMAKE_PREFIX_PATH=${CMAKE_PREFIX_PATH}:/opt/ros/jazzy /usr/bin/cmake --build /home/ros/ros2_ws/build/my_cpp_pkg -- -j22 -l22
