[01m[K/home/ros/ros2_ws/src/turtle_save_pkg/src/turtlespawnnode.cpp:28:5:[m[K [01;31m[Kerror: [m[K‘[01m[Kfloat32[m[K’ does not name a type; did you mean ‘[01m[K_Float32[m[K’?
   28 |     [01;31m[Kfloat32[m[K x, y, theta;
      |     [01;31m[K^~~~~~~[m[K
      |     [32m[K_Float32[m[K
[01m[K/home/ros/ros2_ws/src/turtle_save_pkg/src/turtlespawnnode.cpp:[m[K In member function ‘[01m[Kvoid TurtleSpawnNode::[01;32m[KCreateRandomTurtle[m[K()[m[K’:
[01m[K/home/ros/ros2_ws/src/turtle_save_pkg/src/turtlespawnnode.cpp:51:9:[m[K [01;31m[Kerror: [m[K‘[01m[Kx[m[K’ was not declared in this scope
   51 |         [01;31m[Kx[m[K = request->x;
      |         [01;31m[K^[m[K
[01m[K/home/ros/ros2_ws/src/turtle_save_pkg/src/turtlespawnnode.cpp:52:9:[m[K [01;31m[Kerror: [m[K‘[01m[Ky[m[K’ was not declared in this scope; did you mean ‘[01m[Kyn[m[K’?
   52 |         [01;31m[Ky[m[K = request->y;
      |         [01;31m[K^[m[K
      |         [32m[Kyn[m[K
[01m[K/home/ros/ros2_ws/src/turtle_save_pkg/src/turtlespawnnode.cpp:53:9:[m[K [01;31m[Kerror: [m[K‘[01m[Ktheta[m[K’ was not declared in this scope
   53 |         [01;31m[Ktheta[m[K = request->theta;
      |         [01;31m[K^~~~~[m[K
[01m[K/home/ros/ros2_ws/src/turtle_save_pkg/src/turtlespawnnode.cpp:[m[K In member function ‘[01m[Kvoid TurtleSpawnNode::[01;32m[KspawnCompleteCallBack[m[K(rclcpp::Client<turtlesim::srv::Spawn>::SharedFuture)[m[K’:
[01m[K/home/ros/ros2_ws/src/turtle_save_pkg/src/turtlespawnnode.cpp:65:15:[m[K [01;31m[Kerror: [m[K‘[01m[Kstruct custom_interfaces::srv::TargetTurtleInfo[m[K’ has no member named ‘[01m[Kx[m[K’
   65 |             t.[01;31m[Kx[m[K = x;
      |               [01;31m[K^[m[K
[01m[K/home/ros/ros2_ws/src/turtle_save_pkg/src/turtlespawnnode.cpp:65:19:[m[K [01;31m[Kerror: [m[K‘[01m[Kx[m[K’ was not declared in this scope
   65 |             t.x = [01;31m[Kx[m[K;
      |                   [01;31m[K^[m[K
[01m[K/home/ros/ros2_ws/src/turtle_save_pkg/src/turtlespawnnode.cpp:66:15:[m[K [01;31m[Kerror: [m[K‘[01m[Kstruct custom_interfaces::srv::TargetTurtleInfo[m[K’ has no member named ‘[01m[Ky[m[K’
   66 |             t.[01;31m[Ky[m[K = y;
      |               [01;31m[K^[m[K
[01m[K/home/ros/ros2_ws/src/turtle_save_pkg/src/turtlespawnnode.cpp:66:19:[m[K [01;31m[Kerror: [m[K‘[01m[Ky[m[K’ was not declared in this scope; did you mean ‘[01m[Kyn[m[K’?
   66 |             t.y = [01;31m[Ky[m[K;
      |                   [01;31m[K^[m[K
      |                   [32m[Kyn[m[K
[01m[K/home/ros/ros2_ws/src/turtle_save_pkg/src/turtlespawnnode.cpp:67:15:[m[K [01;31m[Kerror: [m[K‘[01m[Kstruct custom_interfaces::srv::TargetTurtleInfo[m[K’ has no member named ‘[01m[Ktheta[m[K’
   67 |             t.[01;31m[Ktheta[m[K = theta;
      |               [01;31m[K^~~~~[m[K
[01m[K/home/ros/ros2_ws/src/turtle_save_pkg/src/turtlespawnnode.cpp:67:23:[m[K [01;31m[Kerror: [m[K‘[01m[Ktheta[m[K’ was not declared in this scope
   67 |             t.theta = [01;31m[Ktheta[m[K;
      |                       [01;31m[K^~~~~[m[K
[01m[K/home/ros/ros2_ws/src/turtle_save_pkg/src/turtlespawnnode.cpp:68:15:[m[K [01;31m[Kerror: [m[K‘[01m[Kstruct custom_interfaces::srv::TargetTurtleInfo[m[K’ has no member named ‘[01m[Kname[m[K’
   68 |             t.[01;31m[Kname[m[K = turtle;
      |               [01;31m[K^~~~[m[K
[01m[K/home/ros/ros2_ws/src/turtle_save_pkg/src/turtlespawnnode.cpp:[m[K In member function ‘[01m[Kvoid TurtleSpawnNode::[01;32m[KHandleGetNextTurtleService[m[K(std::shared_ptr<custom_interfaces::srv::TargetTurtleInfo_Request_<std::allocator<void> > >, std::shared_ptr<custom_interfaces::srv::TargetTurtleInfo_Response_<std::allocator<void> > >)[m[K’:
[01m[K/home/ros/ros2_ws/src/turtle_save_pkg/src/turtlespawnnode.cpp:88:43:[m[K [01;31m[Kerror: [m[Kno match for ‘[01m[Koperator=[m[K’ (operand types are ‘[01m[Kcustom_interfaces::srv::TargetTurtleInfo_Response_<std::allocator<void> >::_name_type[m[K’ {aka ‘[01m[Kstd::__cxx11::basic_string<char>[m[K’} and ‘[01m[K__gnu_cxx::__alloc_traits<std::allocator<custom_interfaces::srv::TargetTurtleInfo>, custom_interfaces::srv::TargetTurtleInfo>::value_type[m[K’ {aka ‘[01m[Kcustom_interfaces::srv::TargetTurtleInfo[m[K’})
   88 |         response->name = turtleQueue.back([01;31m[K)[m[K;
      |                                           [01;31m[K^[m[K
In file included from [01m[K/usr/include/c++/13/string:54[m[K,
                 from [01m[K/opt/ros/jazzy/include/rclcpp/rclcpp/copy_all_parameter_values.hpp:18[m[K,
                 from [01m[K/opt/ros/jazzy/include/rclcpp/rclcpp/rclcpp.hpp:171[m[K,
                 from [01m[K/home/ros/ros2_ws/src/turtle_save_pkg/src/turtlespawnnode.cpp:1[m[K:
[01m[K/usr/include/c++/13/bits/basic_string.h:936:8:[m[K [01;36m[Knote: [m[Kcandidate: ‘[01m[Ktemplate<class _Tp> std::__cxx11::basic_string<_CharT, _Traits, _Alloc>::_If_sv<_Tp, std::__cxx11::basic_string<_CharT, _Traits, _Alloc>&> std::__cxx11::basic_string<_CharT, _Traits, _Alloc>::[01;32m[Koperator=[m[K(const _Tp&) [35m[K[with _CharT = char; _Traits = std::char_traits<char>; _Alloc = std::allocator<char>][m[K[m[K’
  936 |        [01;36m[Koperator[m[K=(const _Tp& __svt)
      |        [01;36m[K^~~~~~~~[m[K
[01m[K/usr/include/c++/13/bits/basic_string.h:936:8:[m[K [01;36m[Knote: [m[K  template argument deduction/substitution failed:
In file included from [01m[K/usr/include/c++/13/bits/move.h:37[m[K,
                 from [01m[K/usr/include/c++/13/bits/new_allocator.h:36[m[K,
                 from [01m[K/usr/include/x86_64-linux-gnu/c++/13/bits/c++allocator.h:33[m[K,
                 from [01m[K/usr/include/c++/13/bits/allocator.h:46[m[K,
                 from [01m[K/usr/include/c++/13/memory:65[m[K,
                 from [01m[K/opt/ros/jazzy/include/rclcpp/rclcpp/rclcpp.hpp:169[m[K:
/usr/include/c++/13/type_traits: In substitution of ‘[01m[Ktemplate<bool _Cond, class _Tp> using std::enable_if_t = typename std::enable_if::type [35m[K[with bool _Cond = false; _Tp = std::__cxx11::basic_string<char>&][m[K[m[K’:
[01m[K/usr/include/c++/13/bits/basic_string.h:144:8:[m[K   required by substitution of ‘[01m[Ktemplate<class _CharT, class _Traits, class _Alloc> template<class _Tp, class _Res> using std::__cxx11::basic_string<_CharT, _Traits, _Alloc>::_If_sv = std::enable_if_t<std::__and_<std::is_convertible<const _Tp&, std::basic_string_view<_CharT, _Traits> >, std::__not_<std::is_convertible<const _Tp*, const std::__cxx11::basic_string<_CharT, _Traits, _Alloc>*> >, std::__not_<std::is_convertible<const _Tp&, const _CharT*> > >::value, _Res> [35m[K[with _Tp = custom_interfaces::srv::TargetTurtleInfo; _Res = std::__cxx11::basic_string<char>&; _CharT = char; _Traits = std::char_traits<char>; _Alloc = std::allocator<char>][m[K[m[K’
[01m[K/usr/include/c++/13/bits/basic_string.h:936:8:[m[K   required by substitution of ‘[01m[Ktemplate<class _Tp> std::__cxx11::basic_string<char>::_If_sv<_Tp, std::__cxx11::basic_string<char>&> std::__cxx11::basic_string<char>::[01;32m[Koperator=[m[K(const _Tp&) [35m[K[with _Tp = custom_interfaces::srv::TargetTurtleInfo][m[K[m[K’
[01m[K/home/ros/ros2_ws/src/turtle_save_pkg/src/turtlespawnnode.cpp:88:43:[m[K   required from here
[01m[K/usr/include/c++/13/type_traits:2610:11:[m[K [01;31m[Kerror: [m[Kno type named ‘[01m[Ktype[m[K’ in ‘[01m[Kstruct std::enable_if<false, std::__cxx11::basic_string<char>&>[m[K’
 2610 |     using [01;31m[Kenable_if_t[m[K = typename enable_if<_Cond, _Tp>::type;
      |           [01;31m[K^~~~~~~~~~~[m[K
[01m[K/usr/include/c++/13/bits/basic_string.h:812:7:[m[K [01;36m[Knote: [m[Kcandidate: ‘[01m[Kstd::__cxx11::basic_string<_CharT, _Traits, _Alloc>& std::__cxx11::basic_string<_CharT, _Traits, _Alloc>::[01;32m[Koperator=[m[K(const std::__cxx11::basic_string<_CharT, _Traits, _Alloc>&) [35m[K[with _CharT = char; _Traits = std::char_traits<char>; _Alloc = std::allocator<char>][m[K[m[K’
  812 |       [01;36m[Koperator[m[K=(const basic_string& __str)
      |       [01;36m[K^~~~~~~~[m[K
[01m[K/usr/include/c++/13/bits/basic_string.h:812:37:[m[K [01;36m[Knote: [m[K  no known conversion for argument 1 from ‘[01m[K__gnu_cxx::__alloc_traits<std::allocator<custom_interfaces::srv::TargetTurtleInfo>, custom_interfaces::srv::TargetTurtleInfo>::value_type[m[K’ {aka ‘[01m[Kcustom_interfaces::srv::TargetTurtleInfo[m[K’} to ‘[01m[Kconst std::__cxx11::basic_string<char>&[m[K’
  812 |       operator=([01;36m[Kconst basic_string& __str[m[K)
      |                 [01;36m[K~~~~~~~~~~~~~~~~~~~~^~~~~[m[K
[01m[K/usr/include/c++/13/bits/basic_string.h:823:7:[m[K [01;36m[Knote: [m[Kcandidate: ‘[01m[Kstd::__cxx11::basic_string<_CharT, _Traits, _Alloc>& std::__cxx11::basic_string<_CharT, _Traits, _Alloc>::[01;32m[Koperator=[m[K(const _CharT*) [35m[K[with _CharT = char; _Traits = std::char_traits<char>; _Alloc = std::allocator<char>][m[K[m[K’
  823 |       [01;36m[Koperator[m[K=(const _CharT* __s)
      |       [01;36m[K^~~~~~~~[m[K
[01m[K/usr/include/c++/13/bits/basic_string.h:823:31:[m[K [01;36m[Knote: [m[K  no known conversion for argument 1 from ‘[01m[K__gnu_cxx::__alloc_traits<std::allocator<custom_interfaces::srv::TargetTurtleInfo>, custom_interfaces::srv::TargetTurtleInfo>::value_type[m[K’ {aka ‘[01m[Kcustom_interfaces::srv::TargetTurtleInfo[m[K’} to ‘[01m[Kconst char*[m[K’
  823 |       operator=([01;36m[Kconst _CharT* __s[m[K)
      |                 [01;36m[K~~~~~~~~~~~~~~^~~[m[K
[01m[K/usr/include/c++/13/bits/basic_string.h:835:7:[m[K [01;36m[Knote: [m[Kcandidate: ‘[01m[Kstd::__cxx11::basic_string<_CharT, _Traits, _Alloc>& std::__cxx11::basic_string<_CharT, _Traits, _Alloc>::[01;32m[Koperator=[m[K(_CharT) [35m[K[with _CharT = char; _Traits = std::char_traits<char>; _Alloc = std::allocator<char>][m[K[m[K’
  835 |       [01;36m[Koperator[m[K=(_CharT __c)
      |       [01;36m[K^~~~~~~~[m[K
[01m[K/usr/include/c++/13/bits/basic_string.h:835:24:[m[K [01;36m[Knote: [m[K  no known conversion for argument 1 from ‘[01m[K__gnu_cxx::__alloc_traits<std::allocator<custom_interfaces::srv::TargetTurtleInfo>, custom_interfaces::srv::TargetTurtleInfo>::value_type[m[K’ {aka ‘[01m[Kcustom_interfaces::srv::TargetTurtleInfo[m[K’} to ‘[01m[Kchar[m[K’
  835 |       operator=([01;36m[K_CharT __c[m[K)
      |                 [01;36m[K~~~~~~~^~~[m[K
[01m[K/usr/include/c++/13/bits/basic_string.h:853:7:[m[K [01;36m[Knote: [m[Kcandidate: ‘[01m[Kstd::__cxx11::basic_string<_CharT, _Traits, _Alloc>& std::__cxx11::basic_string<_CharT, _Traits, _Alloc>::[01;32m[Koperator=[m[K(std::__cxx11::basic_string<_CharT, _Traits, _Alloc>&&) [35m[K[with _CharT = char; _Traits = std::char_traits<char>; _Alloc = std::allocator<char>][m[K[m[K’
  853 |       [01;36m[Koperator[m[K=(basic_string&& __str)
      |       [01;36m[K^~~~~~~~[m[K
[01m[K/usr/include/c++/13/bits/basic_string.h:853:32:[m[K [01;36m[Knote: [m[K  no known conversion for argument 1 from ‘[01m[K__gnu_cxx::__alloc_traits<std::allocator<custom_interfaces::srv::TargetTurtleInfo>, custom_interfaces::srv::TargetTurtleInfo>::value_type[m[K’ {aka ‘[01m[Kcustom_interfaces::srv::TargetTurtleInfo[m[K’} to ‘[01m[Kstd::__cxx11::basic_string<char>&&[m[K’
  853 |       operator=([01;36m[Kbasic_string&& __str[m[K)
      |                 [01;36m[K~~~~~~~~~~~~~~~^~~~~[m[K
[01m[K/usr/include/c++/13/bits/basic_string.h:921:7:[m[K [01;36m[Knote: [m[Kcandidate: ‘[01m[Kstd::__cxx11::basic_string<_CharT, _Traits, _Alloc>& std::__cxx11::basic_string<_CharT, _Traits, _Alloc>::[01;32m[Koperator=[m[K(std::initializer_list<_Tp>) [35m[K[with _CharT = char; _Traits = std::char_traits<char>; _Alloc = std::allocator<char>][m[K[m[K’
  921 |       [01;36m[Koperator[m[K=(initializer_list<_CharT> __l)
      |       [01;36m[K^~~~~~~~[m[K
[01m[K/usr/include/c++/13/bits/basic_string.h:921:42:[m[K [01;36m[Knote: [m[K  no known conversion for argument 1 from ‘[01m[K__gnu_cxx::__alloc_traits<std::allocator<custom_interfaces::srv::TargetTurtleInfo>, custom_interfaces::srv::TargetTurtleInfo>::value_type[m[K’ {aka ‘[01m[Kcustom_interfaces::srv::TargetTurtleInfo[m[K’} to ‘[01m[Kstd::initializer_list<char>[m[K’
  921 |       operator=([01;36m[Kinitializer_list<_CharT> __l[m[K)
      |                 [01;36m[K~~~~~~~~~~~~~~~~~~~~~~~~~^~~[m[K
gmake[2]: *** [CMakeFiles/turtlespawn_node.dir/build.make:76: CMakeFiles/turtlespawn_node.dir/src/turtlespawnnode.cpp.o] Error 1
gmake[1]: *** [CMakeFiles/Makefile2:139: CMakeFiles/turtlespawn_node.dir/all] Error 2
gmake: *** [Makefile:146: all] Error 2
